000 (1877843.000.000) 07/19 14:51:29 Job submitted from host: <131.169.223.41:9618?addrs=131.169.223.41-9618+[2001-638-700-10df--1-29]-9618&noUDP&sock=schedd_499365_6ede_3>
...
000 (1877843.001.000) 07/19 14:51:29 Job submitted from host: <131.169.223.41:9618?addrs=131.169.223.41-9618+[2001-638-700-10df--1-29]-9618&noUDP&sock=schedd_499365_6ede_3>
...
000 (1877843.002.000) 07/19 14:51:29 Job submitted from host: <131.169.223.41:9618?addrs=131.169.223.41-9618+[2001-638-700-10df--1-29]-9618&noUDP&sock=schedd_499365_6ede_3>
...
000 (1877843.003.000) 07/19 14:51:29 Job submitted from host: <131.169.223.41:9618?addrs=131.169.223.41-9618+[2001-638-700-10df--1-29]-9618&noUDP&sock=schedd_499365_6ede_3>
...
000 (1877843.004.000) 07/19 14:51:29 Job submitted from host: <131.169.223.41:9618?addrs=131.169.223.41-9618+[2001-638-700-10df--1-29]-9618&noUDP&sock=schedd_499365_6ede_3>
...
000 (1877843.005.000) 07/19 14:51:29 Job submitted from host: <131.169.223.41:9618?addrs=131.169.223.41-9618+[2001-638-700-10df--1-29]-9618&noUDP&sock=schedd_499365_6ede_3>
...
000 (1877843.006.000) 07/19 14:51:29 Job submitted from host: <131.169.223.41:9618?addrs=131.169.223.41-9618+[2001-638-700-10df--1-29]-9618&noUDP&sock=schedd_499365_6ede_3>
...
000 (1877843.007.000) 07/19 14:51:29 Job submitted from host: <131.169.223.41:9618?addrs=131.169.223.41-9618+[2001-638-700-10df--1-29]-9618&noUDP&sock=schedd_499365_6ede_3>
...
000 (1877843.008.000) 07/19 14:51:29 Job submitted from host: <131.169.223.41:9618?addrs=131.169.223.41-9618+[2001-638-700-10df--1-29]-9618&noUDP&sock=schedd_499365_6ede_3>
...
000 (1877843.009.000) 07/19 14:51:29 Job submitted from host: <131.169.223.41:9618?addrs=131.169.223.41-9618+[2001-638-700-10df--1-29]-9618&noUDP&sock=schedd_499365_6ede_3>
...
000 (1877843.010.000) 07/19 14:51:29 Job submitted from host: <131.169.223.41:9618?addrs=131.169.223.41-9618+[2001-638-700-10df--1-29]-9618&noUDP&sock=schedd_499365_6ede_3>
...
000 (1877843.011.000) 07/19 14:51:29 Job submitted from host: <131.169.223.41:9618?addrs=131.169.223.41-9618+[2001-638-700-10df--1-29]-9618&noUDP&sock=schedd_499365_6ede_3>
...
000 (1877843.012.000) 07/19 14:51:29 Job submitted from host: <131.169.223.41:9618?addrs=131.169.223.41-9618+[2001-638-700-10df--1-29]-9618&noUDP&sock=schedd_499365_6ede_3>
...
000 (1877843.013.000) 07/19 14:51:29 Job submitted from host: <131.169.223.41:9618?addrs=131.169.223.41-9618+[2001-638-700-10df--1-29]-9618&noUDP&sock=schedd_499365_6ede_3>
...
000 (1877843.014.000) 07/19 14:51:29 Job submitted from host: <131.169.223.41:9618?addrs=131.169.223.41-9618+[2001-638-700-10df--1-29]-9618&noUDP&sock=schedd_499365_6ede_3>
...
000 (1877843.015.000) 07/19 14:51:29 Job submitted from host: <131.169.223.41:9618?addrs=131.169.223.41-9618+[2001-638-700-10df--1-29]-9618&noUDP&sock=schedd_499365_6ede_3>
...
000 (1877843.016.000) 07/19 14:51:29 Job submitted from host: <131.169.223.41:9618?addrs=131.169.223.41-9618+[2001-638-700-10df--1-29]-9618&noUDP&sock=schedd_499365_6ede_3>
...
000 (1877843.017.000) 07/19 14:51:29 Job submitted from host: <131.169.223.41:9618?addrs=131.169.223.41-9618+[2001-638-700-10df--1-29]-9618&noUDP&sock=schedd_499365_6ede_3>
...
000 (1877843.018.000) 07/19 14:51:29 Job submitted from host: <131.169.223.41:9618?addrs=131.169.223.41-9618+[2001-638-700-10df--1-29]-9618&noUDP&sock=schedd_499365_6ede_3>
...
000 (1877843.019.000) 07/19 14:51:29 Job submitted from host: <131.169.223.41:9618?addrs=131.169.223.41-9618+[2001-638-700-10df--1-29]-9618&noUDP&sock=schedd_499365_6ede_3>
...
000 (1877843.020.000) 07/19 14:51:29 Job submitted from host: <131.169.223.41:9618?addrs=131.169.223.41-9618+[2001-638-700-10df--1-29]-9618&noUDP&sock=schedd_499365_6ede_3>
...
000 (1877843.021.000) 07/19 14:51:29 Job submitted from host: <131.169.223.41:9618?addrs=131.169.223.41-9618+[2001-638-700-10df--1-29]-9618&noUDP&sock=schedd_499365_6ede_3>
...
001 (1877843.011.000) 07/19 15:25:47 Job executing on host: <131.169.84.112:46072?addrs=131.169.84.112-46072>
...
001 (1877843.009.000) 07/19 15:25:47 Job executing on host: <131.169.76.175:40298?addrs=131.169.76.175-40298>
...
001 (1877843.006.000) 07/19 15:25:47 Job executing on host: <131.169.84.97:45890?addrs=131.169.84.97-45890>
...
001 (1877843.007.000) 07/19 15:25:47 Job executing on host: <131.169.76.189:42153?addrs=131.169.76.189-42153>
...
001 (1877843.016.000) 07/19 15:25:47 Job executing on host: <131.169.84.124:36534?addrs=131.169.84.124-36534>
...
001 (1877843.019.000) 07/19 15:25:48 Job executing on host: <131.169.77.19:39794?addrs=131.169.77.19-39794>
...
001 (1877843.002.000) 07/19 15:25:48 Job executing on host: <131.169.84.87:37548?addrs=131.169.84.87-37548>
...
001 (1877843.021.000) 07/19 15:25:48 Job executing on host: <131.169.77.164:46485?addrs=131.169.77.164-46485>
...
001 (1877843.005.000) 07/19 15:25:48 Job executing on host: <131.169.84.93:43116?addrs=131.169.84.93-43116>
...
001 (1877843.001.000) 07/19 15:25:48 Job executing on host: <131.169.84.197:40645?addrs=131.169.84.197-40645>
...
001 (1877843.017.000) 07/19 15:25:51 Job executing on host: <131.169.77.45:37277?addrs=131.169.77.45-37277>
...
001 (1877843.004.000) 07/19 15:25:52 Job executing on host: <131.169.77.10:36887?addrs=131.169.77.10-36887>
...
001 (1877843.003.000) 07/19 15:25:52 Job executing on host: <131.169.76.191:43568?addrs=131.169.76.191-43568>
...
001 (1877843.010.000) 07/19 15:25:53 Job executing on host: <131.169.84.118:39312?addrs=131.169.84.118-39312>
...
001 (1877843.020.000) 07/19 15:25:53 Job executing on host: <131.169.77.63:34031?addrs=131.169.77.63-34031>
...
001 (1877843.012.000) 07/19 15:25:53 Job executing on host: <131.169.76.196:36611?addrs=131.169.76.196-36611>
...
001 (1877843.014.000) 07/19 15:25:53 Job executing on host: <131.169.84.100:42568?addrs=131.169.84.100-42568>
...
001 (1877843.013.000) 07/19 15:25:53 Job executing on host: <131.169.76.42:41102?addrs=131.169.76.42-41102>
...
001 (1877843.000.000) 07/19 15:25:53 Job executing on host: <131.169.77.74:43212?addrs=131.169.77.74-43212>
...
001 (1877843.015.000) 07/19 15:25:54 Job executing on host: <131.169.84.101:37959?addrs=131.169.84.101-37959>
...
001 (1877843.008.000) 07/19 15:25:56 Job executing on host: <131.169.77.33:34782?addrs=131.169.77.33-34782>
...
006 (1877843.016.000) 07/19 15:25:56 Image size of job updated: 189136
	114  -  MemoryUsage of job (MB)
	115812  -  ResidentSetSize of job (KB)
...
006 (1877843.019.000) 07/19 15:25:56 Image size of job updated: 170044
	109  -  MemoryUsage of job (MB)
	111380  -  ResidentSetSize of job (KB)
...
006 (1877843.002.000) 07/19 15:25:56 Image size of job updated: 184920
	109  -  MemoryUsage of job (MB)
	111376  -  ResidentSetSize of job (KB)
...
006 (1877843.021.000) 07/19 15:25:56 Image size of job updated: 223760
	151  -  MemoryUsage of job (MB)
	154556  -  ResidentSetSize of job (KB)
...
006 (1877843.011.000) 07/19 15:25:56 Image size of job updated: 184968
	109  -  MemoryUsage of job (MB)
	111384  -  ResidentSetSize of job (KB)
...
006 (1877843.009.000) 07/19 15:25:56 Image size of job updated: 183552
	109  -  MemoryUsage of job (MB)
	111392  -  ResidentSetSize of job (KB)
...
006 (1877843.006.000) 07/19 15:25:56 Image size of job updated: 183732
	109  -  MemoryUsage of job (MB)
	111380  -  ResidentSetSize of job (KB)
...
006 (1877843.007.000) 07/19 15:25:56 Image size of job updated: 183512
	109  -  MemoryUsage of job (MB)
	111396  -  ResidentSetSize of job (KB)
...
006 (1877843.005.000) 07/19 15:25:57 Image size of job updated: 183616
	109  -  MemoryUsage of job (MB)
	111392  -  ResidentSetSize of job (KB)
...
006 (1877843.001.000) 07/19 15:25:57 Image size of job updated: 192816
	115  -  MemoryUsage of job (MB)
	117492  -  ResidentSetSize of job (KB)
...
006 (1877843.010.000) 07/19 15:26:01 Image size of job updated: 184976
	109  -  MemoryUsage of job (MB)
	111392  -  ResidentSetSize of job (KB)
...
006 (1877843.004.000) 07/19 15:26:01 Image size of job updated: 181096
	109  -  MemoryUsage of job (MB)
	111388  -  ResidentSetSize of job (KB)
...
006 (1877843.003.000) 07/19 15:26:01 Image size of job updated: 155404
	109  -  MemoryUsage of job (MB)
	111384  -  ResidentSetSize of job (KB)
...
006 (1877843.012.000) 07/19 15:26:02 Image size of job updated: 173408
	109  -  MemoryUsage of job (MB)
	111380  -  ResidentSetSize of job (KB)
...
006 (1877843.014.000) 07/19 15:26:02 Image size of job updated: 184972
	109  -  MemoryUsage of job (MB)
	111388  -  ResidentSetSize of job (KB)
...
006 (1877843.017.000) 07/19 15:26:02 Image size of job updated: 181260
	109  -  MemoryUsage of job (MB)
	111392  -  ResidentSetSize of job (KB)
...
006 (1877843.013.000) 07/19 15:26:02 Image size of job updated: 184972
	109  -  MemoryUsage of job (MB)
	111388  -  ResidentSetSize of job (KB)
...
006 (1877843.000.000) 07/19 15:26:02 Image size of job updated: 169984
	109  -  MemoryUsage of job (MB)
	111384  -  ResidentSetSize of job (KB)
...
006 (1877843.020.000) 07/19 15:26:02 Image size of job updated: 186012
	111  -  MemoryUsage of job (MB)
	112708  -  ResidentSetSize of job (KB)
...
006 (1877843.015.000) 07/19 15:26:03 Image size of job updated: 184980
	109  -  MemoryUsage of job (MB)
	111392  -  ResidentSetSize of job (KB)
...
006 (1877843.008.000) 07/19 15:26:05 Image size of job updated: 180364
	109  -  MemoryUsage of job (MB)
	111396  -  ResidentSetSize of job (KB)
...
022 (1877843.018.000) 07/19 15:26:08 Job disconnected, attempting to reconnect
    Socket between submit and execute hosts closed unexpectedly
    Trying to reconnect to slot1@bird547.desy.de <131.169.77.29:36756?addrs=131.169.77.29-36756>
...
024 (1877843.018.000) 07/19 15:26:08 Job reconnection failed
    Job not found at execution machine
    Can not reconnect to slot1@bird547.desy.de, rescheduling job
...
006 (1877843.016.000) 07/19 15:30:56 Image size of job updated: 266084
	175  -  MemoryUsage of job (MB)
	178852  -  ResidentSetSize of job (KB)
...
006 (1877843.019.000) 07/19 15:30:56 Image size of job updated: 183820
	175  -  MemoryUsage of job (MB)
	178944  -  ResidentSetSize of job (KB)
...
006 (1877843.002.000) 07/19 15:30:56 Image size of job updated: 184920
	175  -  MemoryUsage of job (MB)
	179156  -  ResidentSetSize of job (KB)
...
006 (1877843.021.000) 07/19 15:30:57 Image size of job updated: 223760
	175  -  MemoryUsage of job (MB)
	179164  -  ResidentSetSize of job (KB)
...
006 (1877843.011.000) 07/19 15:30:57 Image size of job updated: 267152
	176  -  MemoryUsage of job (MB)
	179580  -  ResidentSetSize of job (KB)
...
006 (1877843.009.000) 07/19 15:30:57 Image size of job updated: 183668
	175  -  MemoryUsage of job (MB)
	178760  -  ResidentSetSize of job (KB)
...
006 (1877843.006.000) 07/19 15:30:57 Image size of job updated: 183732
	175  -  MemoryUsage of job (MB)
	178924  -  ResidentSetSize of job (KB)
...
006 (1877843.007.000) 07/19 15:30:57 Image size of job updated: 183512
	175  -  MemoryUsage of job (MB)
	178824  -  ResidentSetSize of job (KB)
...
006 (1877843.001.000) 07/19 15:30:58 Image size of job updated: 266188
	175  -  MemoryUsage of job (MB)
	178928  -  ResidentSetSize of job (KB)
...
006 (1877843.005.000) 07/19 15:30:58 Image size of job updated: 185084
	176  -  MemoryUsage of job (MB)
	179236  -  ResidentSetSize of job (KB)
...
006 (1877843.010.000) 07/19 15:31:01 Image size of job updated: 266584
	175  -  MemoryUsage of job (MB)
	179012  -  ResidentSetSize of job (KB)
...
006 (1877843.004.000) 07/19 15:31:02 Image size of job updated: 261376
	175  -  MemoryUsage of job (MB)
	178984  -  ResidentSetSize of job (KB)
...
006 (1877843.017.000) 07/19 15:31:02 Image size of job updated: 181680
	175  -  MemoryUsage of job (MB)
	178556  -  ResidentSetSize of job (KB)
...
006 (1877843.003.000) 07/19 15:31:02 Image size of job updated: 180476
	174  -  MemoryUsage of job (MB)
	177492  -  ResidentSetSize of job (KB)
...
006 (1877843.012.000) 07/19 15:31:02 Image size of job updated: 183008
	175  -  MemoryUsage of job (MB)
	178628  -  ResidentSetSize of job (KB)
...
006 (1877843.014.000) 07/19 15:31:02 Image size of job updated: 265532
	174  -  MemoryUsage of job (MB)
	177956  -  ResidentSetSize of job (KB)
...
006 (1877843.013.000) 07/19 15:31:02 Image size of job updated: 184972
	174  -  MemoryUsage of job (MB)
	178136  -  ResidentSetSize of job (KB)
...
006 (1877843.000.000) 07/19 15:31:02 Image size of job updated: 232728
	175  -  MemoryUsage of job (MB)
	179020  -  ResidentSetSize of job (KB)
...
006 (1877843.020.000) 07/19 15:31:03 Image size of job updated: 247172
	175  -  MemoryUsage of job (MB)
	178912  -  ResidentSetSize of job (KB)
...
006 (1877843.015.000) 07/19 15:31:03 Image size of job updated: 184980
	176  -  MemoryUsage of job (MB)
	179244  -  ResidentSetSize of job (KB)
...
006 (1877843.008.000) 07/19 15:31:06 Image size of job updated: 248368
	175  -  MemoryUsage of job (MB)
	178404  -  ResidentSetSize of job (KB)
...
005 (1877843.021.000) 07/19 15:31:37 Job terminated.
	(1) Normal termination (return value 0)
		Usr 0 00:04:57, Sys 0 00:00:08  -  Run Remote Usage
		Usr 0 00:00:00, Sys 0 00:00:00  -  Run Local Usage
		Usr 0 00:04:57, Sys 0 00:00:08  -  Total Remote Usage
		Usr 0 00:00:00, Sys 0 00:00:00  -  Total Local Usage
	0  -  Run Bytes Sent By Job
	0  -  Run Bytes Received By Job
	0  -  Total Bytes Sent By Job
	0  -  Total Bytes Received By Job
	Partitionable Resources :    Usage  Request Allocated 
	   Cpus                 :     0.92        1         1 
	   Disk (KB)            :     1    10752000  11378182 
	   Memory (MB)          :   175       10240     10240 
...
006 (1877843.002.000) 07/19 15:35:57 Image size of job updated: 184920
	176  -  MemoryUsage of job (MB)
	180136  -  ResidentSetSize of job (KB)
...
006 (1877843.011.000) 07/19 15:35:57 Image size of job updated: 268336
	177  -  MemoryUsage of job (MB)
	180764  -  ResidentSetSize of job (KB)
...
006 (1877843.019.000) 07/19 15:35:57 Image size of job updated: 185012
	176  -  MemoryUsage of job (MB)
	180136  -  ResidentSetSize of job (KB)
...
006 (1877843.009.000) 07/19 15:35:57 Image size of job updated: 184636
	176  -  MemoryUsage of job (MB)
	179728  -  ResidentSetSize of job (KB)
...
006 (1877843.006.000) 07/19 15:35:57 Image size of job updated: 183932
	176  -  MemoryUsage of job (MB)
	179992  -  ResidentSetSize of job (KB)
...
006 (1877843.007.000) 07/19 15:35:57 Image size of job updated: 184372
	176  -  MemoryUsage of job (MB)
	179956  -  ResidentSetSize of job (KB)
...
006 (1877843.016.000) 07/19 15:35:57 Image size of job updated: 268172
	177  -  MemoryUsage of job (MB)
	180940  -  ResidentSetSize of job (KB)
...
006 (1877843.001.000) 07/19 15:35:58 Image size of job updated: 267024
	176  -  MemoryUsage of job (MB)
	179764  -  ResidentSetSize of job (KB)
...
006 (1877843.005.000) 07/19 15:35:59 Image size of job updated: 185284
	176  -  MemoryUsage of job (MB)
	180024  -  ResidentSetSize of job (KB)
...
006 (1877843.010.000) 07/19 15:36:02 Image size of job updated: 267600
	176  -  MemoryUsage of job (MB)
	180028  -  ResidentSetSize of job (KB)
...
006 (1877843.004.000) 07/19 15:36:02 Image size of job updated: 261376
	176  -  MemoryUsage of job (MB)
	179928  -  ResidentSetSize of job (KB)
...
006 (1877843.017.000) 07/19 15:36:02 Image size of job updated: 182560
	176  -  MemoryUsage of job (MB)
	180000  -  ResidentSetSize of job (KB)
...
006 (1877843.014.000) 07/19 15:36:02 Image size of job updated: 267628
	176  -  MemoryUsage of job (MB)
	180052  -  ResidentSetSize of job (KB)
...
006 (1877843.012.000) 07/19 15:36:02 Image size of job updated: 184276
	176  -  MemoryUsage of job (MB)
	179896  -  ResidentSetSize of job (KB)
...
006 (1877843.003.000) 07/19 15:36:02 Image size of job updated: 182580
	176  -  MemoryUsage of job (MB)
	179596  -  ResidentSetSize of job (KB)
...
006 (1877843.000.000) 07/19 15:36:03 Image size of job updated: 233736
	176  -  MemoryUsage of job (MB)
	180028  -  ResidentSetSize of job (KB)
...
006 (1877843.020.000) 07/19 15:36:03 Image size of job updated: 248264
	176  -  MemoryUsage of job (MB)
	180004  -  ResidentSetSize of job (KB)
...
006 (1877843.015.000) 07/19 15:36:03 Image size of job updated: 184980
	176  -  MemoryUsage of job (MB)
	180000  -  ResidentSetSize of job (KB)
...
006 (1877843.013.000) 07/19 15:36:03 Image size of job updated: 184972
	176  -  MemoryUsage of job (MB)
	179884  -  ResidentSetSize of job (KB)
...
006 (1877843.008.000) 07/19 15:36:07 Image size of job updated: 250028
	176  -  MemoryUsage of job (MB)
	180064  -  ResidentSetSize of job (KB)
...
006 (1877843.017.000) 07/19 15:43:37 Image size of job updated: 182652
	176  -  MemoryUsage of job (MB)
	180092  -  ResidentSetSize of job (KB)
...
006 (1877843.003.000) 07/19 15:43:37 Image size of job updated: 182580
	176  -  MemoryUsage of job (MB)
	179888  -  ResidentSetSize of job (KB)
...
006 (1877843.000.000) 07/19 15:44:44 Image size of job updated: 233776
	176  -  MemoryUsage of job (MB)
	180068  -  ResidentSetSize of job (KB)
...
006 (1877843.016.000) 07/19 15:45:47 Image size of job updated: 268176
	177  -  MemoryUsage of job (MB)
	180944  -  ResidentSetSize of job (KB)
...
006 (1877843.011.000) 07/19 15:45:47 Image size of job updated: 268568
	177  -  MemoryUsage of job (MB)
	180996  -  ResidentSetSize of job (KB)
...
006 (1877843.009.000) 07/19 15:45:47 Image size of job updated: 184744
	176  -  MemoryUsage of job (MB)
	179836  -  ResidentSetSize of job (KB)
...
006 (1877843.006.000) 07/19 15:45:47 Image size of job updated: 185092
	177  -  MemoryUsage of job (MB)
	181152  -  ResidentSetSize of job (KB)
...
006 (1877843.007.000) 07/19 15:45:48 Image size of job updated: 184640
	176  -  MemoryUsage of job (MB)
	180224  -  ResidentSetSize of job (KB)
...
006 (1877843.002.000) 07/19 15:45:48 Image size of job updated: 185716
	177  -  MemoryUsage of job (MB)
	181204  -  ResidentSetSize of job (KB)
...
006 (1877843.005.000) 07/19 15:45:48 Image size of job updated: 185284
	176  -  MemoryUsage of job (MB)
	180188  -  ResidentSetSize of job (KB)
...
006 (1877843.019.000) 07/19 15:45:48 Image size of job updated: 185136
	177  -  MemoryUsage of job (MB)
	180260  -  ResidentSetSize of job (KB)
...
006 (1877843.001.000) 07/19 15:45:48 Image size of job updated: 267104
	176  -  MemoryUsage of job (MB)
	179844  -  ResidentSetSize of job (KB)
...
006 (1877843.010.000) 07/19 15:45:53 Image size of job updated: 267600
	176  -  MemoryUsage of job (MB)
	180104  -  ResidentSetSize of job (KB)
...
006 (1877843.008.000) 07/19 15:45:57 Image size of job updated: 250260
	177  -  MemoryUsage of job (MB)
	180296  -  ResidentSetSize of job (KB)
...
006 (1877843.004.000) 07/19 15:45:59 Image size of job updated: 261376
	176  -  MemoryUsage of job (MB)
	180032  -  ResidentSetSize of job (KB)
...
006 (1877843.014.000) 07/19 15:46:00 Image size of job updated: 267780
	176  -  MemoryUsage of job (MB)
	180204  -  ResidentSetSize of job (KB)
...
006 (1877843.012.000) 07/19 15:46:08 Image size of job updated: 184372
	176  -  MemoryUsage of job (MB)
	179992  -  ResidentSetSize of job (KB)
...
007 (1877843.012.000) 07/19 15:46:08 Shadow exception!
	Assertion ERROR on (result)
	0  -  Run Bytes Sent By Job
	0  -  Run Bytes Received By Job
...
006 (1877843.015.000) 07/19 15:46:10 Image size of job updated: 185636
	178  -  MemoryUsage of job (MB)
	181296  -  ResidentSetSize of job (KB)
...
007 (1877843.015.000) 07/19 15:46:10 Shadow exception!
	Assertion ERROR on (result)
	0  -  Run Bytes Sent By Job
	0  -  Run Bytes Received By Job
...
006 (1877843.013.000) 07/19 15:46:11 Image size of job updated: 184972
	176  -  MemoryUsage of job (MB)
	179976  -  ResidentSetSize of job (KB)
...
007 (1877843.013.000) 07/19 15:46:11 Shadow exception!
	Assertion ERROR on (result)
	0  -  Run Bytes Sent By Job
	0  -  Run Bytes Received By Job
...
001 (1877843.013.000) 07/19 15:46:52 Job executing on host: <131.169.84.97:45890?addrs=131.169.84.97-45890>
...
006 (1877843.020.000) 07/19 15:46:58 Image size of job updated: 248364
	176  -  MemoryUsage of job (MB)
	180104  -  ResidentSetSize of job (KB)
...
007 (1877843.020.000) 07/19 15:46:58 Shadow exception!
	Assertion ERROR on (result)
	0  -  Run Bytes Sent By Job
	0  -  Run Bytes Received By Job
...
001 (1877843.018.000) 07/19 15:48:51 Job executing on host: <131.169.76.38:35578?addrs=131.169.76.38-35578>
...
001 (1877843.012.000) 07/19 15:48:52 Job executing on host: <131.169.77.129:42245?addrs=131.169.77.129-42245>
...
001 (1877843.015.000) 07/19 15:48:58 Job executing on host: <131.169.77.79:44175?addrs=131.169.77.79-44175>
...
006 (1877843.018.000) 07/19 15:49:00 Image size of job updated: 183176
	109  -  MemoryUsage of job (MB)
	111392  -  ResidentSetSize of job (KB)
...
006 (1877843.012.000) 07/19 15:49:00 Image size of job updated: 184980
	109  -  MemoryUsage of job (MB)
	111396  -  ResidentSetSize of job (KB)
...
001 (1877843.020.000) 07/19 15:49:05 Job executing on host: <131.169.164.37:35651?addrs=131.169.164.37-35651>
...
006 (1877843.020.000) 07/19 15:49:14 Image size of job updated: 209092
	152  -  MemoryUsage of job (MB)
	154792  -  ResidentSetSize of job (KB)
...
006 (1877843.003.000) 07/19 15:51:22 Image size of job updated: 182580
	176  -  MemoryUsage of job (MB)
	179900  -  ResidentSetSize of job (KB)
...
006 (1877843.017.000) 07/19 15:51:23 Image size of job updated: 182728
	176  -  MemoryUsage of job (MB)
	180168  -  ResidentSetSize of job (KB)
...
006 (1877843.013.000) 07/19 15:52:02 Image size of job updated: 260032
	196  -  MemoryUsage of job (MB)
	200000  -  ResidentSetSize of job (KB)
...
006 (1877843.018.000) 07/19 15:54:00 Image size of job updated: 263928
	175  -  MemoryUsage of job (MB)
	178644  -  ResidentSetSize of job (KB)
...
006 (1877843.012.000) 07/19 15:54:00 Image size of job updated: 266648
	175  -  MemoryUsage of job (MB)
	179076  -  ResidentSetSize of job (KB)
...
006 (1877843.015.000) 07/19 15:54:06 Image size of job updated: 266208
	196  -  MemoryUsage of job (MB)
	200000  -  ResidentSetSize of job (KB)
...
006 (1877843.020.000) 07/19 15:54:15 Image size of job updated: 233604
	175  -  MemoryUsage of job (MB)
	179184  -  ResidentSetSize of job (KB)
...
006 (1877843.000.000) 07/19 15:55:49 Image size of job updated: 235048
	178  -  MemoryUsage of job (MB)
	181340  -  ResidentSetSize of job (KB)
...
006 (1877843.013.000) 07/19 15:57:03 Image size of job updated: 262180
	196  -  MemoryUsage of job (MB)
	200000  -  ResidentSetSize of job (KB)
...
006 (1877843.017.000) 07/19 15:57:35 Image size of job updated: 183988
	178  -  MemoryUsage of job (MB)
	181428  -  ResidentSetSize of job (KB)
...
006 (1877843.004.000) 07/19 15:57:57 Image size of job updated: 261376
	176  -  MemoryUsage of job (MB)
	180148  -  ResidentSetSize of job (KB)
...
006 (1877843.011.000) 07/19 15:58:53 Image size of job updated: 268568
	177  -  MemoryUsage of job (MB)
	181088  -  ResidentSetSize of job (KB)
...
006 (1877843.018.000) 07/19 15:59:00 Image size of job updated: 265256
	176  -  MemoryUsage of job (MB)
	179972  -  ResidentSetSize of job (KB)
...
006 (1877843.012.000) 07/19 15:59:01 Image size of job updated: 267400
	176  -  MemoryUsage of job (MB)
	179828  -  ResidentSetSize of job (KB)
...
006 (1877843.015.000) 07/19 15:59:07 Image size of job updated: 267048
	196  -  MemoryUsage of job (MB)
	200000  -  ResidentSetSize of job (KB)
...
006 (1877843.020.000) 07/19 15:59:15 Image size of job updated: 234620
	176  -  MemoryUsage of job (MB)
	180200  -  ResidentSetSize of job (KB)
...
006 (1877843.001.000) 07/19 15:59:34 Image size of job updated: 268696
	176  -  MemoryUsage of job (MB)
	179972  -  ResidentSetSize of job (KB)
...
006 (1877843.010.000) 07/19 16:00:03 Image size of job updated: 267600
	177  -  MemoryUsage of job (MB)
	180352  -  ResidentSetSize of job (KB)
...
006 (1877843.007.000) 07/19 16:00:15 Image size of job updated: 184640
	177  -  MemoryUsage of job (MB)
	180308  -  ResidentSetSize of job (KB)
...
006 (1877843.016.000) 07/19 16:00:15 Image size of job updated: 268176
	177  -  MemoryUsage of job (MB)
	181004  -  ResidentSetSize of job (KB)
...
006 (1877843.005.000) 07/19 16:00:15 Image size of job updated: 185284
	177  -  MemoryUsage of job (MB)
	180484  -  ResidentSetSize of job (KB)
...
006 (1877843.009.000) 07/19 16:00:15 Image size of job updated: 184744
	177  -  MemoryUsage of job (MB)
	181092  -  ResidentSetSize of job (KB)
...
006 (1877843.006.000) 07/19 16:00:15 Image size of job updated: 185092
	178  -  MemoryUsage of job (MB)
	181380  -  ResidentSetSize of job (KB)
...
006 (1877843.002.000) 07/19 16:00:22 Image size of job updated: 185716
	178  -  MemoryUsage of job (MB)
	181272  -  ResidentSetSize of job (KB)
...
006 (1877843.014.000) 07/19 16:00:51 Image size of job updated: 267804
	177  -  MemoryUsage of job (MB)
	180228  -  ResidentSetSize of job (KB)
...
005 (1877843.017.000) 07/19 16:05:36 Job terminated.
	(1) Normal termination (return value 0)
		Usr 0 00:26:28, Sys 0 00:00:54  -  Run Remote Usage
		Usr 0 00:00:00, Sys 0 00:00:00  -  Run Local Usage
		Usr 0 00:26:28, Sys 0 00:00:54  -  Total Remote Usage
		Usr 0 00:00:00, Sys 0 00:00:00  -  Total Local Usage
	0  -  Run Bytes Sent By Job
	0  -  Run Bytes Received By Job
	0  -  Total Bytes Sent By Job
	0  -  Total Bytes Received By Job
	Partitionable Resources :    Usage  Request Allocated 
	   Cpus                 :        0        1         1 
	   Disk (KB)            :        1 10752000  11335204 
	   Memory (MB)          :      178    10240     10240 
...
005 (1877843.014.000) 07/19 16:05:37 Job terminated.
	(1) Normal termination (return value 0)
		Usr 0 00:28:09, Sys 0 00:00:50  -  Run Remote Usage
		Usr 0 00:00:00, Sys 0 00:00:00  -  Run Local Usage
		Usr 0 00:28:09, Sys 0 00:00:50  -  Total Remote Usage
		Usr 0 00:00:00, Sys 0 00:00:00  -  Total Local Usage
	0  -  Run Bytes Sent By Job
	0  -  Run Bytes Received By Job
	0  -  Total Bytes Sent By Job
	0  -  Total Bytes Received By Job
	Partitionable Resources :    Usage  Request Allocated 
	   Cpus                 :     0.79        1         1 
	   Disk (KB)            :     1    10752000  10938621 
	   Memory (MB)          :   177       10240     10240 
...
006 (1877843.018.000) 07/19 16:05:37 Image size of job updated: 265468
	176  -  MemoryUsage of job (MB)
	180184  -  ResidentSetSize of job (KB)
...
005 (1877843.006.000) 07/19 16:05:40 Job terminated.
	(1) Normal termination (return value 0)
		Usr 0 00:28:55, Sys 0 00:00:57  -  Run Remote Usage
		Usr 0 00:00:00, Sys 0 00:00:00  -  Run Local Usage
		Usr 0 00:28:55, Sys 0 00:00:57  -  Total Remote Usage
		Usr 0 00:00:00, Sys 0 00:00:00  -  Total Local Usage
	0  -  Run Bytes Sent By Job
	0  -  Run Bytes Received By Job
	0  -  Total Bytes Sent By Job
	0  -  Total Bytes Received By Job
	Partitionable Resources :    Usage  Request Allocated 
	   Cpus                 :        0        1         1 
	   Disk (KB)            :        1 10752000  10981881 
	   Memory (MB)          :      178    10240     10240 
...
005 (1877843.008.000) 07/19 16:05:42 Job terminated.
	(1) Normal termination (return value 0)
		Usr 0 00:26:53, Sys 0 00:00:55  -  Run Remote Usage
		Usr 0 00:00:00, Sys 0 00:00:00  -  Run Local Usage
		Usr 0 00:26:53, Sys 0 00:00:55  -  Total Remote Usage
		Usr 0 00:00:00, Sys 0 00:00:00  -  Total Local Usage
	0  -  Run Bytes Sent By Job
	0  -  Run Bytes Received By Job
	0  -  Total Bytes Sent By Job
	0  -  Total Bytes Received By Job
	Partitionable Resources :    Usage  Request Allocated 
	   Cpus                 :     0.70        1         1 
	   Disk (KB)            :     1    10752000  11306584 
	   Memory (MB)          :   177       10240     10240 
...
005 (1877843.001.000) 07/19 16:05:42 Job terminated.
	(1) Normal termination (return value 0)
		Usr 0 00:28:41, Sys 0 00:00:52  -  Run Remote Usage
		Usr 0 00:00:00, Sys 0 00:00:00  -  Run Local Usage
		Usr 0 00:28:41, Sys 0 00:00:52  -  Total Remote Usage
		Usr 0 00:00:00, Sys 0 00:00:00  -  Total Local Usage
	0  -  Run Bytes Sent By Job
	0  -  Run Bytes Received By Job
	0  -  Total Bytes Sent By Job
	0  -  Total Bytes Received By Job
	Partitionable Resources :    Usage  Request Allocated 
	   Cpus                 :     0.93        1         1 
	   Disk (KB)            :     1    10752000  10941940 
	   Memory (MB)          :   176       10240     10240 
...
005 (1877843.009.000) 07/19 16:05:45 Job terminated.
	(1) Normal termination (return value 0)
		Usr 0 00:28:55, Sys 0 00:00:52  -  Run Remote Usage
		Usr 0 00:00:00, Sys 0 00:00:00  -  Run Local Usage
		Usr 0 00:28:55, Sys 0 00:00:52  -  Total Remote Usage
		Usr 0 00:00:00, Sys 0 00:00:00  -  Total Local Usage
	0  -  Run Bytes Sent By Job
	0  -  Run Bytes Received By Job
	0  -  Total Bytes Sent By Job
	0  -  Total Bytes Received By Job
	Partitionable Resources :    Usage  Request Allocated 
	   Cpus                 :     0.93        1         1 
	   Disk (KB)            :     1    10752000  11018629 
	   Memory (MB)          :   177       10240     10240 
...
005 (1877843.007.000) 07/19 16:05:45 Job terminated.
	(1) Normal termination (return value 0)
		Usr 0 00:30:17, Sys 0 00:00:55  -  Run Remote Usage
		Usr 0 00:00:00, Sys 0 00:00:00  -  Run Local Usage
		Usr 0 00:30:17, Sys 0 00:00:55  -  Total Remote Usage
		Usr 0 00:00:00, Sys 0 00:00:00  -  Total Local Usage
	0  -  Run Bytes Sent By Job
	0  -  Run Bytes Received By Job
	0  -  Total Bytes Sent By Job
	0  -  Total Bytes Received By Job
	Partitionable Resources :    Usage  Request Allocated 
	   Cpus                 :        0        1         1 
	   Disk (KB)            :        1 10752000  10926549 
	   Memory (MB)          :      177    10240     10240 
...
005 (1877843.010.000) 07/19 16:05:46 Job terminated.
	(1) Normal termination (return value 0)
		Usr 0 00:28:54, Sys 0 00:00:53  -  Run Remote Usage
		Usr 0 00:00:00, Sys 0 00:00:00  -  Run Local Usage
		Usr 0 00:28:54, Sys 0 00:00:53  -  Total Remote Usage
		Usr 0 00:00:00, Sys 0 00:00:00  -  Total Local Usage
	0  -  Run Bytes Sent By Job
	0  -  Run Bytes Received By Job
	0  -  Total Bytes Sent By Job
	0  -  Total Bytes Received By Job
	Partitionable Resources :    Usage  Request Allocated 
	   Cpus                 :     0.90        1         1 
	   Disk (KB)            :     1    10752000  10950383 
	   Memory (MB)          :   177       10240     10240 
...
005 (1877843.019.000) 07/19 16:05:47 Job terminated.
	(1) Normal termination (return value 0)
		Usr 0 00:26:26, Sys 0 00:00:51  -  Run Remote Usage
		Usr 0 00:00:00, Sys 0 00:00:00  -  Run Local Usage
		Usr 0 00:26:26, Sys 0 00:00:51  -  Total Remote Usage
		Usr 0 00:00:00, Sys 0 00:00:00  -  Total Local Usage
	0  -  Run Bytes Sent By Job
	0  -  Run Bytes Received By Job
	0  -  Total Bytes Sent By Job
	0  -  Total Bytes Received By Job
	Partitionable Resources :    Usage  Request Allocated 
	   Cpus                 :     0.43        1         1 
	   Disk (KB)            :     1    10752000  11327926 
	   Memory (MB)          :   177       10240     10240 
...
005 (1877843.004.000) 07/19 16:05:48 Job terminated.
	(1) Normal termination (return value 0)
		Usr 0 00:26:21, Sys 0 00:00:52  -  Run Remote Usage
		Usr 0 00:00:00, Sys 0 00:00:00  -  Run Local Usage
		Usr 0 00:26:21, Sys 0 00:00:52  -  Total Remote Usage
		Usr 0 00:00:00, Sys 0 00:00:00  -  Total Local Usage
	0  -  Run Bytes Sent By Job
	0  -  Run Bytes Received By Job
	0  -  Total Bytes Sent By Job
	0  -  Total Bytes Received By Job
	Partitionable Resources :    Usage  Request Allocated 
	   Cpus                 :     0.91        1         1 
	   Disk (KB)            :     1    10752000  11336265 
	   Memory (MB)          :   176       10240     10240 
...
005 (1877843.003.000) 07/19 16:05:51 Job terminated.
	(1) Normal termination (return value 0)
		Usr 0 00:29:33, Sys 0 00:00:57  -  Run Remote Usage
		Usr 0 00:00:00, Sys 0 00:00:00  -  Run Local Usage
		Usr 0 00:29:33, Sys 0 00:00:57  -  Total Remote Usage
		Usr 0 00:00:00, Sys 0 00:00:00  -  Total Local Usage
	0  -  Run Bytes Sent By Job
	0  -  Run Bytes Received By Job
	0  -  Total Bytes Sent By Job
	0  -  Total Bytes Received By Job
	Partitionable Resources :    Usage  Request Allocated 
	   Cpus                 :        0        1         1 
	   Disk (KB)            :        1 10752000  10937738 
	   Memory (MB)          :      176    10240     10240 
...
005 (1877843.000.000) 07/19 16:05:51 Job terminated.
	(1) Normal termination (return value 0)
		Usr 0 00:29:06, Sys 0 00:00:50  -  Run Remote Usage
		Usr 0 00:00:00, Sys 0 00:00:00  -  Run Local Usage
		Usr 0 00:29:06, Sys 0 00:00:50  -  Total Remote Usage
		Usr 0 00:00:00, Sys 0 00:00:00  -  Total Local Usage
	0  -  Run Bytes Sent By Job
	0  -  Run Bytes Received By Job
	0  -  Total Bytes Sent By Job
	0  -  Total Bytes Received By Job
	Partitionable Resources :    Usage  Request Allocated 
	   Cpus                 :        0        1         1 
	   Disk (KB)            :        1 10752000  10968818 
	   Memory (MB)          :      178    10240     10240 
...
005 (1877843.005.000) 07/19 16:05:52 Job terminated.
	(1) Normal termination (return value 0)
		Usr 0 00:30:16, Sys 0 00:01:01  -  Run Remote Usage
		Usr 0 00:00:00, Sys 0 00:00:00  -  Run Local Usage
		Usr 0 00:30:16, Sys 0 00:01:01  -  Total Remote Usage
		Usr 0 00:00:00, Sys 0 00:00:00  -  Total Local Usage
	0  -  Run Bytes Sent By Job
	0  -  Run Bytes Received By Job
	0  -  Total Bytes Sent By Job
	0  -  Total Bytes Received By Job
	Partitionable Resources :    Usage  Request Allocated 
	   Cpus                 :     0.87        1         1 
	   Disk (KB)            :     1    10752000  10993364 
	   Memory (MB)          :   177       10240     10240 
...
005 (1877843.002.000) 07/19 16:05:56 Job terminated.
	(1) Normal termination (return value 0)
		Usr 0 00:28:55, Sys 0 00:00:56  -  Run Remote Usage
		Usr 0 00:00:00, Sys 0 00:00:00  -  Run Local Usage
		Usr 0 00:28:55, Sys 0 00:00:56  -  Total Remote Usage
		Usr 0 00:00:00, Sys 0 00:00:00  -  Total Local Usage
	0  -  Run Bytes Sent By Job
	0  -  Run Bytes Received By Job
	0  -  Total Bytes Sent By Job
	0  -  Total Bytes Received By Job
	Partitionable Resources :    Usage  Request Allocated 
	   Cpus                 :     0.76        1         1 
	   Disk (KB)            :     1    10752000  10973100 
	   Memory (MB)          :   178       10240     10240 
...
005 (1877843.016.000) 07/19 16:05:58 Job terminated.
	(1) Normal termination (return value 0)
		Usr 0 00:28:29, Sys 0 00:00:53  -  Run Remote Usage
		Usr 0 00:00:00, Sys 0 00:00:00  -  Run Local Usage
		Usr 0 00:28:29, Sys 0 00:00:53  -  Total Remote Usage
		Usr 0 00:00:00, Sys 0 00:00:00  -  Total Local Usage
	0  -  Run Bytes Sent By Job
	0  -  Run Bytes Received By Job
	0  -  Total Bytes Sent By Job
	0  -  Total Bytes Received By Job
	Partitionable Resources :    Usage  Request Allocated 
	   Cpus                 :     0.93        1         1 
	   Disk (KB)            :     1    10752000  10925849 
	   Memory (MB)          :   177       10240     10240 
...
006 (1877843.012.000) 07/19 16:06:00 Image size of job updated: 267584
	176  -  MemoryUsage of job (MB)
	180012  -  ResidentSetSize of job (KB)
...
005 (1877843.011.000) 07/19 16:06:02 Job terminated.
	(1) Normal termination (return value 0)
		Usr 0 00:28:39, Sys 0 00:00:50  -  Run Remote Usage
		Usr 0 00:00:00, Sys 0 00:00:00  -  Run Local Usage
		Usr 0 00:28:39, Sys 0 00:00:50  -  Total Remote Usage
		Usr 0 00:00:00, Sys 0 00:00:00  -  Total Local Usage
	0  -  Run Bytes Sent By Job
	0  -  Run Bytes Received By Job
	0  -  Total Bytes Sent By Job
	0  -  Total Bytes Received By Job
	Partitionable Resources :    Usage  Request Allocated 
	   Cpus                 :     0.88        1         1 
	   Disk (KB)            :     1    10752000  10918696 
	   Memory (MB)          :   177       10240     10240 
...
006 (1877843.013.000) 07/19 16:06:09 Image size of job updated: 262296
	196  -  MemoryUsage of job (MB)
	200000  -  ResidentSetSize of job (KB)
...
006 (1877843.020.000) 07/19 16:06:14 Image size of job updated: 234696
	177  -  MemoryUsage of job (MB)
	180276  -  ResidentSetSize of job (KB)
...
006 (1877843.018.000) 07/19 16:10:27 Image size of job updated: 265480
	176  -  MemoryUsage of job (MB)
	180196  -  ResidentSetSize of job (KB)
...
006 (1877843.012.000) 07/19 16:11:56 Image size of job updated: 267592
	176  -  MemoryUsage of job (MB)
	180020  -  ResidentSetSize of job (KB)
...
006 (1877843.020.000) 07/19 16:12:12 Image size of job updated: 234696
	177  -  MemoryUsage of job (MB)
	180280  -  ResidentSetSize of job (KB)
...
006 (1877843.018.000) 07/19 16:15:28 Image size of job updated: 265484
	176  -  MemoryUsage of job (MB)
	180200  -  ResidentSetSize of job (KB)
...
006 (1877843.012.000) 07/19 16:16:56 Image size of job updated: 267604
	176  -  MemoryUsage of job (MB)
	180032  -  ResidentSetSize of job (KB)
...
006 (1877843.020.000) 07/19 16:17:12 Image size of job updated: 234696
	177  -  MemoryUsage of job (MB)
	180328  -  ResidentSetSize of job (KB)
...
006 (1877843.020.000) 07/19 16:20:14 Image size of job updated: 441756
	177  -  MemoryUsage of job (MB)
	180328  -  ResidentSetSize of job (KB)
...
006 (1877843.018.000) 07/19 16:20:28 Image size of job updated: 265484
	176  -  MemoryUsage of job (MB)
	180204  -  ResidentSetSize of job (KB)
...
005 (1877843.018.000) 07/19 16:25:58 Job terminated.
	(1) Normal termination (return value 0)
		Usr 0 00:28:00, Sys 0 00:00:48  -  Run Remote Usage
		Usr 0 00:00:00, Sys 0 00:00:00  -  Run Local Usage
		Usr 0 00:28:00, Sys 0 00:00:48  -  Total Remote Usage
		Usr 0 00:00:00, Sys 0 00:00:00  -  Total Local Usage
	0  -  Run Bytes Sent By Job
	0  -  Run Bytes Received By Job
	0  -  Total Bytes Sent By Job
	0  -  Total Bytes Received By Job
	Partitionable Resources :    Usage  Request Allocated 
	   Cpus                 :        0        1         1 
	   Disk (KB)            :        1 10752000  10944250 
	   Memory (MB)          :      176    10240     10240 
...
006 (1877843.012.000) 07/19 16:26:00 Image size of job updated: 268672
	177  -  MemoryUsage of job (MB)
	181100  -  ResidentSetSize of job (KB)
...
006 (1877843.012.000) 07/19 16:26:00 Image size of job updated: 441832
	177  -  MemoryUsage of job (MB)
	181100  -  ResidentSetSize of job (KB)
...
005 (1877843.013.000) 07/19 16:26:01 Job terminated.
	(1) Normal termination (return value 0)
		Usr 0 00:29:14, Sys 0 00:00:57  -  Run Remote Usage
		Usr 0 00:00:00, Sys 0 00:00:00  -  Run Local Usage
		Usr 0 00:29:14, Sys 0 00:00:57  -  Total Remote Usage
		Usr 0 00:00:00, Sys 0 00:00:00  -  Total Local Usage
	0  -  Run Bytes Sent By Job
	0  -  Run Bytes Received By Job
	0  -  Total Bytes Sent By Job
	0  -  Total Bytes Received By Job
	Partitionable Resources :    Usage  Request Allocated 
	   Cpus                 :        0        1         1 
	   Disk (KB)            :        1 10752000  10981881 
	   Memory (MB)          :      196    10240     10240 
...
005 (1877843.012.000) 07/19 16:26:01 Job terminated.
	(1) Normal termination (return value 0)
		Usr 0 00:28:57, Sys 0 00:00:52  -  Run Remote Usage
		Usr 0 00:00:00, Sys 0 00:00:00  -  Run Local Usage
		Usr 0 00:28:57, Sys 0 00:00:52  -  Total Remote Usage
		Usr 0 00:00:00, Sys 0 00:00:00  -  Total Local Usage
	0  -  Run Bytes Sent By Job
	0  -  Run Bytes Received By Job
	0  -  Total Bytes Sent By Job
	0  -  Total Bytes Received By Job
	Partitionable Resources :    Usage  Request Allocated 
	   Cpus                 :        0        1         1 
	   Disk (KB)            :        1 10752000  10954397 
	   Memory (MB)          :      177    10240     10240 
...
005 (1877843.020.000) 07/19 16:26:17 Job terminated.
	(1) Normal termination (return value 0)
		Usr 0 00:25:29, Sys 0 00:00:43  -  Run Remote Usage
		Usr 0 00:00:00, Sys 0 00:00:00  -  Run Local Usage
		Usr 0 00:25:29, Sys 0 00:00:43  -  Total Remote Usage
		Usr 0 00:00:00, Sys 0 00:00:00  -  Total Local Usage
	0  -  Run Bytes Sent By Job
	0  -  Run Bytes Received By Job
	0  -  Total Bytes Sent By Job
	0  -  Total Bytes Received By Job
	Partitionable Resources :    Usage  Request Allocated 
	   Cpus                 :     0.93        1         1 
	   Disk (KB)            :     1    10752000  11523179 
	   Memory (MB)          :   177       10240     10240 
...
005 (1877843.015.000) 07/19 16:26:19 Job terminated.
	(1) Normal termination (return value 0)
		Usr 0 00:30:52, Sys 0 00:00:56  -  Run Remote Usage
		Usr 0 00:00:00, Sys 0 00:00:00  -  Run Local Usage
		Usr 0 00:30:52, Sys 0 00:00:56  -  Total Remote Usage
		Usr 0 00:00:00, Sys 0 00:00:00  -  Total Local Usage
	0  -  Run Bytes Sent By Job
	0  -  Run Bytes Received By Job
	0  -  Total Bytes Sent By Job
	0  -  Total Bytes Received By Job
	Partitionable Resources :    Usage  Request Allocated 
	   Cpus                 :     0.91        1         1 
	   Disk (KB)            :     1    10752000  10885822 
	   Memory (MB)          :   196       10240     10240 
...
