000 (1877889.000.000) 07/19 14:54:01 Job submitted from host: <131.169.223.41:9618?addrs=131.169.223.41-9618+[2001-638-700-10df--1-29]-9618&noUDP&sock=schedd_499365_6ede_3>
...
000 (1877889.001.000) 07/19 14:54:01 Job submitted from host: <131.169.223.41:9618?addrs=131.169.223.41-9618+[2001-638-700-10df--1-29]-9618&noUDP&sock=schedd_499365_6ede_3>
...
000 (1877889.002.000) 07/19 14:54:01 Job submitted from host: <131.169.223.41:9618?addrs=131.169.223.41-9618+[2001-638-700-10df--1-29]-9618&noUDP&sock=schedd_499365_6ede_3>
...
000 (1877889.003.000) 07/19 14:54:01 Job submitted from host: <131.169.223.41:9618?addrs=131.169.223.41-9618+[2001-638-700-10df--1-29]-9618&noUDP&sock=schedd_499365_6ede_3>
...
000 (1877889.004.000) 07/19 14:54:01 Job submitted from host: <131.169.223.41:9618?addrs=131.169.223.41-9618+[2001-638-700-10df--1-29]-9618&noUDP&sock=schedd_499365_6ede_3>
...
000 (1877889.005.000) 07/19 14:54:01 Job submitted from host: <131.169.223.41:9618?addrs=131.169.223.41-9618+[2001-638-700-10df--1-29]-9618&noUDP&sock=schedd_499365_6ede_3>
...
000 (1877889.006.000) 07/19 14:54:01 Job submitted from host: <131.169.223.41:9618?addrs=131.169.223.41-9618+[2001-638-700-10df--1-29]-9618&noUDP&sock=schedd_499365_6ede_3>
...
000 (1877889.007.000) 07/19 14:54:01 Job submitted from host: <131.169.223.41:9618?addrs=131.169.223.41-9618+[2001-638-700-10df--1-29]-9618&noUDP&sock=schedd_499365_6ede_3>
...
000 (1877889.008.000) 07/19 14:54:01 Job submitted from host: <131.169.223.41:9618?addrs=131.169.223.41-9618+[2001-638-700-10df--1-29]-9618&noUDP&sock=schedd_499365_6ede_3>
...
000 (1877889.009.000) 07/19 14:54:01 Job submitted from host: <131.169.223.41:9618?addrs=131.169.223.41-9618+[2001-638-700-10df--1-29]-9618&noUDP&sock=schedd_499365_6ede_3>
...
000 (1877889.010.000) 07/19 14:54:01 Job submitted from host: <131.169.223.41:9618?addrs=131.169.223.41-9618+[2001-638-700-10df--1-29]-9618&noUDP&sock=schedd_499365_6ede_3>
...
000 (1877889.011.000) 07/19 14:54:01 Job submitted from host: <131.169.223.41:9618?addrs=131.169.223.41-9618+[2001-638-700-10df--1-29]-9618&noUDP&sock=schedd_499365_6ede_3>
...
000 (1877889.012.000) 07/19 14:54:01 Job submitted from host: <131.169.223.41:9618?addrs=131.169.223.41-9618+[2001-638-700-10df--1-29]-9618&noUDP&sock=schedd_499365_6ede_3>
...
000 (1877889.013.000) 07/19 14:54:01 Job submitted from host: <131.169.223.41:9618?addrs=131.169.223.41-9618+[2001-638-700-10df--1-29]-9618&noUDP&sock=schedd_499365_6ede_3>
...
000 (1877889.014.000) 07/19 14:54:01 Job submitted from host: <131.169.223.41:9618?addrs=131.169.223.41-9618+[2001-638-700-10df--1-29]-9618&noUDP&sock=schedd_499365_6ede_3>
...
000 (1877889.015.000) 07/19 14:54:01 Job submitted from host: <131.169.223.41:9618?addrs=131.169.223.41-9618+[2001-638-700-10df--1-29]-9618&noUDP&sock=schedd_499365_6ede_3>
...
000 (1877889.016.000) 07/19 14:54:01 Job submitted from host: <131.169.223.41:9618?addrs=131.169.223.41-9618+[2001-638-700-10df--1-29]-9618&noUDP&sock=schedd_499365_6ede_3>
...
000 (1877889.017.000) 07/19 14:54:01 Job submitted from host: <131.169.223.41:9618?addrs=131.169.223.41-9618+[2001-638-700-10df--1-29]-9618&noUDP&sock=schedd_499365_6ede_3>
...
000 (1877889.018.000) 07/19 14:54:01 Job submitted from host: <131.169.223.41:9618?addrs=131.169.223.41-9618+[2001-638-700-10df--1-29]-9618&noUDP&sock=schedd_499365_6ede_3>
...
000 (1877889.019.000) 07/19 14:54:01 Job submitted from host: <131.169.223.41:9618?addrs=131.169.223.41-9618+[2001-638-700-10df--1-29]-9618&noUDP&sock=schedd_499365_6ede_3>
...
000 (1877889.020.000) 07/19 14:54:01 Job submitted from host: <131.169.223.41:9618?addrs=131.169.223.41-9618+[2001-638-700-10df--1-29]-9618&noUDP&sock=schedd_499365_6ede_3>
...
000 (1877889.021.000) 07/19 14:54:01 Job submitted from host: <131.169.223.41:9618?addrs=131.169.223.41-9618+[2001-638-700-10df--1-29]-9618&noUDP&sock=schedd_499365_6ede_3>
...
000 (1877889.022.000) 07/19 14:54:01 Job submitted from host: <131.169.223.41:9618?addrs=131.169.223.41-9618+[2001-638-700-10df--1-29]-9618&noUDP&sock=schedd_499365_6ede_3>
...
000 (1877889.023.000) 07/19 14:54:01 Job submitted from host: <131.169.223.41:9618?addrs=131.169.223.41-9618+[2001-638-700-10df--1-29]-9618&noUDP&sock=schedd_499365_6ede_3>
...
000 (1877889.024.000) 07/19 14:54:01 Job submitted from host: <131.169.223.41:9618?addrs=131.169.223.41-9618+[2001-638-700-10df--1-29]-9618&noUDP&sock=schedd_499365_6ede_3>
...
000 (1877889.025.000) 07/19 14:54:01 Job submitted from host: <131.169.223.41:9618?addrs=131.169.223.41-9618+[2001-638-700-10df--1-29]-9618&noUDP&sock=schedd_499365_6ede_3>
...
000 (1877889.026.000) 07/19 14:54:01 Job submitted from host: <131.169.223.41:9618?addrs=131.169.223.41-9618+[2001-638-700-10df--1-29]-9618&noUDP&sock=schedd_499365_6ede_3>
...
000 (1877889.027.000) 07/19 14:54:01 Job submitted from host: <131.169.223.41:9618?addrs=131.169.223.41-9618+[2001-638-700-10df--1-29]-9618&noUDP&sock=schedd_499365_6ede_3>
...
000 (1877889.028.000) 07/19 14:54:01 Job submitted from host: <131.169.223.41:9618?addrs=131.169.223.41-9618+[2001-638-700-10df--1-29]-9618&noUDP&sock=schedd_499365_6ede_3>
...
000 (1877889.029.000) 07/19 14:54:01 Job submitted from host: <131.169.223.41:9618?addrs=131.169.223.41-9618+[2001-638-700-10df--1-29]-9618&noUDP&sock=schedd_499365_6ede_3>
...
000 (1877889.030.000) 07/19 14:54:01 Job submitted from host: <131.169.223.41:9618?addrs=131.169.223.41-9618+[2001-638-700-10df--1-29]-9618&noUDP&sock=schedd_499365_6ede_3>
...
000 (1877889.031.000) 07/19 14:54:01 Job submitted from host: <131.169.223.41:9618?addrs=131.169.223.41-9618+[2001-638-700-10df--1-29]-9618&noUDP&sock=schedd_499365_6ede_3>
...
000 (1877889.032.000) 07/19 14:54:01 Job submitted from host: <131.169.223.41:9618?addrs=131.169.223.41-9618+[2001-638-700-10df--1-29]-9618&noUDP&sock=schedd_499365_6ede_3>
...
000 (1877889.033.000) 07/19 14:54:01 Job submitted from host: <131.169.223.41:9618?addrs=131.169.223.41-9618+[2001-638-700-10df--1-29]-9618&noUDP&sock=schedd_499365_6ede_3>
...
000 (1877889.034.000) 07/19 14:54:01 Job submitted from host: <131.169.223.41:9618?addrs=131.169.223.41-9618+[2001-638-700-10df--1-29]-9618&noUDP&sock=schedd_499365_6ede_3>
...
000 (1877889.035.000) 07/19 14:54:01 Job submitted from host: <131.169.223.41:9618?addrs=131.169.223.41-9618+[2001-638-700-10df--1-29]-9618&noUDP&sock=schedd_499365_6ede_3>
...
001 (1877889.014.000) 07/19 15:48:56 Job executing on host: <131.169.77.164:46485?addrs=131.169.77.164-46485>
...
001 (1877889.000.000) 07/19 15:48:56 Job executing on host: <131.169.84.176:33995?addrs=131.169.84.176-33995>
...
001 (1877889.010.000) 07/19 15:48:56 Job executing on host: <131.169.77.10:36887?addrs=131.169.77.10-36887>
...
001 (1877889.023.000) 07/19 15:48:56 Job executing on host: <131.169.77.153:33650?addrs=131.169.77.153-33650>
...
001 (1877889.022.000) 07/19 15:48:56 Job executing on host: <131.169.77.171:45758?addrs=131.169.77.171-45758>
...
001 (1877889.018.000) 07/19 15:48:56 Job executing on host: <131.169.77.18:33086?addrs=131.169.77.18-33086>
...
001 (1877889.034.000) 07/19 15:48:56 Job executing on host: <131.169.163.109:35988?addrs=131.169.163.109-35988>
...
001 (1877889.032.000) 07/19 15:48:56 Job executing on host: <131.169.163.127:40938?addrs=131.169.163.127-40938>
...
001 (1877889.001.000) 07/19 15:48:57 Job executing on host: <131.169.77.11:37973?addrs=131.169.77.11-37973>
...
001 (1877889.007.000) 07/19 15:48:59 Job executing on host: <131.169.77.214:33329?addrs=131.169.77.214-33329>
...
001 (1877889.026.000) 07/19 15:49:00 Job executing on host: <131.169.163.125:39161?addrs=131.169.163.125-39161>
...
001 (1877889.016.000) 07/19 15:49:01 Job executing on host: <131.169.77.164:46485?addrs=131.169.77.164-46485>
...
001 (1877889.008.000) 07/19 15:49:02 Job executing on host: <131.169.84.120:44833?addrs=131.169.84.120-44833>
...
001 (1877889.019.000) 07/19 15:49:02 Job executing on host: <131.169.77.18:33086?addrs=131.169.77.18-33086>
...
001 (1877889.009.000) 07/19 15:49:02 Job executing on host: <131.169.163.110:40572?addrs=131.169.163.110-40572>
...
001 (1877889.011.000) 07/19 15:49:02 Job executing on host: <131.169.77.10:36887?addrs=131.169.77.10-36887>
...
001 (1877889.035.000) 07/19 15:49:02 Job executing on host: <131.169.163.109:35988?addrs=131.169.163.109-35988>
...
001 (1877889.024.000) 07/19 15:49:02 Job executing on host: <131.169.77.148:44232?addrs=131.169.77.148-44232>
...
001 (1877889.031.000) 07/19 15:49:03 Job executing on host: <131.169.77.211:45884?addrs=131.169.77.211-45884>
...
001 (1877889.017.000) 07/19 15:49:03 Job executing on host: <131.169.77.164:46485?addrs=131.169.77.164-46485>
...
001 (1877889.020.000) 07/19 15:49:03 Job executing on host: <131.169.77.18:33086?addrs=131.169.77.18-33086>
...
001 (1877889.025.000) 07/19 15:49:03 Job executing on host: <131.169.77.148:44232?addrs=131.169.77.148-44232>
...
001 (1877889.012.000) 07/19 15:49:03 Job executing on host: <131.169.77.10:36887?addrs=131.169.77.10-36887>
...
001 (1877889.002.000) 07/19 15:49:03 Job executing on host: <131.169.77.11:37973?addrs=131.169.77.11-37973>
...
001 (1877889.033.000) 07/19 15:49:03 Job executing on host: <131.169.163.127:40938?addrs=131.169.163.127-40938>
...
001 (1877889.015.000) 07/19 15:49:04 Job executing on host: <131.169.77.164:46485?addrs=131.169.77.164-46485>
...
001 (1877889.021.000) 07/19 15:49:04 Job executing on host: <131.169.77.18:33086?addrs=131.169.77.18-33086>
...
001 (1877889.030.000) 07/19 15:49:04 Job executing on host: <131.169.163.137:33971?addrs=131.169.163.137-33971>
...
001 (1877889.013.000) 07/19 15:49:04 Job executing on host: <131.169.77.10:36887?addrs=131.169.77.10-36887>
...
001 (1877889.003.000) 07/19 15:49:05 Job executing on host: <131.169.77.11:37973?addrs=131.169.77.11-37973>
...
001 (1877889.027.000) 07/19 15:49:05 Job executing on host: <131.169.163.125:39161?addrs=131.169.163.125-39161>
...
006 (1877889.034.000) 07/19 15:49:05 Image size of job updated: 112972
	109  -  MemoryUsage of job (MB)
	111216  -  ResidentSetSize of job (KB)
...
006 (1877889.032.000) 07/19 15:49:05 Image size of job updated: 125700
	123  -  MemoryUsage of job (MB)
	125220  -  ResidentSetSize of job (KB)
...
006 (1877889.000.000) 07/19 15:49:05 Image size of job updated: 178740
	109  -  MemoryUsage of job (MB)
	111336  -  ResidentSetSize of job (KB)
...
006 (1877889.014.000) 07/19 15:49:05 Image size of job updated: 156320
	143  -  MemoryUsage of job (MB)
	146080  -  ResidentSetSize of job (KB)
...
006 (1877889.010.000) 07/19 15:49:05 Image size of job updated: 111392
	109  -  MemoryUsage of job (MB)
	111336  -  ResidentSetSize of job (KB)
...
006 (1877889.023.000) 07/19 15:49:05 Image size of job updated: 164932
	144  -  MemoryUsage of job (MB)
	146932  -  ResidentSetSize of job (KB)
...
006 (1877889.022.000) 07/19 15:49:05 Image size of job updated: 181752
	109  -  MemoryUsage of job (MB)
	111324  -  ResidentSetSize of job (KB)
...
006 (1877889.018.000) 07/19 15:49:05 Image size of job updated: 117496
	115  -  MemoryUsage of job (MB)
	116828  -  ResidentSetSize of job (KB)
...
001 (1877889.028.000) 07/19 15:49:06 Job executing on host: <131.169.163.125:39161?addrs=131.169.163.125-39161>
...
006 (1877889.001.000) 07/19 15:49:06 Image size of job updated: 112464
	109  -  MemoryUsage of job (MB)
	111312  -  ResidentSetSize of job (KB)
...
001 (1877889.029.000) 07/19 15:49:07 Job executing on host: <131.169.163.125:39161?addrs=131.169.163.125-39161>
...
006 (1877889.007.000) 07/19 15:49:08 Image size of job updated: 208012
	126  -  MemoryUsage of job (MB)
	128952  -  ResidentSetSize of job (KB)
...
001 (1877889.004.000) 07/19 15:49:09 Job executing on host: <131.169.163.119:45044?addrs=131.169.163.119-45044>
...
001 (1877889.005.000) 07/19 15:49:09 Job executing on host: <131.169.163.119:45044?addrs=131.169.163.119-45044>
...
006 (1877889.026.000) 07/19 15:49:09 Image size of job updated: 113940
	109  -  MemoryUsage of job (MB)
	111236  -  ResidentSetSize of job (KB)
...
001 (1877889.006.000) 07/19 15:49:09 Job executing on host: <131.169.163.119:45044?addrs=131.169.163.119-45044>
...
006 (1877889.016.000) 07/19 15:49:10 Image size of job updated: 111324
	109  -  MemoryUsage of job (MB)
	111324  -  ResidentSetSize of job (KB)
...
006 (1877889.035.000) 07/19 15:49:11 Image size of job updated: 125052
	122  -  MemoryUsage of job (MB)
	124044  -  ResidentSetSize of job (KB)
...
006 (1877889.011.000) 07/19 15:49:11 Image size of job updated: 131072
	115  -  MemoryUsage of job (MB)
	116824  -  ResidentSetSize of job (KB)
...
006 (1877889.024.000) 07/19 15:49:11 Image size of job updated: 134360
	112  -  MemoryUsage of job (MB)
	113876  -  ResidentSetSize of job (KB)
...
006 (1877889.008.000) 07/19 15:49:11 Image size of job updated: 184248
	109  -  MemoryUsage of job (MB)
	111320  -  ResidentSetSize of job (KB)
...
006 (1877889.009.000) 07/19 15:49:11 Image size of job updated: 136684
	113  -  MemoryUsage of job (MB)
	114980  -  ResidentSetSize of job (KB)
...
006 (1877889.019.000) 07/19 15:49:11 Image size of job updated: 135732
	115  -  MemoryUsage of job (MB)
	116820  -  ResidentSetSize of job (KB)
...
006 (1877889.033.000) 07/19 15:49:12 Image size of job updated: 199164
	117  -  MemoryUsage of job (MB)
	119768  -  ResidentSetSize of job (KB)
...
006 (1877889.031.000) 07/19 15:49:12 Image size of job updated: 184800
	109  -  MemoryUsage of job (MB)
	111228  -  ResidentSetSize of job (KB)
...
006 (1877889.020.000) 07/19 15:49:12 Image size of job updated: 161632
	109  -  MemoryUsage of job (MB)
	111344  -  ResidentSetSize of job (KB)
...
006 (1877889.017.000) 07/19 15:49:12 Image size of job updated: 138324
	115  -  MemoryUsage of job (MB)
	117104  -  ResidentSetSize of job (KB)
...
006 (1877889.012.000) 07/19 15:49:12 Image size of job updated: 164212
	109  -  MemoryUsage of job (MB)
	111328  -  ResidentSetSize of job (KB)
...
006 (1877889.025.000) 07/19 15:49:12 Image size of job updated: 146580
	109  -  MemoryUsage of job (MB)
	111320  -  ResidentSetSize of job (KB)
...
006 (1877889.002.000) 07/19 15:49:13 Image size of job updated: 154752
	109  -  MemoryUsage of job (MB)
	111344  -  ResidentSetSize of job (KB)
...
006 (1877889.003.000) 07/19 15:49:13 Image size of job updated: 152972
	115  -  MemoryUsage of job (MB)
	116832  -  ResidentSetSize of job (KB)
...
006 (1877889.027.000) 07/19 15:49:13 Image size of job updated: 115652
	113  -  MemoryUsage of job (MB)
	114960  -  ResidentSetSize of job (KB)
...
006 (1877889.021.000) 07/19 15:49:13 Image size of job updated: 113648
	109  -  MemoryUsage of job (MB)
	111364  -  ResidentSetSize of job (KB)
...
006 (1877889.015.000) 07/19 15:49:13 Image size of job updated: 202184
	142  -  MemoryUsage of job (MB)
	144840  -  ResidentSetSize of job (KB)
...
006 (1877889.013.000) 07/19 15:49:13 Image size of job updated: 124292
	115  -  MemoryUsage of job (MB)
	116960  -  ResidentSetSize of job (KB)
...
006 (1877889.030.000) 07/19 15:49:13 Image size of job updated: 181664
	109  -  MemoryUsage of job (MB)
	111232  -  ResidentSetSize of job (KB)
...
006 (1877889.028.000) 07/19 15:49:15 Image size of job updated: 111216
	109  -  MemoryUsage of job (MB)
	111216  -  ResidentSetSize of job (KB)
...
006 (1877889.029.000) 07/19 15:49:16 Image size of job updated: 192048
	109  -  MemoryUsage of job (MB)
	111544  -  ResidentSetSize of job (KB)
...
006 (1877889.006.000) 07/19 15:49:18 Image size of job updated: 135956
	115  -  MemoryUsage of job (MB)
	116840  -  ResidentSetSize of job (KB)
...
006 (1877889.004.000) 07/19 15:49:18 Image size of job updated: 150624
	115  -  MemoryUsage of job (MB)
	116828  -  ResidentSetSize of job (KB)
...
006 (1877889.005.000) 07/19 15:49:18 Image size of job updated: 132004
	109  -  MemoryUsage of job (MB)
	111328  -  ResidentSetSize of job (KB)
...
006 (1877889.034.000) 07/19 15:54:05 Image size of job updated: 172372
	164  -  MemoryUsage of job (MB)
	167300  -  ResidentSetSize of job (KB)
...
006 (1877889.032.000) 07/19 15:54:05 Image size of job updated: 170456
	164  -  MemoryUsage of job (MB)
	167060  -  ResidentSetSize of job (KB)
...
006 (1877889.010.000) 07/19 15:54:06 Image size of job updated: 188584
	179  -  MemoryUsage of job (MB)
	183044  -  ResidentSetSize of job (KB)
...
006 (1877889.023.000) 07/19 15:54:06 Image size of job updated: 201152
	179  -  MemoryUsage of job (MB)
	182912  -  ResidentSetSize of job (KB)
...
006 (1877889.022.000) 07/19 15:54:06 Image size of job updated: 266428
	179  -  MemoryUsage of job (MB)
	183124  -  ResidentSetSize of job (KB)
...
006 (1877889.018.000) 07/19 15:54:06 Image size of job updated: 182580
	178  -  MemoryUsage of job (MB)
	182232  -  ResidentSetSize of job (KB)
...
006 (1877889.001.000) 07/19 15:54:06 Image size of job updated: 189960
	179  -  MemoryUsage of job (MB)
	183064  -  ResidentSetSize of job (KB)
...
006 (1877889.000.000) 07/19 15:54:06 Image size of job updated: 250072
	179  -  MemoryUsage of job (MB)
	182568  -  ResidentSetSize of job (KB)
...
006 (1877889.014.000) 07/19 15:54:06 Image size of job updated: 183788
	180  -  MemoryUsage of job (MB)
	183360  -  ResidentSetSize of job (KB)
...
006 (1877889.007.000) 07/19 15:54:09 Image size of job updated: 265780
	179  -  MemoryUsage of job (MB)
	183020  -  ResidentSetSize of job (KB)
...
006 (1877889.026.000) 07/19 15:54:10 Image size of job updated: 171348
	164  -  MemoryUsage of job (MB)
	167280  -  ResidentSetSize of job (KB)
...
006 (1877889.016.000) 07/19 15:54:10 Image size of job updated: 184508
	180  -  MemoryUsage of job (MB)
	183428  -  ResidentSetSize of job (KB)
...
006 (1877889.035.000) 07/19 15:54:11 Image size of job updated: 167560
	163  -  MemoryUsage of job (MB)
	166508  -  ResidentSetSize of job (KB)
...
006 (1877889.011.000) 07/19 15:54:11 Image size of job updated: 198460
	179  -  MemoryUsage of job (MB)
	182656  -  ResidentSetSize of job (KB)
...
006 (1877889.024.000) 07/19 15:54:11 Image size of job updated: 207852
	179  -  MemoryUsage of job (MB)
	182864  -  ResidentSetSize of job (KB)
...
006 (1877889.008.000) 07/19 15:54:12 Image size of job updated: 268724
	179  -  MemoryUsage of job (MB)
	182316  -  ResidentSetSize of job (KB)
...
006 (1877889.009.000) 07/19 15:54:12 Image size of job updated: 207324
	179  -  MemoryUsage of job (MB)
	182328  -  ResidentSetSize of job (KB)
...
006 (1877889.019.000) 07/19 15:54:12 Image size of job updated: 182548
	178  -  MemoryUsage of job (MB)
	182200  -  ResidentSetSize of job (KB)
...
006 (1877889.033.000) 07/19 15:54:12 Image size of job updated: 246788
	164  -  MemoryUsage of job (MB)
	167256  -  ResidentSetSize of job (KB)
...
006 (1877889.031.000) 07/19 15:54:13 Image size of job updated: 255704
	165  -  MemoryUsage of job (MB)
	168148  -  ResidentSetSize of job (KB)
...
006 (1877889.020.000) 07/19 15:54:13 Image size of job updated: 183064
	179  -  MemoryUsage of job (MB)
	182776  -  ResidentSetSize of job (KB)
...
006 (1877889.017.000) 07/19 15:54:13 Image size of job updated: 183440
	179  -  MemoryUsage of job (MB)
	183012  -  ResidentSetSize of job (KB)
...
006 (1877889.025.000) 07/19 15:54:13 Image size of job updated: 219156
	179  -  MemoryUsage of job (MB)
	182976  -  ResidentSetSize of job (KB)
...
006 (1877889.012.000) 07/19 15:54:13 Image size of job updated: 236876
	179  -  MemoryUsage of job (MB)
	182664  -  ResidentSetSize of job (KB)
...
006 (1877889.002.000) 07/19 15:54:13 Image size of job updated: 226596
	179  -  MemoryUsage of job (MB)
	183188  -  ResidentSetSize of job (KB)
...
006 (1877889.003.000) 07/19 15:54:13 Image size of job updated: 219156
	179  -  MemoryUsage of job (MB)
	182916  -  ResidentSetSize of job (KB)
...
006 (1877889.027.000) 07/19 15:54:13 Image size of job updated: 168044
	164  -  MemoryUsage of job (MB)
	167252  -  ResidentSetSize of job (KB)
...
006 (1877889.015.000) 07/19 15:54:14 Image size of job updated: 202184
	179  -  MemoryUsage of job (MB)
	182656  -  ResidentSetSize of job (KB)
...
006 (1877889.030.000) 07/19 15:54:14 Image size of job updated: 253916
	167  -  MemoryUsage of job (MB)
	170752  -  ResidentSetSize of job (KB)
...
006 (1877889.013.000) 07/19 15:54:14 Image size of job updated: 190212
	179  -  MemoryUsage of job (MB)
	182496  -  ResidentSetSize of job (KB)
...
006 (1877889.021.000) 07/19 15:54:14 Image size of job updated: 184620
	180  -  MemoryUsage of job (MB)
	183484  -  ResidentSetSize of job (KB)
...
006 (1877889.028.000) 07/19 15:54:16 Image size of job updated: 167184
	164  -  MemoryUsage of job (MB)
	167184  -  ResidentSetSize of job (KB)
...
006 (1877889.029.000) 07/19 15:54:17 Image size of job updated: 260040
	176  -  MemoryUsage of job (MB)
	179496  -  ResidentSetSize of job (KB)
...
006 (1877889.006.000) 07/19 15:54:18 Image size of job updated: 204856
	179  -  MemoryUsage of job (MB)
	183156  -  ResidentSetSize of job (KB)
...
006 (1877889.004.000) 07/19 15:54:19 Image size of job updated: 221264
	179  -  MemoryUsage of job (MB)
	182312  -  ResidentSetSize of job (KB)
...
006 (1877889.005.000) 07/19 15:54:19 Image size of job updated: 209900
	179  -  MemoryUsage of job (MB)
	182976  -  ResidentSetSize of job (KB)
...
006 (1877889.018.000) 07/19 15:59:06 Image size of job updated: 183860
	180  -  MemoryUsage of job (MB)
	183512  -  ResidentSetSize of job (KB)
...
006 (1877889.023.000) 07/19 15:59:06 Image size of job updated: 201152
	180  -  MemoryUsage of job (MB)
	183816  -  ResidentSetSize of job (KB)
...
006 (1877889.010.000) 07/19 15:59:06 Image size of job updated: 189220
	180  -  MemoryUsage of job (MB)
	183704  -  ResidentSetSize of job (KB)
...
006 (1877889.022.000) 07/19 15:59:06 Image size of job updated: 267056
	180  -  MemoryUsage of job (MB)
	183752  -  ResidentSetSize of job (KB)
...
006 (1877889.034.000) 07/19 15:59:06 Image size of job updated: 184832
	176  -  MemoryUsage of job (MB)
	179760  -  ResidentSetSize of job (KB)
...
006 (1877889.032.000) 07/19 15:59:06 Image size of job updated: 188324
	181  -  MemoryUsage of job (MB)
	184924  -  ResidentSetSize of job (KB)
...
006 (1877889.001.000) 07/19 15:59:07 Image size of job updated: 190800
	180  -  MemoryUsage of job (MB)
	183904  -  ResidentSetSize of job (KB)
...
006 (1877889.000.000) 07/19 15:59:07 Image size of job updated: 251272
	180  -  MemoryUsage of job (MB)
	183768  -  ResidentSetSize of job (KB)
...
006 (1877889.014.000) 07/19 15:59:07 Image size of job updated: 184368
	180  -  MemoryUsage of job (MB)
	183940  -  ResidentSetSize of job (KB)
...
006 (1877889.007.000) 07/19 15:59:09 Image size of job updated: 266604
	180  -  MemoryUsage of job (MB)
	183844  -  ResidentSetSize of job (KB)
...
006 (1877889.026.000) 07/19 15:59:10 Image size of job updated: 183152
	175  -  MemoryUsage of job (MB)
	179120  -  ResidentSetSize of job (KB)
...
006 (1877889.035.000) 07/19 15:59:11 Image size of job updated: 181196
	176  -  MemoryUsage of job (MB)
	180144  -  ResidentSetSize of job (KB)
...
006 (1877889.016.000) 07/19 15:59:11 Image size of job updated: 184912
	180  -  MemoryUsage of job (MB)
	183832  -  ResidentSetSize of job (KB)
...
006 (1877889.024.000) 07/19 15:59:12 Image size of job updated: 207852
	180  -  MemoryUsage of job (MB)
	183744  -  ResidentSetSize of job (KB)
...
006 (1877889.008.000) 07/19 15:59:12 Image size of job updated: 271380
	181  -  MemoryUsage of job (MB)
	184968  -  ResidentSetSize of job (KB)
...
006 (1877889.009.000) 07/19 15:59:12 Image size of job updated: 207788
	180  -  MemoryUsage of job (MB)
	183612  -  ResidentSetSize of job (KB)
...
006 (1877889.019.000) 07/19 15:59:12 Image size of job updated: 184124
	180  -  MemoryUsage of job (MB)
	183776  -  ResidentSetSize of job (KB)
...
006 (1877889.011.000) 07/19 15:59:12 Image size of job updated: 199448
	180  -  MemoryUsage of job (MB)
	183644  -  ResidentSetSize of job (KB)
...
006 (1877889.017.000) 07/19 15:59:13 Image size of job updated: 184352
	180  -  MemoryUsage of job (MB)
	183924  -  ResidentSetSize of job (KB)
...
006 (1877889.020.000) 07/19 15:59:13 Image size of job updated: 184112
	180  -  MemoryUsage of job (MB)
	183824  -  ResidentSetSize of job (KB)
...
006 (1877889.031.000) 07/19 15:59:13 Image size of job updated: 272212
	181  -  MemoryUsage of job (MB)
	184656  -  ResidentSetSize of job (KB)
...
006 (1877889.012.000) 07/19 15:59:13 Image size of job updated: 237824
	180  -  MemoryUsage of job (MB)
	183612  -  ResidentSetSize of job (KB)
...
006 (1877889.002.000) 07/19 15:59:13 Image size of job updated: 227056
	180  -  MemoryUsage of job (MB)
	183648  -  ResidentSetSize of job (KB)
...
006 (1877889.033.000) 07/19 15:59:13 Image size of job updated: 263264
	180  -  MemoryUsage of job (MB)
	183720  -  ResidentSetSize of job (KB)
...
006 (1877889.025.000) 07/19 15:59:13 Image size of job updated: 219372
	180  -  MemoryUsage of job (MB)
	184064  -  ResidentSetSize of job (KB)
...
006 (1877889.003.000) 07/19 15:59:14 Image size of job updated: 220040
	180  -  MemoryUsage of job (MB)
	183800  -  ResidentSetSize of job (KB)
...
006 (1877889.027.000) 07/19 15:59:14 Image size of job updated: 184332
	180  -  MemoryUsage of job (MB)
	183604  -  ResidentSetSize of job (KB)
...
006 (1877889.015.000) 07/19 15:59:14 Image size of job updated: 202184
	180  -  MemoryUsage of job (MB)
	183608  -  ResidentSetSize of job (KB)
...
006 (1877889.013.000) 07/19 15:59:14 Image size of job updated: 191444
	180  -  MemoryUsage of job (MB)
	183764  -  ResidentSetSize of job (KB)
...
006 (1877889.030.000) 07/19 15:59:14 Image size of job updated: 261836
	175  -  MemoryUsage of job (MB)
	178672  -  ResidentSetSize of job (KB)
...
006 (1877889.021.000) 07/19 15:59:15 Image size of job updated: 185808
	181  -  MemoryUsage of job (MB)
	184672  -  ResidentSetSize of job (KB)
...
006 (1877889.028.000) 07/19 15:59:16 Image size of job updated: 180064
	176  -  MemoryUsage of job (MB)
	180064  -  ResidentSetSize of job (KB)
...
006 (1877889.029.000) 07/19 15:59:17 Image size of job updated: 265652
	182  -  MemoryUsage of job (MB)
	185448  -  ResidentSetSize of job (KB)
...
006 (1877889.006.000) 07/19 15:59:18 Image size of job updated: 205620
	180  -  MemoryUsage of job (MB)
	183920  -  ResidentSetSize of job (KB)
...
006 (1877889.005.000) 07/19 15:59:19 Image size of job updated: 210664
	180  -  MemoryUsage of job (MB)
	183740  -  ResidentSetSize of job (KB)
...
006 (1877889.004.000) 07/19 15:59:19 Image size of job updated: 222596
	180  -  MemoryUsage of job (MB)
	183644  -  ResidentSetSize of job (KB)
...
006 (1877889.029.000) 07/19 16:05:36 Image size of job updated: 271532
	187  -  MemoryUsage of job (MB)
	191328  -  ResidentSetSize of job (KB)
...
006 (1877889.015.000) 07/19 16:05:36 Image size of job updated: 202184
	180  -  MemoryUsage of job (MB)
	184036  -  ResidentSetSize of job (KB)
...
006 (1877889.013.000) 07/19 16:05:36 Image size of job updated: 191456
	180  -  MemoryUsage of job (MB)
	183892  -  ResidentSetSize of job (KB)
...
006 (1877889.010.000) 07/19 16:05:40 Image size of job updated: 189220
	180  -  MemoryUsage of job (MB)
	183904  -  ResidentSetSize of job (KB)
...
006 (1877889.028.000) 07/19 16:05:41 Image size of job updated: 184284
	180  -  MemoryUsage of job (MB)
	184284  -  ResidentSetSize of job (KB)
...
006 (1877889.001.000) 07/19 16:05:43 Image size of job updated: 190836
	180  -  MemoryUsage of job (MB)
	183940  -  ResidentSetSize of job (KB)
...
006 (1877889.008.000) 07/19 16:05:47 Image size of job updated: 271448
	181  -  MemoryUsage of job (MB)
	185036  -  ResidentSetSize of job (KB)
...
006 (1877889.003.000) 07/19 16:05:50 Image size of job updated: 220084
	180  -  MemoryUsage of job (MB)
	183844  -  ResidentSetSize of job (KB)
...
006 (1877889.017.000) 07/19 16:06:03 Image size of job updated: 184388
	180  -  MemoryUsage of job (MB)
	183960  -  ResidentSetSize of job (KB)
...
006 (1877889.032.000) 07/19 16:06:04 Image size of job updated: 189400
	182  -  MemoryUsage of job (MB)
	186000  -  ResidentSetSize of job (KB)
...
006 (1877889.034.000) 07/19 16:06:04 Image size of job updated: 195176
	186  -  MemoryUsage of job (MB)
	190168  -  ResidentSetSize of job (KB)
...
006 (1877889.022.000) 07/19 16:06:04 Image size of job updated: 267316
	180  -  MemoryUsage of job (MB)
	184012  -  ResidentSetSize of job (KB)
...
006 (1877889.018.000) 07/19 16:06:05 Image size of job updated: 184020
	180  -  MemoryUsage of job (MB)
	183672  -  ResidentSetSize of job (KB)
...
006 (1877889.000.000) 07/19 16:06:05 Image size of job updated: 251500
	180  -  MemoryUsage of job (MB)
	183996  -  ResidentSetSize of job (KB)
...
006 (1877889.023.000) 07/19 16:06:06 Image size of job updated: 201152
	180  -  MemoryUsage of job (MB)
	183940  -  ResidentSetSize of job (KB)
...
006 (1877889.014.000) 07/19 16:06:06 Image size of job updated: 184388
	180  -  MemoryUsage of job (MB)
	183960  -  ResidentSetSize of job (KB)
...
006 (1877889.007.000) 07/19 16:06:08 Image size of job updated: 266708
	180  -  MemoryUsage of job (MB)
	183952  -  ResidentSetSize of job (KB)
...
006 (1877889.026.000) 07/19 16:06:09 Image size of job updated: 194084
	186  -  MemoryUsage of job (MB)
	190052  -  ResidentSetSize of job (KB)
...
006 (1877889.016.000) 07/19 16:06:09 Image size of job updated: 185232
	180  -  MemoryUsage of job (MB)
	184152  -  ResidentSetSize of job (KB)
...
006 (1877889.035.000) 07/19 16:06:10 Image size of job updated: 191148
	186  -  MemoryUsage of job (MB)
	190184  -  ResidentSetSize of job (KB)
...
006 (1877889.011.000) 07/19 16:06:10 Image size of job updated: 199448
	180  -  MemoryUsage of job (MB)
	183844  -  ResidentSetSize of job (KB)
...
006 (1877889.024.000) 07/19 16:06:10 Image size of job updated: 208256
	181  -  MemoryUsage of job (MB)
	185056  -  ResidentSetSize of job (KB)
...
006 (1877889.019.000) 07/19 16:06:11 Image size of job updated: 184216
	180  -  MemoryUsage of job (MB)
	183868  -  ResidentSetSize of job (KB)
...
006 (1877889.009.000) 07/19 16:06:11 Image size of job updated: 207852
	180  -  MemoryUsage of job (MB)
	183676  -  ResidentSetSize of job (KB)
...
006 (1877889.033.000) 07/19 16:06:11 Image size of job updated: 265500
	182  -  MemoryUsage of job (MB)
	185956  -  ResidentSetSize of job (KB)
...
006 (1877889.002.000) 07/19 16:06:11 Image size of job updated: 227528
	180  -  MemoryUsage of job (MB)
	184120  -  ResidentSetSize of job (KB)
...
006 (1877889.012.000) 07/19 16:06:11 Image size of job updated: 237824
	180  -  MemoryUsage of job (MB)
	183704  -  ResidentSetSize of job (KB)
...
006 (1877889.025.000) 07/19 16:06:11 Image size of job updated: 220476
	181  -  MemoryUsage of job (MB)
	185168  -  ResidentSetSize of job (KB)
...
006 (1877889.020.000) 07/19 16:06:12 Image size of job updated: 184172
	180  -  MemoryUsage of job (MB)
	183884  -  ResidentSetSize of job (KB)
...
006 (1877889.031.000) 07/19 16:06:12 Image size of job updated: 273732
	182  -  MemoryUsage of job (MB)
	186176  -  ResidentSetSize of job (KB)
...
006 (1877889.021.000) 07/19 16:06:12 Image size of job updated: 185852
	181  -  MemoryUsage of job (MB)
	184716  -  ResidentSetSize of job (KB)
...
006 (1877889.030.000) 07/19 16:06:13 Image size of job updated: 271140
	184  -  MemoryUsage of job (MB)
	187976  -  ResidentSetSize of job (KB)
...
006 (1877889.027.000) 07/19 16:06:13 Image size of job updated: 186376
	182  -  MemoryUsage of job (MB)
	185648  -  ResidentSetSize of job (KB)
...
006 (1877889.004.000) 07/19 16:06:18 Image size of job updated: 222812
	180  -  MemoryUsage of job (MB)
	183860  -  ResidentSetSize of job (KB)
...
006 (1877889.006.000) 07/19 16:06:18 Image size of job updated: 205680
	180  -  MemoryUsage of job (MB)
	183980  -  ResidentSetSize of job (KB)
...
006 (1877889.005.000) 07/19 16:06:18 Image size of job updated: 210844
	180  -  MemoryUsage of job (MB)
	183920  -  ResidentSetSize of job (KB)
...
006 (1877889.035.000) 07/19 16:07:29 Image size of job updated: 191148
	186  -  MemoryUsage of job (MB)
	190188  -  ResidentSetSize of job (KB)
...
005 (1877889.035.000) 07/19 16:07:29 Job terminated.
	(1) Normal termination (return value 0)
		Usr 0 00:14:39, Sys 0 00:00:22  -  Run Remote Usage
		Usr 0 00:00:00, Sys 0 00:00:00  -  Run Local Usage
		Usr 0 00:14:39, Sys 0 00:00:22  -  Total Remote Usage
		Usr 0 00:00:00, Sys 0 00:00:00  -  Total Local Usage
	0  -  Run Bytes Sent By Job
	0  -  Run Bytes Received By Job
	0  -  Total Bytes Sent By Job
	0  -  Total Bytes Received By Job
	Partitionable Resources :    Usage  Request Allocated 
	   Cpus                 :     0.91        1         1 
	   Disk (KB)            :     1    10752000  11701243 
	   Memory (MB)          :   186       10240     10240 
...
006 (1877889.029.000) 07/19 16:09:31 Image size of job updated: 271532
	188  -  MemoryUsage of job (MB)
	192040  -  ResidentSetSize of job (KB)
...
006 (1877889.013.000) 07/19 16:09:39 Image size of job updated: 191456
	180  -  MemoryUsage of job (MB)
	183916  -  ResidentSetSize of job (KB)
...
006 (1877889.015.000) 07/19 16:09:39 Image size of job updated: 202184
	180  -  MemoryUsage of job (MB)
	184060  -  ResidentSetSize of job (KB)
...
006 (1877889.028.000) 07/19 16:09:55 Image size of job updated: 186776
	183  -  MemoryUsage of job (MB)
	186776  -  ResidentSetSize of job (KB)
...
006 (1877889.010.000) 07/19 16:10:22 Image size of job updated: 189220
	180  -  MemoryUsage of job (MB)
	183984  -  ResidentSetSize of job (KB)
...
006 (1877889.001.000) 07/19 16:10:31 Image size of job updated: 191004
	180  -  MemoryUsage of job (MB)
	184108  -  ResidentSetSize of job (KB)
...
006 (1877889.008.000) 07/19 16:10:31 Image size of job updated: 271516
	181  -  MemoryUsage of job (MB)
	185104  -  ResidentSetSize of job (KB)
...
006 (1877889.003.000) 07/19 16:10:40 Image size of job updated: 220088
	180  -  MemoryUsage of job (MB)
	183848  -  ResidentSetSize of job (KB)
...
006 (1877889.017.000) 07/19 16:11:33 Image size of job updated: 184564
	180  -  MemoryUsage of job (MB)
	184136  -  ResidentSetSize of job (KB)
...
006 (1877889.032.000) 07/19 16:11:57 Image size of job updated: 192368
	185  -  MemoryUsage of job (MB)
	188968  -  ResidentSetSize of job (KB)
...
006 (1877889.034.000) 07/19 16:11:58 Image size of job updated: 195940
	187  -  MemoryUsage of job (MB)
	191184  -  ResidentSetSize of job (KB)
...
006 (1877889.022.000) 07/19 16:11:58 Image size of job updated: 267492
	180  -  MemoryUsage of job (MB)
	184016  -  ResidentSetSize of job (KB)
...
006 (1877889.014.000) 07/19 16:11:58 Image size of job updated: 184548
	180  -  MemoryUsage of job (MB)
	184120  -  ResidentSetSize of job (KB)
...
006 (1877889.000.000) 07/19 16:12:01 Image size of job updated: 251792
	180  -  MemoryUsage of job (MB)
	184300  -  ResidentSetSize of job (KB)
...
006 (1877889.016.000) 07/19 16:12:01 Image size of job updated: 185236
	180  -  MemoryUsage of job (MB)
	184156  -  ResidentSetSize of job (KB)
...
006 (1877889.011.000) 07/19 16:12:02 Image size of job updated: 199448
	180  -  MemoryUsage of job (MB)
	184180  -  ResidentSetSize of job (KB)
...
006 (1877889.007.000) 07/19 16:12:03 Image size of job updated: 267820
	181  -  MemoryUsage of job (MB)
	185064  -  ResidentSetSize of job (KB)
...
006 (1877889.012.000) 07/19 16:12:03 Image size of job updated: 237824
	180  -  MemoryUsage of job (MB)
	183928  -  ResidentSetSize of job (KB)
...
006 (1877889.002.000) 07/19 16:12:03 Image size of job updated: 227544
	180  -  MemoryUsage of job (MB)
	184164  -  ResidentSetSize of job (KB)
...
006 (1877889.033.000) 07/19 16:12:03 Image size of job updated: 272488
	189  -  MemoryUsage of job (MB)
	192944  -  ResidentSetSize of job (KB)
...
006 (1877889.031.000) 07/19 16:12:04 Image size of job updated: 273732
	184  -  MemoryUsage of job (MB)
	188088  -  ResidentSetSize of job (KB)
...
006 (1877889.018.000) 07/19 16:12:04 Image size of job updated: 184048
	180  -  MemoryUsage of job (MB)
	183700  -  ResidentSetSize of job (KB)
...
006 (1877889.023.000) 07/19 16:12:04 Image size of job updated: 201152
	180  -  MemoryUsage of job (MB)
	184220  -  ResidentSetSize of job (KB)
...
006 (1877889.020.000) 07/19 16:12:04 Image size of job updated: 184284
	180  -  MemoryUsage of job (MB)
	183996  -  ResidentSetSize of job (KB)
...
006 (1877889.026.000) 07/19 16:12:04 Image size of job updated: 194168
	187  -  MemoryUsage of job (MB)
	190992  -  ResidentSetSize of job (KB)
...
006 (1877889.021.000) 07/19 16:12:05 Image size of job updated: 186072
	181  -  MemoryUsage of job (MB)
	184936  -  ResidentSetSize of job (KB)
...
006 (1877889.019.000) 07/19 16:12:06 Image size of job updated: 184236
	180  -  MemoryUsage of job (MB)
	183888  -  ResidentSetSize of job (KB)
...
006 (1877889.024.000) 07/19 16:12:06 Image size of job updated: 208256
	181  -  MemoryUsage of job (MB)
	185060  -  ResidentSetSize of job (KB)
...
006 (1877889.009.000) 07/19 16:12:06 Image size of job updated: 207852
	180  -  MemoryUsage of job (MB)
	183680  -  ResidentSetSize of job (KB)
...
006 (1877889.030.000) 07/19 16:12:08 Image size of job updated: 271140
	189  -  MemoryUsage of job (MB)
	193376  -  ResidentSetSize of job (KB)
...
006 (1877889.004.000) 07/19 16:12:10 Image size of job updated: 222996
	180  -  MemoryUsage of job (MB)
	184052  -  ResidentSetSize of job (KB)
...
006 (1877889.027.000) 07/19 16:12:12 Image size of job updated: 192140
	187  -  MemoryUsage of job (MB)
	191344  -  ResidentSetSize of job (KB)
...
006 (1877889.005.000) 07/19 16:12:13 Image size of job updated: 210852
	180  -  MemoryUsage of job (MB)
	183928  -  ResidentSetSize of job (KB)
...
006 (1877889.006.000) 07/19 16:12:16 Image size of job updated: 205740
	180  -  MemoryUsage of job (MB)
	184040  -  ResidentSetSize of job (KB)
...
006 (1877889.029.000) 07/19 16:14:32 Image size of job updated: 271532
	188  -  MemoryUsage of job (MB)
	192048  -  ResidentSetSize of job (KB)
...
006 (1877889.013.000) 07/19 16:14:39 Image size of job updated: 191456
	180  -  MemoryUsage of job (MB)
	183948  -  ResidentSetSize of job (KB)
...
006 (1877889.015.000) 07/19 16:14:39 Image size of job updated: 202184
	180  -  MemoryUsage of job (MB)
	184132  -  ResidentSetSize of job (KB)
...
006 (1877889.028.000) 07/19 16:14:56 Image size of job updated: 191892
	188  -  MemoryUsage of job (MB)
	191892  -  ResidentSetSize of job (KB)
...
006 (1877889.003.000) 07/19 16:15:40 Image size of job updated: 220104
	180  -  MemoryUsage of job (MB)
	183864  -  ResidentSetSize of job (KB)
...
006 (1877889.017.000) 07/19 16:16:26 Image size of job updated: 439436
	180  -  MemoryUsage of job (MB)
	184136  -  ResidentSetSize of job (KB)
...
006 (1877889.032.000) 07/19 16:16:57 Image size of job updated: 197304
	190  -  MemoryUsage of job (MB)
	193904  -  ResidentSetSize of job (KB)
...
006 (1877889.034.000) 07/19 16:16:58 Image size of job updated: 196356
	188  -  MemoryUsage of job (MB)
	191600  -  ResidentSetSize of job (KB)
...
006 (1877889.011.000) 07/19 16:17:03 Image size of job updated: 199448
	180  -  MemoryUsage of job (MB)
	184188  -  ResidentSetSize of job (KB)
...
006 (1877889.025.000) 07/19 16:17:04 Image size of job updated: 220476
	186  -  MemoryUsage of job (MB)
	189520  -  ResidentSetSize of job (KB)
...
006 (1877889.031.000) 07/19 16:17:04 Image size of job updated: 273732
	184  -  MemoryUsage of job (MB)
	188336  -  ResidentSetSize of job (KB)
...
006 (1877889.018.000) 07/19 16:17:04 Image size of job updated: 184136
	180  -  MemoryUsage of job (MB)
	183788  -  ResidentSetSize of job (KB)
...
006 (1877889.026.000) 07/19 16:17:06 Image size of job updated: 194168
	187  -  MemoryUsage of job (MB)
	191344  -  ResidentSetSize of job (KB)
...
006 (1877889.019.000) 07/19 16:17:06 Image size of job updated: 184368
	180  -  MemoryUsage of job (MB)
	184020  -  ResidentSetSize of job (KB)
...
006 (1877889.024.000) 07/19 16:17:06 Image size of job updated: 208256
	181  -  MemoryUsage of job (MB)
	185072  -  ResidentSetSize of job (KB)
...
006 (1877889.009.000) 07/19 16:17:07 Image size of job updated: 207852
	180  -  MemoryUsage of job (MB)
	183904  -  ResidentSetSize of job (KB)
...
006 (1877889.030.000) 07/19 16:17:10 Image size of job updated: 271140
	190  -  MemoryUsage of job (MB)
	193544  -  ResidentSetSize of job (KB)
...
006 (1877889.004.000) 07/19 16:17:11 Image size of job updated: 222996
	180  -  MemoryUsage of job (MB)
	184152  -  ResidentSetSize of job (KB)
...
006 (1877889.027.000) 07/19 16:17:12 Image size of job updated: 192428
	188  -  MemoryUsage of job (MB)
	191996  -  ResidentSetSize of job (KB)
...
006 (1877889.005.000) 07/19 16:17:14 Image size of job updated: 210876
	180  -  MemoryUsage of job (MB)
	183952  -  ResidentSetSize of job (KB)
...
006 (1877889.019.000) 07/19 16:17:34 Image size of job updated: 439572
	180  -  MemoryUsage of job (MB)
	184020  -  ResidentSetSize of job (KB)
...
006 (1877889.001.000) 07/19 16:18:52 Image size of job updated: 439360
	180  -  MemoryUsage of job (MB)
	184108  -  ResidentSetSize of job (KB)
...
006 (1877889.029.000) 07/19 16:19:32 Image size of job updated: 271532
	188  -  MemoryUsage of job (MB)
	192448  -  ResidentSetSize of job (KB)
...
006 (1877889.026.000) 07/19 16:22:54 Image size of job updated: 194168
	188  -  MemoryUsage of job (MB)
	191636  -  ResidentSetSize of job (KB)
...
006 (1877889.028.000) 07/19 16:25:41 Image size of job updated: 192164
	188  -  MemoryUsage of job (MB)
	192164  -  ResidentSetSize of job (KB)
...
005 (1877889.022.000) 07/19 16:25:52 Job terminated.
	(1) Normal termination (return value 0)
		Usr 0 00:21:31, Sys 0 00:00:26  -  Run Remote Usage
		Usr 0 00:00:00, Sys 0 00:00:00  -  Run Local Usage
		Usr 0 00:21:31, Sys 0 00:00:26  -  Total Remote Usage
		Usr 0 00:00:00, Sys 0 00:00:00  -  Total Local Usage
	0  -  Run Bytes Sent By Job
	0  -  Run Bytes Received By Job
	0  -  Total Bytes Sent By Job
	0  -  Total Bytes Received By Job
	Partitionable Resources :    Usage  Request Allocated 
	   Cpus                 :     0.94        1         1 
	   Disk (KB)            :     1    10752000  11391171 
	   Memory (MB)          :   180       10240     10240 
...
006 (1877889.027.000) 07/19 16:25:52 Image size of job updated: 192608
	188  -  MemoryUsage of job (MB)
	192176  -  ResidentSetSize of job (KB)
...
006 (1877889.029.000) 07/19 16:25:52 Image size of job updated: 271532
	189  -  MemoryUsage of job (MB)
	192548  -  ResidentSetSize of job (KB)
...
005 (1877889.014.000) 07/19 16:25:53 Job terminated.
	(1) Normal termination (return value 0)
		Usr 0 00:22:31, Sys 0 00:00:33  -  Run Remote Usage
		Usr 0 00:00:00, Sys 0 00:00:00  -  Run Local Usage
		Usr 0 00:22:31, Sys 0 00:00:33  -  Total Remote Usage
		Usr 0 00:00:00, Sys 0 00:00:00  -  Total Local Usage
	0  -  Run Bytes Sent By Job
	0  -  Run Bytes Received By Job
	0  -  Total Bytes Sent By Job
	0  -  Total Bytes Received By Job
	Partitionable Resources :    Usage  Request Allocated 
	   Cpus                 :     0.96        1         1 
	   Disk (KB)            :     1    10752000  11378182 
	   Memory (MB)          :   180       10240     10240 
...
005 (1877889.008.000) 07/19 16:25:58 Job terminated.
	(1) Normal termination (return value 0)
		Usr 0 00:26:03, Sys 0 00:00:37  -  Run Remote Usage
		Usr 0 00:00:00, Sys 0 00:00:00  -  Run Local Usage
		Usr 0 00:26:03, Sys 0 00:00:37  -  Total Remote Usage
		Usr 0 00:00:00, Sys 0 00:00:00  -  Total Local Usage
	0  -  Run Bytes Sent By Job
	0  -  Run Bytes Received By Job
	0  -  Total Bytes Sent By Job
	0  -  Total Bytes Received By Job
	Partitionable Resources :    Usage  Request Allocated 
	   Cpus                 :     0.80        1         1 
	   Disk (KB)            :     1    10752000  10961926 
	   Memory (MB)          :   181       10240     10240 
...
005 (1877889.020.000) 07/19 16:25:58 Job terminated.
	(1) Normal termination (return value 0)
		Usr 0 00:23:58, Sys 0 00:00:45  -  Run Remote Usage
		Usr 0 00:00:00, Sys 0 00:00:00  -  Run Local Usage
		Usr 0 00:23:58, Sys 0 00:00:45  -  Total Remote Usage
		Usr 0 00:00:00, Sys 0 00:00:00  -  Total Local Usage
	0  -  Run Bytes Sent By Job
	0  -  Run Bytes Received By Job
	0  -  Total Bytes Sent By Job
	0  -  Total Bytes Received By Job
	Partitionable Resources :    Usage  Request Allocated 
	   Cpus                 :     0.86        1         1 
	   Disk (KB)            :     1    10752000  11325624 
	   Memory (MB)          :   180       10240     10240 
...
005 (1877889.019.000) 07/19 16:25:58 Job terminated.
	(1) Normal termination (return value 0)
		Usr 0 00:24:00, Sys 0 00:00:45  -  Run Remote Usage
		Usr 0 00:00:00, Sys 0 00:00:00  -  Run Local Usage
		Usr 0 00:24:00, Sys 0 00:00:45  -  Total Remote Usage
		Usr 0 00:00:00, Sys 0 00:00:00  -  Total Local Usage
	0  -  Run Bytes Sent By Job
	0  -  Run Bytes Received By Job
	0  -  Total Bytes Sent By Job
	0  -  Total Bytes Received By Job
	Partitionable Resources :    Usage  Request Allocated 
	   Cpus                 :     0.80        1         1 
	   Disk (KB)            :     1    10752000  11325624 
	   Memory (MB)          :   180       10240     10240 
...
005 (1877889.003.000) 07/19 16:25:58 Job terminated.
	(1) Normal termination (return value 0)
		Usr 0 00:24:15, Sys 0 00:00:41  -  Run Remote Usage
		Usr 0 00:00:00, Sys 0 00:00:00  -  Run Local Usage
		Usr 0 00:24:15, Sys 0 00:00:41  -  Total Remote Usage
		Usr 0 00:00:00, Sys 0 00:00:00  -  Total Local Usage
	0  -  Run Bytes Sent By Job
	0  -  Run Bytes Received By Job
	0  -  Total Bytes Sent By Job
	0  -  Total Bytes Received By Job
	Partitionable Resources :    Usage  Request Allocated 
	   Cpus                 :     0.91        1         1 
	   Disk (KB)            :     1    10752000  11318947 
	   Memory (MB)          :   180       10240     10240 
...
006 (1877889.034.000) 07/19 16:25:58 Image size of job updated: 196356
	188  -  MemoryUsage of job (MB)
	191864  -  ResidentSetSize of job (KB)
...
006 (1877889.032.000) 07/19 16:25:58 Image size of job updated: 197316
	190  -  MemoryUsage of job (MB)
	193904  -  ResidentSetSize of job (KB)
...
005 (1877889.006.000) 07/19 16:25:58 Job terminated.
	(1) Normal termination (return value 0)
		Usr 0 00:24:02, Sys 0 00:00:31  -  Run Remote Usage
		Usr 0 00:00:00, Sys 0 00:00:00  -  Run Local Usage
		Usr 0 00:24:02, Sys 0 00:00:31  -  Total Remote Usage
		Usr 0 00:00:00, Sys 0 00:00:00  -  Total Local Usage
	0  -  Run Bytes Sent By Job
	0  -  Run Bytes Received By Job
	0  -  Total Bytes Sent By Job
	0  -  Total Bytes Received By Job
	Partitionable Resources :    Usage  Request Allocated 
	   Cpus                 :     0.77        1         1 
	   Disk (KB)            :     1    10752000  11703311 
	   Memory (MB)          :   180       10240     10240 
...
005 (1877889.021.000) 07/19 16:25:58 Job terminated.
	(1) Normal termination (return value 0)
		Usr 0 00:23:57, Sys 0 00:00:44  -  Run Remote Usage
		Usr 0 00:00:00, Sys 0 00:00:00  -  Run Local Usage
		Usr 0 00:23:57, Sys 0 00:00:44  -  Total Remote Usage
		Usr 0 00:00:00, Sys 0 00:00:00  -  Total Local Usage
	0  -  Run Bytes Sent By Job
	0  -  Run Bytes Received By Job
	0  -  Total Bytes Sent By Job
	0  -  Total Bytes Received By Job
	Partitionable Resources :    Usage  Request Allocated 
	   Cpus                 :     0.97        1         1 
	   Disk (KB)            :     1    10752000  11325624 
	   Memory (MB)          :   181       10240     10240 
...
005 (1877889.005.000) 07/19 16:26:00 Job terminated.
	(1) Normal termination (return value 0)
		Usr 0 00:23:58, Sys 0 00:00:31  -  Run Remote Usage
		Usr 0 00:00:00, Sys 0 00:00:00  -  Run Local Usage
		Usr 0 00:23:58, Sys 0 00:00:31  -  Total Remote Usage
		Usr 0 00:00:00, Sys 0 00:00:00  -  Total Local Usage
	0  -  Run Bytes Sent By Job
	0  -  Run Bytes Received By Job
	0  -  Total Bytes Sent By Job
	0  -  Total Bytes Received By Job
	Partitionable Resources :    Usage  Request Allocated 
	   Cpus                 :     0.93        1         1 
	   Disk (KB)            :     1    10752000  11703311 
	   Memory (MB)          :   180       10240     10240 
...
005 (1877889.018.000) 07/19 16:26:00 Job terminated.
	(1) Normal termination (return value 0)
		Usr 0 00:24:01, Sys 0 00:00:43  -  Run Remote Usage
		Usr 0 00:00:00, Sys 0 00:00:00  -  Run Local Usage
		Usr 0 00:24:01, Sys 0 00:00:43  -  Total Remote Usage
		Usr 0 00:00:00, Sys 0 00:00:00  -  Total Local Usage
	0  -  Run Bytes Sent By Job
	0  -  Run Bytes Received By Job
	0  -  Total Bytes Sent By Job
	0  -  Total Bytes Received By Job
	Partitionable Resources :    Usage  Request Allocated 
	   Cpus                 :     0.93        1         1 
	   Disk (KB)            :     1    10752000  11325624 
	   Memory (MB)          :   180       10240     10240 
...
005 (1877889.017.000) 07/19 16:26:00 Job terminated.
	(1) Normal termination (return value 0)
		Usr 0 00:22:29, Sys 0 00:00:33  -  Run Remote Usage
		Usr 0 00:00:00, Sys 0 00:00:00  -  Run Local Usage
		Usr 0 00:22:29, Sys 0 00:00:33  -  Total Remote Usage
		Usr 0 00:00:00, Sys 0 00:00:00  -  Total Local Usage
	0  -  Run Bytes Sent By Job
	0  -  Run Bytes Received By Job
	0  -  Total Bytes Sent By Job
	0  -  Total Bytes Received By Job
	Partitionable Resources :    Usage  Request Allocated 
	   Cpus                 :     0.87        1         1 
	   Disk (KB)            :     1    10752000  11378182 
	   Memory (MB)          :   180       10240     10240 
...
005 (1877889.023.000) 07/19 16:26:01 Job terminated.
	(1) Normal termination (return value 0)
		Usr 0 00:21:58, Sys 0 00:00:28  -  Run Remote Usage
		Usr 0 00:00:00, Sys 0 00:00:00  -  Run Local Usage
		Usr 0 00:21:58, Sys 0 00:00:28  -  Total Remote Usage
		Usr 0 00:00:00, Sys 0 00:00:00  -  Total Local Usage
	0  -  Run Bytes Sent By Job
	0  -  Run Bytes Received By Job
	0  -  Total Bytes Sent By Job
	0  -  Total Bytes Received By Job
	Partitionable Resources :    Usage  Request Allocated 
	   Cpus                 :     0.92        1         1 
	   Disk (KB)            :     1    10752000  11298603 
	   Memory (MB)          :   180       10240     10240 
...
006 (1877889.033.000) 07/19 16:26:01 Image size of job updated: 272496
	189  -  MemoryUsage of job (MB)
	192944  -  ResidentSetSize of job (KB)
...
006 (1877889.025.000) 07/19 16:26:01 Image size of job updated: 220476
	189  -  MemoryUsage of job (MB)
	193404  -  ResidentSetSize of job (KB)
...
006 (1877889.031.000) 07/19 16:26:01 Image size of job updated: 273732
	189  -  MemoryUsage of job (MB)
	192600  -  ResidentSetSize of job (KB)
...
006 (1877889.030.000) 07/19 16:26:02 Image size of job updated: 271140
	190  -  MemoryUsage of job (MB)
	193648  -  ResidentSetSize of job (KB)
...
005 (1877889.015.000) 07/19 16:26:04 Job terminated.
	(1) Normal termination (return value 0)
		Usr 0 00:22:30, Sys 0 00:00:32  -  Run Remote Usage
		Usr 0 00:00:00, Sys 0 00:00:00  -  Run Local Usage
		Usr 0 00:22:30, Sys 0 00:00:32  -  Total Remote Usage
		Usr 0 00:00:00, Sys 0 00:00:00  -  Total Local Usage
	0  -  Run Bytes Sent By Job
	0  -  Run Bytes Received By Job
	0  -  Total Bytes Sent By Job
	0  -  Total Bytes Received By Job
	Partitionable Resources :    Usage  Request Allocated 
	   Cpus                 :     0.79        1         1 
	   Disk (KB)            :     1    10752000  11378182 
	   Memory (MB)          :   180       10240     10240 
...
005 (1877889.002.000) 07/19 16:26:05 Job terminated.
	(1) Normal termination (return value 0)
		Usr 0 00:24:11, Sys 0 00:00:42  -  Run Remote Usage
		Usr 0 00:00:00, Sys 0 00:00:00  -  Run Local Usage
		Usr 0 00:24:11, Sys 0 00:00:42  -  Total Remote Usage
		Usr 0 00:00:00, Sys 0 00:00:00  -  Total Local Usage
	0  -  Run Bytes Sent By Job
	0  -  Run Bytes Received By Job
	0  -  Total Bytes Sent By Job
	0  -  Total Bytes Received By Job
	Partitionable Resources :    Usage  Request Allocated 
	   Cpus                 :     0.82        1         1 
	   Disk (KB)            :     1    10752000  11318947 
	   Memory (MB)          :   180       10240     10240 
...
005 (1877889.011.000) 07/19 16:26:06 Job terminated.
	(1) Normal termination (return value 0)
		Usr 0 00:24:13, Sys 0 00:00:42  -  Run Remote Usage
		Usr 0 00:00:00, Sys 0 00:00:00  -  Run Local Usage
		Usr 0 00:24:13, Sys 0 00:00:42  -  Total Remote Usage
		Usr 0 00:00:00, Sys 0 00:00:00  -  Total Local Usage
	0  -  Run Bytes Sent By Job
	0  -  Run Bytes Received By Job
	0  -  Total Bytes Sent By Job
	0  -  Total Bytes Received By Job
	Partitionable Resources :    Usage  Request Allocated 
	   Cpus                 :     0.91        1         1 
	   Disk (KB)            :     1    10752000  11336265 
	   Memory (MB)          :   180       10240     10240 
...
005 (1877889.007.000) 07/19 16:26:08 Job terminated.
	(1) Normal termination (return value 0)
		Usr 0 00:22:25, Sys 0 00:00:29  -  Run Remote Usage
		Usr 0 00:00:00, Sys 0 00:00:00  -  Run Local Usage
		Usr 0 00:22:25, Sys 0 00:00:29  -  Total Remote Usage
		Usr 0 00:00:00, Sys 0 00:00:00  -  Total Local Usage
	0  -  Run Bytes Sent By Job
	0  -  Run Bytes Received By Job
	0  -  Total Bytes Sent By Job
	0  -  Total Bytes Received By Job
	Partitionable Resources :    Usage  Request Allocated 
	   Cpus                 :     0.47        1         1 
	   Disk (KB)            :     1    10752000  11376530 
	   Memory (MB)          :   181       10240     10240 
...
005 (1877889.012.000) 07/19 16:26:12 Job terminated.
	(1) Normal termination (return value 0)
		Usr 0 00:24:11, Sys 0 00:00:44  -  Run Remote Usage
		Usr 0 00:00:00, Sys 0 00:00:00  -  Run Local Usage
		Usr 0 00:24:11, Sys 0 00:00:44  -  Total Remote Usage
		Usr 0 00:00:00, Sys 0 00:00:00  -  Total Local Usage
	0  -  Run Bytes Sent By Job
	0  -  Run Bytes Received By Job
	0  -  Total Bytes Sent By Job
	0  -  Total Bytes Received By Job
	Partitionable Resources :    Usage  Request Allocated 
	   Cpus                 :     0.85        1         1 
	   Disk (KB)            :     1    10752000  11336265 
	   Memory (MB)          :   180       10240     10240 
...
005 (1877889.000.000) 07/19 16:26:16 Job terminated.
	(1) Normal termination (return value 0)
		Usr 0 00:24:08, Sys 0 00:00:37  -  Run Remote Usage
		Usr 0 00:00:00, Sys 0 00:00:00  -  Run Local Usage
		Usr 0 00:24:08, Sys 0 00:00:37  -  Total Remote Usage
		Usr 0 00:00:00, Sys 0 00:00:00  -  Total Local Usage
	0  -  Run Bytes Sent By Job
	0  -  Run Bytes Received By Job
	0  -  Total Bytes Sent By Job
	0  -  Total Bytes Received By Job
	Partitionable Resources :    Usage  Request Allocated 
	   Cpus                 :     0.90        1         1 
	   Disk (KB)            :     1    10752000  11356230 
	   Memory (MB)          :   180       10240     10240 
...
005 (1877889.016.000) 07/19 16:26:19 Job terminated.
	(1) Normal termination (return value 0)
		Usr 0 00:22:24, Sys 0 00:00:33  -  Run Remote Usage
		Usr 0 00:00:00, Sys 0 00:00:00  -  Run Local Usage
		Usr 0 00:22:24, Sys 0 00:00:33  -  Total Remote Usage
		Usr 0 00:00:00, Sys 0 00:00:00  -  Total Local Usage
	0  -  Run Bytes Sent By Job
	0  -  Run Bytes Received By Job
	0  -  Total Bytes Sent By Job
	0  -  Total Bytes Received By Job
	Partitionable Resources :    Usage  Request Allocated 
	   Cpus                 :     0.93        1         1 
	   Disk (KB)            :     1    10752000  11378182 
	   Memory (MB)          :   180       10240     10240 
...
005 (1877889.010.000) 07/19 16:26:22 Job terminated.
	(1) Normal termination (return value 0)
		Usr 0 00:24:11, Sys 0 00:00:42  -  Run Remote Usage
		Usr 0 00:00:00, Sys 0 00:00:00  -  Run Local Usage
		Usr 0 00:24:11, Sys 0 00:00:42  -  Total Remote Usage
		Usr 0 00:00:00, Sys 0 00:00:00  -  Total Local Usage
	0  -  Run Bytes Sent By Job
	0  -  Run Bytes Received By Job
	0  -  Total Bytes Sent By Job
	0  -  Total Bytes Received By Job
	Partitionable Resources :    Usage  Request Allocated 
	   Cpus                 :     0.86        1         1 
	   Disk (KB)            :     1    10752000  11336265 
	   Memory (MB)          :   180       10240     10240 
...
005 (1877889.025.000) 07/19 16:26:22 Job terminated.
	(1) Normal termination (return value 0)
		Usr 0 00:31:20, Sys 0 00:00:44  -  Run Remote Usage
		Usr 0 00:00:00, Sys 0 00:00:00  -  Run Local Usage
		Usr 0 00:31:20, Sys 0 00:00:44  -  Total Remote Usage
		Usr 0 00:00:00, Sys 0 00:00:00  -  Total Local Usage
	0  -  Run Bytes Sent By Job
	0  -  Run Bytes Received By Job
	0  -  Total Bytes Sent By Job
	0  -  Total Bytes Received By Job
	Partitionable Resources :    Usage  Request Allocated 
	   Cpus                 :     0.94        1         1 
	   Disk (KB)            :     1    10752000  11320097 
	   Memory (MB)          :   189       10240     10240 
...
005 (1877889.004.000) 07/19 16:26:24 Job terminated.
	(1) Normal termination (return value 0)
		Usr 0 00:24:02, Sys 0 00:00:31  -  Run Remote Usage
		Usr 0 00:00:00, Sys 0 00:00:00  -  Run Local Usage
		Usr 0 00:24:02, Sys 0 00:00:31  -  Total Remote Usage
		Usr 0 00:00:00, Sys 0 00:00:00  -  Total Local Usage
	0  -  Run Bytes Sent By Job
	0  -  Run Bytes Received By Job
	0  -  Total Bytes Sent By Job
	0  -  Total Bytes Received By Job
	Partitionable Resources :    Usage  Request Allocated 
	   Cpus                 :     0.88        1         1 
	   Disk (KB)            :     1    10752000  11703311 
	   Memory (MB)          :   180       10240     10240 
...
005 (1877889.013.000) 07/19 16:26:25 Job terminated.
	(1) Normal termination (return value 0)
		Usr 0 00:24:10, Sys 0 00:00:43  -  Run Remote Usage
		Usr 0 00:00:00, Sys 0 00:00:00  -  Run Local Usage
		Usr 0 00:24:10, Sys 0 00:00:43  -  Total Remote Usage
		Usr 0 00:00:00, Sys 0 00:00:00  -  Total Local Usage
	0  -  Run Bytes Sent By Job
	0  -  Run Bytes Received By Job
	0  -  Total Bytes Sent By Job
	0  -  Total Bytes Received By Job
	Partitionable Resources :    Usage  Request Allocated 
	   Cpus                 :     0.90        1         1 
	   Disk (KB)            :     1    10752000  11336265 
	   Memory (MB)          :   180       10240     10240 
...
005 (1877889.024.000) 07/19 16:26:28 Job terminated.
	(1) Normal termination (return value 0)
		Usr 0 00:22:01, Sys 0 00:00:32  -  Run Remote Usage
		Usr 0 00:00:00, Sys 0 00:00:00  -  Run Local Usage
		Usr 0 00:22:01, Sys 0 00:00:32  -  Total Remote Usage
		Usr 0 00:00:00, Sys 0 00:00:00  -  Total Local Usage
	0  -  Run Bytes Sent By Job
	0  -  Run Bytes Received By Job
	0  -  Total Bytes Sent By Job
	0  -  Total Bytes Received By Job
	Partitionable Resources :    Usage  Request Allocated 
	   Cpus                 :     0.85        1         1 
	   Disk (KB)            :     1    10752000  11320097 
	   Memory (MB)          :   181       10240     10240 
...
005 (1877889.009.000) 07/19 16:26:32 Job terminated.
	(1) Normal termination (return value 0)
		Usr 0 00:23:23, Sys 0 00:00:28  -  Run Remote Usage
		Usr 0 00:00:00, Sys 0 00:00:00  -  Run Local Usage
		Usr 0 00:23:23, Sys 0 00:00:28  -  Total Remote Usage
		Usr 0 00:00:00, Sys 0 00:00:00  -  Total Local Usage
	0  -  Run Bytes Sent By Job
	0  -  Run Bytes Received By Job
	0  -  Total Bytes Sent By Job
	0  -  Total Bytes Received By Job
	Partitionable Resources :    Usage  Request Allocated 
	   Cpus                 :     0.91        1         1 
	   Disk (KB)            :     1    10752000  11700625 
	   Memory (MB)          :   180       10240     10240 
...
005 (1877889.001.000) 07/19 16:26:52 Job terminated.
	(1) Normal termination (return value 0)
		Usr 0 00:24:17, Sys 0 00:00:42  -  Run Remote Usage
		Usr 0 00:00:00, Sys 0 00:00:00  -  Run Local Usage
		Usr 0 00:24:17, Sys 0 00:00:42  -  Total Remote Usage
		Usr 0 00:00:00, Sys 0 00:00:00  -  Total Local Usage
	0  -  Run Bytes Sent By Job
	0  -  Run Bytes Received By Job
	0  -  Total Bytes Sent By Job
	0  -  Total Bytes Received By Job
	Partitionable Resources :    Usage  Request Allocated 
	   Cpus                 :     0.71        1         1 
	   Disk (KB)            :     1    10752000  11318947 
	   Memory (MB)          :   180       10240     10240 
...
006 (1877889.026.000) 07/19 16:27:07 Image size of job updated: 194168
	188  -  MemoryUsage of job (MB)
	191820  -  ResidentSetSize of job (KB)
...
006 (1877889.028.000) 07/19 16:29:58 Image size of job updated: 192388
	188  -  MemoryUsage of job (MB)
	192388  -  ResidentSetSize of job (KB)
...
006 (1877889.029.000) 07/19 16:30:33 Image size of job updated: 271532
	189  -  MemoryUsage of job (MB)
	192604  -  ResidentSetSize of job (KB)
...
006 (1877889.026.000) 07/19 16:32:07 Image size of job updated: 194168
	188  -  MemoryUsage of job (MB)
	191868  -  ResidentSetSize of job (KB)
...
006 (1877889.029.000) 07/19 16:35:33 Image size of job updated: 271532
	189  -  MemoryUsage of job (MB)
	192640  -  ResidentSetSize of job (KB)
...
006 (1877889.026.000) 07/19 16:37:08 Image size of job updated: 194168
	188  -  MemoryUsage of job (MB)
	191872  -  ResidentSetSize of job (KB)
...
006 (1877889.027.000) 07/19 16:38:36 Image size of job updated: 193004
	189  -  MemoryUsage of job (MB)
	192572  -  ResidentSetSize of job (KB)
...
006 (1877889.030.000) 07/19 16:39:21 Image size of job updated: 271140
	190  -  MemoryUsage of job (MB)
	193712  -  ResidentSetSize of job (KB)
...
006 (1877889.031.000) 07/19 16:39:34 Image size of job updated: 273732
	189  -  MemoryUsage of job (MB)
	192976  -  ResidentSetSize of job (KB)
...
006 (1877889.034.000) 07/19 16:39:37 Image size of job updated: 196356
	188  -  MemoryUsage of job (MB)
	191944  -  ResidentSetSize of job (KB)
...
006 (1877889.028.000) 07/19 16:39:59 Image size of job updated: 192420
	188  -  MemoryUsage of job (MB)
	192420  -  ResidentSetSize of job (KB)
...
006 (1877889.026.000) 07/19 16:42:54 Image size of job updated: 194168
	188  -  MemoryUsage of job (MB)
	191908  -  ResidentSetSize of job (KB)
...
006 (1877889.028.000) 07/19 16:45:41 Image size of job updated: 193432
	188  -  MemoryUsage of job (MB)
	192452  -  ResidentSetSize of job (KB)
...
006 (1877889.026.000) 07/19 16:47:09 Image size of job updated: 194168
	188  -  MemoryUsage of job (MB)
	191920  -  ResidentSetSize of job (KB)
...
006 (1877889.027.000) 07/19 16:48:27 Image size of job updated: 193004
	189  -  MemoryUsage of job (MB)
	192616  -  ResidentSetSize of job (KB)
...
006 (1877889.030.000) 07/19 16:49:40 Image size of job updated: 271140
	190  -  MemoryUsage of job (MB)
	193748  -  ResidentSetSize of job (KB)
...
006 (1877889.028.000) 07/19 16:49:59 Image size of job updated: 193656
	188  -  MemoryUsage of job (MB)
	192472  -  ResidentSetSize of job (KB)
...
006 (1877889.026.000) 07/19 16:52:10 Image size of job updated: 194168
	188  -  MemoryUsage of job (MB)
	191924  -  ResidentSetSize of job (KB)
...
006 (1877889.027.000) 07/19 16:54:22 Image size of job updated: 193004
	189  -  MemoryUsage of job (MB)
	192664  -  ResidentSetSize of job (KB)
...
006 (1877889.028.000) 07/19 16:54:59 Image size of job updated: 193656
	188  -  MemoryUsage of job (MB)
	192476  -  ResidentSetSize of job (KB)
...
006 (1877889.032.000) 07/19 16:56:42 Image size of job updated: 197316
	190  -  MemoryUsage of job (MB)
	193944  -  ResidentSetSize of job (KB)
...
006 (1877889.029.000) 07/19 17:00:34 Image size of job updated: 271532
	189  -  MemoryUsage of job (MB)
	192648  -  ResidentSetSize of job (KB)
...
006 (1877889.028.000) 07/19 17:20:01 Image size of job updated: 193656
	188  -  MemoryUsage of job (MB)
	192480  -  ResidentSetSize of job (KB)
...
006 (1877889.029.000) 07/19 17:20:37 Image size of job updated: 271532
	189  -  MemoryUsage of job (MB)
	192652  -  ResidentSetSize of job (KB)
...
006 (1877889.027.000) 07/19 17:29:25 Image size of job updated: 193512
	189  -  MemoryUsage of job (MB)
	192664  -  ResidentSetSize of job (KB)
...
006 (1877889.028.000) 07/19 17:30:02 Image size of job updated: 193756
	188  -  MemoryUsage of job (MB)
	192480  -  ResidentSetSize of job (KB)
...
006 (1877889.034.000) 07/19 17:36:37 Image size of job updated: 196356
	189  -  MemoryUsage of job (MB)
	193036  -  ResidentSetSize of job (KB)
...
006 (1877889.026.000) 07/19 17:37:15 Image size of job updated: 194400
	189  -  MemoryUsage of job (MB)
	192992  -  ResidentSetSize of job (KB)
...
006 (1877889.027.000) 07/19 17:39:27 Image size of job updated: 194520
	190  -  MemoryUsage of job (MB)
	193736  -  ResidentSetSize of job (KB)
...
006 (1877889.028.000) 07/19 17:40:03 Image size of job updated: 193756
	190  -  MemoryUsage of job (MB)
	193552  -  ResidentSetSize of job (KB)
...
006 (1877889.027.000) 07/19 17:44:27 Image size of job updated: 194524
	190  -  MemoryUsage of job (MB)
	193736  -  ResidentSetSize of job (KB)
...
005 (1877889.031.000) 07/19 18:02:31 Job terminated.
	(1) Normal termination (return value 0)
		Usr 0 01:52:38, Sys 0 00:02:17  -  Run Remote Usage
		Usr 0 00:00:00, Sys 0 00:00:00  -  Run Local Usage
		Usr 0 01:52:38, Sys 0 00:02:17  -  Total Remote Usage
		Usr 0 00:00:00, Sys 0 00:00:00  -  Total Local Usage
	0  -  Run Bytes Sent By Job
	0  -  Run Bytes Received By Job
	0  -  Total Bytes Sent By Job
	0  -  Total Bytes Received By Job
	Partitionable Resources :    Usage  Request Allocated 
	   Cpus                 :     0.89        1         1 
	   Disk (KB)            :     1    10752000  11449411 
	   Memory (MB)          :   189       10240     10240 
...
005 (1877889.032.000) 07/19 18:03:17 Job terminated.
	(1) Normal termination (return value 0)
		Usr 0 01:53:43, Sys 0 00:02:34  -  Run Remote Usage
		Usr 0 00:00:00, Sys 0 00:00:00  -  Run Local Usage
		Usr 0 01:53:43, Sys 0 00:02:34  -  Total Remote Usage
		Usr 0 00:00:00, Sys 0 00:00:00  -  Total Local Usage
	0  -  Run Bytes Sent By Job
	0  -  Run Bytes Received By Job
	0  -  Total Bytes Sent By Job
	0  -  Total Bytes Received By Job
	Partitionable Resources :    Usage  Request Allocated 
	   Cpus                 :     0.83        1         1 
	   Disk (KB)            :     1    10752000  11712101 
	   Memory (MB)          :   190       10240     10240 
...
005 (1877889.033.000) 07/19 18:03:58 Job terminated.
	(1) Normal termination (return value 0)
		Usr 0 01:52:14, Sys 0 00:02:29  -  Run Remote Usage
		Usr 0 00:00:00, Sys 0 00:00:00  -  Run Local Usage
		Usr 0 01:52:14, Sys 0 00:02:29  -  Total Remote Usage
		Usr 0 00:00:00, Sys 0 00:00:00  -  Total Local Usage
	0  -  Run Bytes Sent By Job
	0  -  Run Bytes Received By Job
	0  -  Total Bytes Sent By Job
	0  -  Total Bytes Received By Job
	Partitionable Resources :    Usage  Request Allocated 
	   Cpus                 :     0.70        1         1 
	   Disk (KB)            :     1    10752000  11712101 
	   Memory (MB)          :   189       10240     10240 
...
005 (1877889.034.000) 07/19 18:04:18 Job terminated.
	(1) Normal termination (return value 0)
		Usr 0 01:57:25, Sys 0 00:02:40  -  Run Remote Usage
		Usr 0 00:00:00, Sys 0 00:00:00  -  Run Local Usage
		Usr 0 01:57:25, Sys 0 00:02:40  -  Total Remote Usage
		Usr 0 00:00:00, Sys 0 00:00:00  -  Total Local Usage
	0  -  Run Bytes Sent By Job
	0  -  Run Bytes Received By Job
	0  -  Total Bytes Sent By Job
	0  -  Total Bytes Received By Job
	Partitionable Resources :    Usage  Request Allocated 
	   Cpus                 :     0.93        1         1 
	   Disk (KB)            :     1    10752000  11701243 
	   Memory (MB)          :   189       10240     10240 
...
005 (1877889.029.000) 07/19 18:07:07 Job terminated.
	(1) Normal termination (return value 0)
		Usr 0 01:57:03, Sys 0 00:02:46  -  Run Remote Usage
		Usr 0 00:00:00, Sys 0 00:00:00  -  Run Local Usage
		Usr 0 01:57:03, Sys 0 00:02:46  -  Total Remote Usage
		Usr 0 00:00:00, Sys 0 00:00:00  -  Total Local Usage
	0  -  Run Bytes Sent By Job
	0  -  Run Bytes Received By Job
	0  -  Total Bytes Sent By Job
	0  -  Total Bytes Received By Job
	Partitionable Resources :    Usage  Request Allocated 
	   Cpus                 :     1.00        1         1 
	   Disk (KB)            :     1    10752000  11700119 
	   Memory (MB)          :   189       10240     10240 
...
005 (1877889.026.000) 07/19 18:16:31 Job terminated.
	(1) Normal termination (return value 0)
		Usr 0 02:02:41, Sys 0 00:02:52  -  Run Remote Usage
		Usr 0 00:00:00, Sys 0 00:00:00  -  Run Local Usage
		Usr 0 02:02:41, Sys 0 00:02:52  -  Total Remote Usage
		Usr 0 00:00:00, Sys 0 00:00:00  -  Total Local Usage
	0  -  Run Bytes Sent By Job
	0  -  Run Bytes Received By Job
	0  -  Total Bytes Sent By Job
	0  -  Total Bytes Received By Job
	Partitionable Resources :    Usage  Request Allocated 
	   Cpus                 :     0.93        1         1 
	   Disk (KB)            :     1    10752000  11700119 
	   Memory (MB)          :   189       10240     10240 
...
005 (1877889.027.000) 07/19 18:18:18 Job terminated.
	(1) Normal termination (return value 0)
		Usr 0 02:01:28, Sys 0 00:02:56  -  Run Remote Usage
		Usr 0 00:00:00, Sys 0 00:00:00  -  Run Local Usage
		Usr 0 02:01:28, Sys 0 00:02:56  -  Total Remote Usage
		Usr 0 00:00:00, Sys 0 00:00:00  -  Total Local Usage
	0  -  Run Bytes Sent By Job
	0  -  Run Bytes Received By Job
	0  -  Total Bytes Sent By Job
	0  -  Total Bytes Received By Job
	Partitionable Resources :    Usage  Request Allocated 
	   Cpus                 :     0.77        1         1 
	   Disk (KB)            :     1    10752000  11700119 
	   Memory (MB)          :   190       10240     10240 
...
005 (1877889.030.000) 07/19 18:20:44 Job terminated.
	(1) Normal termination (return value 0)
		Usr 0 02:08:03, Sys 0 00:02:39  -  Run Remote Usage
		Usr 0 00:00:00, Sys 0 00:00:00  -  Run Local Usage
		Usr 0 02:08:03, Sys 0 00:02:39  -  Total Remote Usage
		Usr 0 00:00:00, Sys 0 00:00:00  -  Total Local Usage
	0  -  Run Bytes Sent By Job
	0  -  Run Bytes Received By Job
	0  -  Total Bytes Sent By Job
	0  -  Total Bytes Received By Job
	Partitionable Resources :    Usage  Request Allocated 
	   Cpus                 :     0.86        1         1 
	   Disk (KB)            :     1    10752000  11706293 
	   Memory (MB)          :   190       10240     10240 
...
005 (1877889.028.000) 07/19 18:24:06 Job terminated.
	(1) Normal termination (return value 0)
		Usr 0 02:10:13, Sys 0 00:03:05  -  Run Remote Usage
		Usr 0 00:00:00, Sys 0 00:00:00  -  Run Local Usage
		Usr 0 02:10:13, Sys 0 00:03:05  -  Total Remote Usage
		Usr 0 00:00:00, Sys 0 00:00:00  -  Total Local Usage
	0  -  Run Bytes Sent By Job
	0  -  Run Bytes Received By Job
	0  -  Total Bytes Sent By Job
	0  -  Total Bytes Received By Job
	Partitionable Resources :    Usage  Request Allocated 
	   Cpus                 :     0.75        1         1 
	   Disk (KB)            :     1    10752000  11700119 
	   Memory (MB)          :   190       10240     10240 
...
