000 (1877862.000.000) 07/19 14:52:10 Job submitted from host: <131.169.223.41:9618?addrs=131.169.223.41-9618+[2001-638-700-10df--1-29]-9618&noUDP&sock=schedd_499365_6ede_3>
...
000 (1877862.001.000) 07/19 14:52:10 Job submitted from host: <131.169.223.41:9618?addrs=131.169.223.41-9618+[2001-638-700-10df--1-29]-9618&noUDP&sock=schedd_499365_6ede_3>
...
000 (1877862.002.000) 07/19 14:52:10 Job submitted from host: <131.169.223.41:9618?addrs=131.169.223.41-9618+[2001-638-700-10df--1-29]-9618&noUDP&sock=schedd_499365_6ede_3>
...
000 (1877862.003.000) 07/19 14:52:10 Job submitted from host: <131.169.223.41:9618?addrs=131.169.223.41-9618+[2001-638-700-10df--1-29]-9618&noUDP&sock=schedd_499365_6ede_3>
...
000 (1877862.004.000) 07/19 14:52:10 Job submitted from host: <131.169.223.41:9618?addrs=131.169.223.41-9618+[2001-638-700-10df--1-29]-9618&noUDP&sock=schedd_499365_6ede_3>
...
000 (1877862.005.000) 07/19 14:52:10 Job submitted from host: <131.169.223.41:9618?addrs=131.169.223.41-9618+[2001-638-700-10df--1-29]-9618&noUDP&sock=schedd_499365_6ede_3>
...
000 (1877862.006.000) 07/19 14:52:10 Job submitted from host: <131.169.223.41:9618?addrs=131.169.223.41-9618+[2001-638-700-10df--1-29]-9618&noUDP&sock=schedd_499365_6ede_3>
...
000 (1877862.007.000) 07/19 14:52:10 Job submitted from host: <131.169.223.41:9618?addrs=131.169.223.41-9618+[2001-638-700-10df--1-29]-9618&noUDP&sock=schedd_499365_6ede_3>
...
000 (1877862.008.000) 07/19 14:52:10 Job submitted from host: <131.169.223.41:9618?addrs=131.169.223.41-9618+[2001-638-700-10df--1-29]-9618&noUDP&sock=schedd_499365_6ede_3>
...
000 (1877862.009.000) 07/19 14:52:10 Job submitted from host: <131.169.223.41:9618?addrs=131.169.223.41-9618+[2001-638-700-10df--1-29]-9618&noUDP&sock=schedd_499365_6ede_3>
...
000 (1877862.010.000) 07/19 14:52:10 Job submitted from host: <131.169.223.41:9618?addrs=131.169.223.41-9618+[2001-638-700-10df--1-29]-9618&noUDP&sock=schedd_499365_6ede_3>
...
000 (1877862.011.000) 07/19 14:52:10 Job submitted from host: <131.169.223.41:9618?addrs=131.169.223.41-9618+[2001-638-700-10df--1-29]-9618&noUDP&sock=schedd_499365_6ede_3>
...
000 (1877862.012.000) 07/19 14:52:10 Job submitted from host: <131.169.223.41:9618?addrs=131.169.223.41-9618+[2001-638-700-10df--1-29]-9618&noUDP&sock=schedd_499365_6ede_3>
...
000 (1877862.013.000) 07/19 14:52:10 Job submitted from host: <131.169.223.41:9618?addrs=131.169.223.41-9618+[2001-638-700-10df--1-29]-9618&noUDP&sock=schedd_499365_6ede_3>
...
000 (1877862.014.000) 07/19 14:52:10 Job submitted from host: <131.169.223.41:9618?addrs=131.169.223.41-9618+[2001-638-700-10df--1-29]-9618&noUDP&sock=schedd_499365_6ede_3>
...
000 (1877862.015.000) 07/19 14:52:10 Job submitted from host: <131.169.223.41:9618?addrs=131.169.223.41-9618+[2001-638-700-10df--1-29]-9618&noUDP&sock=schedd_499365_6ede_3>
...
000 (1877862.016.000) 07/19 14:52:10 Job submitted from host: <131.169.223.41:9618?addrs=131.169.223.41-9618+[2001-638-700-10df--1-29]-9618&noUDP&sock=schedd_499365_6ede_3>
...
001 (1877862.000.000) 07/19 15:27:47 Job executing on host: <131.169.163.136:46821?addrs=131.169.163.136-46821>
...
001 (1877862.002.000) 07/19 15:27:47 Job executing on host: <131.169.77.206:41742?addrs=131.169.77.206-41742>
...
001 (1877862.001.000) 07/19 15:27:51 Job executing on host: <131.169.163.134:35234?addrs=131.169.163.134-35234>
...
001 (1877862.011.000) 07/19 15:27:55 Job executing on host: <131.169.76.200:34976?addrs=131.169.76.200-34976>
...
001 (1877862.016.000) 07/19 15:27:55 Job executing on host: <131.169.76.37:43048?addrs=131.169.76.37-43048>
...
001 (1877862.003.000) 07/19 15:27:55 Job executing on host: <131.169.84.171:36712?addrs=131.169.84.171-36712>
...
006 (1877862.002.000) 07/19 15:27:56 Image size of job updated: 187408
	113  -  MemoryUsage of job (MB)
	115616  -  ResidentSetSize of job (KB)
...
001 (1877862.008.000) 07/19 15:27:56 Job executing on host: <131.169.84.104:35502?addrs=131.169.84.104-35502>
...
001 (1877862.014.000) 07/19 15:27:56 Job executing on host: <131.169.76.49:42834?addrs=131.169.76.49-42834>
...
006 (1877862.000.000) 07/19 15:27:56 Image size of job updated: 184992
	109  -  MemoryUsage of job (MB)
	111404  -  ResidentSetSize of job (KB)
...
001 (1877862.009.000) 07/19 15:27:58 Job executing on host: <131.169.76.167:33181?addrs=131.169.76.167-33181>
...
006 (1877862.001.000) 07/19 15:28:00 Image size of job updated: 188368
	112  -  MemoryUsage of job (MB)
	114212  -  ResidentSetSize of job (KB)
...
001 (1877862.007.000) 07/19 15:28:00 Job executing on host: <131.169.77.214:33329?addrs=131.169.77.214-33329>
...
001 (1877862.006.000) 07/19 15:28:00 Job executing on host: <131.169.77.5:43294?addrs=131.169.77.5-43294>
...
001 (1877862.004.000) 07/19 15:28:00 Job executing on host: <131.169.84.209:40944?addrs=131.169.84.209-40944>
...
001 (1877862.010.000) 07/19 15:28:01 Job executing on host: <131.169.76.198:37373?addrs=131.169.76.198-37373>
...
001 (1877862.013.000) 07/19 15:28:01 Job executing on host: <131.169.84.193:39174?addrs=131.169.84.193-39174>
...
001 (1877862.015.000) 07/19 15:28:01 Job executing on host: <131.169.76.43:38673?addrs=131.169.76.43-38673>
...
001 (1877862.012.000) 07/19 15:28:03 Job executing on host: <131.169.84.157:36969?addrs=131.169.84.157-36969>
...
006 (1877862.003.000) 07/19 15:28:04 Image size of job updated: 181680
	109  -  MemoryUsage of job (MB)
	111396  -  ResidentSetSize of job (KB)
...
006 (1877862.016.000) 07/19 15:28:04 Image size of job updated: 236144
	149  -  MemoryUsage of job (MB)
	151756  -  ResidentSetSize of job (KB)
...
006 (1877862.011.000) 07/19 15:28:04 Image size of job updated: 184264
	109  -  MemoryUsage of job (MB)
	111404  -  ResidentSetSize of job (KB)
...
006 (1877862.008.000) 07/19 15:28:05 Image size of job updated: 183948
	109  -  MemoryUsage of job (MB)
	111388  -  ResidentSetSize of job (KB)
...
006 (1877862.014.000) 07/19 15:28:05 Image size of job updated: 187556
	112  -  MemoryUsage of job (MB)
	113732  -  ResidentSetSize of job (KB)
...
001 (1877862.005.000) 07/19 15:28:06 Job executing on host: <131.169.76.174:44998?addrs=131.169.76.174-44998>
...
006 (1877862.009.000) 07/19 15:28:06 Image size of job updated: 184916
	109  -  MemoryUsage of job (MB)
	111404  -  ResidentSetSize of job (KB)
...
006 (1877862.007.000) 07/19 15:28:09 Image size of job updated: 202424
	130  -  MemoryUsage of job (MB)
	132412  -  ResidentSetSize of job (KB)
...
006 (1877862.004.000) 07/19 15:28:09 Image size of job updated: 184980
	109  -  MemoryUsage of job (MB)
	111396  -  ResidentSetSize of job (KB)
...
006 (1877862.006.000) 07/19 15:28:09 Image size of job updated: 183184
	109  -  MemoryUsage of job (MB)
	111396  -  ResidentSetSize of job (KB)
...
006 (1877862.015.000) 07/19 15:28:10 Image size of job updated: 184992
	109  -  MemoryUsage of job (MB)
	111396  -  ResidentSetSize of job (KB)
...
006 (1877862.010.000) 07/19 15:28:10 Image size of job updated: 181336
	109  -  MemoryUsage of job (MB)
	111396  -  ResidentSetSize of job (KB)
...
006 (1877862.013.000) 07/19 15:28:11 Image size of job updated: 188876
	114  -  MemoryUsage of job (MB)
	116456  -  ResidentSetSize of job (KB)
...
006 (1877862.012.000) 07/19 15:28:12 Image size of job updated: 178956
	109  -  MemoryUsage of job (MB)
	111400  -  ResidentSetSize of job (KB)
...
006 (1877862.005.000) 07/19 15:28:14 Image size of job updated: 183952
	109  -  MemoryUsage of job (MB)
	111376  -  ResidentSetSize of job (KB)
...
006 (1877862.002.000) 07/19 15:32:56 Image size of job updated: 265008
	176  -  MemoryUsage of job (MB)
	179688  -  ResidentSetSize of job (KB)
...
006 (1877862.000.000) 07/19 15:32:57 Image size of job updated: 267056
	176  -  MemoryUsage of job (MB)
	179476  -  ResidentSetSize of job (KB)
...
006 (1877862.001.000) 07/19 15:33:00 Image size of job updated: 266780
	175  -  MemoryUsage of job (MB)
	179200  -  ResidentSetSize of job (KB)
...
006 (1877862.016.000) 07/19 15:33:04 Image size of job updated: 264048
	176  -  MemoryUsage of job (MB)
	179444  -  ResidentSetSize of job (KB)
...
006 (1877862.003.000) 07/19 15:33:04 Image size of job updated: 263016
	176  -  MemoryUsage of job (MB)
	179448  -  ResidentSetSize of job (KB)
...
006 (1877862.011.000) 07/19 15:33:05 Image size of job updated: 184264
	176  -  MemoryUsage of job (MB)
	179480  -  ResidentSetSize of job (KB)
...
006 (1877862.008.000) 07/19 15:33:06 Image size of job updated: 265012
	176  -  MemoryUsage of job (MB)
	179300  -  ResidentSetSize of job (KB)
...
006 (1877862.014.000) 07/19 15:33:06 Image size of job updated: 269168
	178  -  MemoryUsage of job (MB)
	181592  -  ResidentSetSize of job (KB)
...
006 (1877862.009.000) 07/19 15:33:06 Image size of job updated: 265940
	175  -  MemoryUsage of job (MB)
	178456  -  ResidentSetSize of job (KB)
...
006 (1877862.007.000) 07/19 15:33:09 Image size of job updated: 249572
	176  -  MemoryUsage of job (MB)
	179556  -  ResidentSetSize of job (KB)
...
006 (1877862.004.000) 07/19 15:33:09 Image size of job updated: 266324
	175  -  MemoryUsage of job (MB)
	178752  -  ResidentSetSize of job (KB)
...
006 (1877862.006.000) 07/19 15:33:09 Image size of job updated: 265140
	176  -  MemoryUsage of job (MB)
	179728  -  ResidentSetSize of job (KB)
...
006 (1877862.015.000) 07/19 15:33:10 Image size of job updated: 184992
	176  -  MemoryUsage of job (MB)
	179444  -  ResidentSetSize of job (KB)
...
006 (1877862.010.000) 07/19 15:33:11 Image size of job updated: 262372
	176  -  MemoryUsage of job (MB)
	179416  -  ResidentSetSize of job (KB)
...
006 (1877862.013.000) 07/19 15:33:11 Image size of job updated: 264432
	175  -  MemoryUsage of job (MB)
	179076  -  ResidentSetSize of job (KB)
...
006 (1877862.012.000) 07/19 15:33:12 Image size of job updated: 191512
	176  -  MemoryUsage of job (MB)
	179332  -  ResidentSetSize of job (KB)
...
006 (1877862.005.000) 07/19 15:33:14 Image size of job updated: 184316
	175  -  MemoryUsage of job (MB)
	179160  -  ResidentSetSize of job (KB)
...
006 (1877862.000.000) 07/19 15:37:57 Image size of job updated: 267504
	176  -  MemoryUsage of job (MB)
	179924  -  ResidentSetSize of job (KB)
...
006 (1877862.002.000) 07/19 15:37:57 Image size of job updated: 265780
	177  -  MemoryUsage of job (MB)
	180460  -  ResidentSetSize of job (KB)
...
006 (1877862.001.000) 07/19 15:38:01 Image size of job updated: 267804
	176  -  MemoryUsage of job (MB)
	180224  -  ResidentSetSize of job (KB)
...
006 (1877862.003.000) 07/19 15:38:05 Image size of job updated: 263932
	177  -  MemoryUsage of job (MB)
	180316  -  ResidentSetSize of job (KB)
...
006 (1877862.011.000) 07/19 15:38:05 Image size of job updated: 184264
	177  -  MemoryUsage of job (MB)
	180316  -  ResidentSetSize of job (KB)
...
006 (1877862.016.000) 07/19 15:38:05 Image size of job updated: 264856
	177  -  MemoryUsage of job (MB)
	180232  -  ResidentSetSize of job (KB)
...
006 (1877862.008.000) 07/19 15:38:06 Image size of job updated: 266180
	177  -  MemoryUsage of job (MB)
	180436  -  ResidentSetSize of job (KB)
...
006 (1877862.014.000) 07/19 15:38:06 Image size of job updated: 269236
	178  -  MemoryUsage of job (MB)
	181660  -  ResidentSetSize of job (KB)
...
006 (1877862.009.000) 07/19 15:38:07 Image size of job updated: 267888
	177  -  MemoryUsage of job (MB)
	180404  -  ResidentSetSize of job (KB)
...
006 (1877862.007.000) 07/19 15:38:09 Image size of job updated: 250324
	177  -  MemoryUsage of job (MB)
	180308  -  ResidentSetSize of job (KB)
...
006 (1877862.004.000) 07/19 15:38:10 Image size of job updated: 267776
	177  -  MemoryUsage of job (MB)
	180252  -  ResidentSetSize of job (KB)
...
006 (1877862.006.000) 07/19 15:38:10 Image size of job updated: 265804
	177  -  MemoryUsage of job (MB)
	180392  -  ResidentSetSize of job (KB)
...
006 (1877862.015.000) 07/19 15:38:11 Image size of job updated: 184992
	177  -  MemoryUsage of job (MB)
	180324  -  ResidentSetSize of job (KB)
...
006 (1877862.010.000) 07/19 15:38:11 Image size of job updated: 263364
	177  -  MemoryUsage of job (MB)
	180408  -  ResidentSetSize of job (KB)
...
006 (1877862.013.000) 07/19 15:38:11 Image size of job updated: 265632
	177  -  MemoryUsage of job (MB)
	180276  -  ResidentSetSize of job (KB)
...
006 (1877862.012.000) 07/19 15:38:13 Image size of job updated: 192484
	177  -  MemoryUsage of job (MB)
	180304  -  ResidentSetSize of job (KB)
...
006 (1877862.005.000) 07/19 15:38:14 Image size of job updated: 185320
	176  -  MemoryUsage of job (MB)
	180164  -  ResidentSetSize of job (KB)
...
006 (1877862.001.000) 07/19 15:45:37 Image size of job updated: 268136
	177  -  MemoryUsage of job (MB)
	180556  -  ResidentSetSize of job (KB)
...
006 (1877862.013.000) 07/19 15:45:46 Image size of job updated: 265632
	177  -  MemoryUsage of job (MB)
	180312  -  ResidentSetSize of job (KB)
...
006 (1877862.009.000) 07/19 15:46:11 Image size of job updated: 267988
	177  -  MemoryUsage of job (MB)
	180504  -  ResidentSetSize of job (KB)
...
006 (1877862.004.000) 07/19 15:46:11 Image size of job updated: 268028
	177  -  MemoryUsage of job (MB)
	180508  -  ResidentSetSize of job (KB)
...
006 (1877862.006.000) 07/19 15:46:11 Image size of job updated: 265876
	177  -  MemoryUsage of job (MB)
	180464  -  ResidentSetSize of job (KB)
...
006 (1877862.007.000) 07/19 15:46:11 Image size of job updated: 250324
	177  -  MemoryUsage of job (MB)
	180328  -  ResidentSetSize of job (KB)
...
006 (1877862.010.000) 07/19 15:46:11 Image size of job updated: 263432
	177  -  MemoryUsage of job (MB)
	180476  -  ResidentSetSize of job (KB)
...
006 (1877862.008.000) 07/19 15:46:11 Image size of job updated: 266344
	177  -  MemoryUsage of job (MB)
	180600  -  ResidentSetSize of job (KB)
...
006 (1877862.005.000) 07/19 15:46:11 Image size of job updated: 185632
	177  -  MemoryUsage of job (MB)
	180540  -  ResidentSetSize of job (KB)
...
006 (1877862.003.000) 07/19 15:46:11 Image size of job updated: 264032
	177  -  MemoryUsage of job (MB)
	180416  -  ResidentSetSize of job (KB)
...
006 (1877862.000.000) 07/19 15:46:12 Image size of job updated: 267816
	177  -  MemoryUsage of job (MB)
	180236  -  ResidentSetSize of job (KB)
...
006 (1877862.016.000) 07/19 15:46:12 Image size of job updated: 264856
	177  -  MemoryUsage of job (MB)
	180432  -  ResidentSetSize of job (KB)
...
006 (1877862.015.000) 07/19 15:46:13 Image size of job updated: 184992
	177  -  MemoryUsage of job (MB)
	180400  -  ResidentSetSize of job (KB)
...
006 (1877862.011.000) 07/19 15:46:13 Image size of job updated: 184264
	177  -  MemoryUsage of job (MB)
	180392  -  ResidentSetSize of job (KB)
...
006 (1877862.012.000) 07/19 15:46:16 Image size of job updated: 192836
	177  -  MemoryUsage of job (MB)
	180704  -  ResidentSetSize of job (KB)
...
006 (1877862.002.000) 07/19 15:46:39 Image size of job updated: 265868
	177  -  MemoryUsage of job (MB)
	180548  -  ResidentSetSize of job (KB)
...
006 (1877862.016.000) 07/19 15:47:08 Image size of job updated: 264856
	177  -  MemoryUsage of job (MB)
	180440  -  ResidentSetSize of job (KB)
...
005 (1877862.016.000) 07/19 15:47:08 Job terminated.
	(1) Normal termination (return value 0)
		Usr 0 00:15:20, Sys 0 00:00:30  -  Run Remote Usage
		Usr 0 00:00:00, Sys 0 00:00:00  -  Run Local Usage
		Usr 0 00:15:20, Sys 0 00:00:30  -  Total Remote Usage
		Usr 0 00:00:00, Sys 0 00:00:00  -  Total Local Usage
	0  -  Run Bytes Sent By Job
	0  -  Run Bytes Received By Job
	0  -  Total Bytes Sent By Job
	0  -  Total Bytes Received By Job
	Partitionable Resources :    Usage  Request Allocated 
	   Cpus                 :     0.90        1         1 
	   Disk (KB)            :     1    10752000  10926469 
	   Memory (MB)          :   177       10240     10240 
...
006 (1877862.001.000) 07/19 15:53:26 Image size of job updated: 268136
	178  -  MemoryUsage of job (MB)
	181644  -  ResidentSetSize of job (KB)
...
006 (1877862.013.000) 07/19 15:53:31 Image size of job updated: 265632
	178  -  MemoryUsage of job (MB)
	181388  -  ResidentSetSize of job (KB)
...
006 (1877862.005.000) 07/19 15:55:04 Image size of job updated: 185632
	177  -  MemoryUsage of job (MB)
	180584  -  ResidentSetSize of job (KB)
...
006 (1877862.010.000) 07/19 15:55:10 Image size of job updated: 263432
	177  -  MemoryUsage of job (MB)
	180688  -  ResidentSetSize of job (KB)
...
006 (1877862.004.000) 07/19 15:55:14 Image size of job updated: 268028
	177  -  MemoryUsage of job (MB)
	180620  -  ResidentSetSize of job (KB)
...
006 (1877862.007.000) 07/19 15:55:15 Image size of job updated: 250324
	177  -  MemoryUsage of job (MB)
	180412  -  ResidentSetSize of job (KB)
...
006 (1877862.006.000) 07/19 15:55:15 Image size of job updated: 265972
	177  -  MemoryUsage of job (MB)
	180560  -  ResidentSetSize of job (KB)
...
006 (1877862.015.000) 07/19 15:55:19 Image size of job updated: 186008
	178  -  MemoryUsage of job (MB)
	181480  -  ResidentSetSize of job (KB)
...
006 (1877862.008.000) 07/19 15:55:22 Image size of job updated: 266344
	178  -  MemoryUsage of job (MB)
	181696  -  ResidentSetSize of job (KB)
...
006 (1877862.012.000) 07/19 15:55:22 Image size of job updated: 192836
	178  -  MemoryUsage of job (MB)
	181796  -  ResidentSetSize of job (KB)
...
006 (1877862.009.000) 07/19 15:55:23 Image size of job updated: 267988
	178  -  MemoryUsage of job (MB)
	181576  -  ResidentSetSize of job (KB)
...
006 (1877862.003.000) 07/19 15:55:30 Image size of job updated: 264032
	177  -  MemoryUsage of job (MB)
	180436  -  ResidentSetSize of job (KB)
...
006 (1877862.011.000) 07/19 15:55:33 Image size of job updated: 184264
	177  -  MemoryUsage of job (MB)
	180580  -  ResidentSetSize of job (KB)
...
006 (1877862.014.000) 07/19 15:55:36 Image size of job updated: 269236
	178  -  MemoryUsage of job (MB)
	181792  -  ResidentSetSize of job (KB)
...
006 (1877862.000.000) 07/19 15:55:53 Image size of job updated: 268200
	177  -  MemoryUsage of job (MB)
	180620  -  ResidentSetSize of job (KB)
...
006 (1877862.002.000) 07/19 15:57:46 Image size of job updated: 265868
	177  -  MemoryUsage of job (MB)
	180856  -  ResidentSetSize of job (KB)
...
006 (1877862.001.000) 07/19 15:59:41 Image size of job updated: 268136
	178  -  MemoryUsage of job (MB)
	181696  -  ResidentSetSize of job (KB)
...
006 (1877862.013.000) 07/19 15:59:43 Image size of job updated: 265632
	178  -  MemoryUsage of job (MB)
	181496  -  ResidentSetSize of job (KB)
...
006 (1877862.000.000) 07/19 15:59:50 Image size of job updated: 268260
	177  -  MemoryUsage of job (MB)
	180620  -  ResidentSetSize of job (KB)
...
005 (1877862.003.000) 07/19 16:05:34 Job terminated.
	(1) Normal termination (return value 0)
		Usr 0 00:27:00, Sys 0 00:00:51  -  Run Remote Usage
		Usr 0 00:00:00, Sys 0 00:00:00  -  Run Local Usage
		Usr 0 00:27:00, Sys 0 00:00:51  -  Total Remote Usage
		Usr 0 00:00:00, Sys 0 00:00:00  -  Total Local Usage
	0  -  Run Bytes Sent By Job
	0  -  Run Bytes Received By Job
	0  -  Total Bytes Sent By Job
	0  -  Total Bytes Received By Job
	Partitionable Resources :    Usage  Request Allocated 
	   Cpus                 :     0.95        1         1 
	   Disk (KB)            :     1    10752000  11368180 
	   Memory (MB)          :   177       10240     10240 
...
006 (1877862.006.000) 07/19 16:05:35 Image size of job updated: 267200
	178  -  MemoryUsage of job (MB)
	181788  -  ResidentSetSize of job (KB)
...
006 (1877862.005.000) 07/19 16:05:37 Image size of job updated: 185632
	177  -  MemoryUsage of job (MB)
	180648  -  ResidentSetSize of job (KB)
...
006 (1877862.011.000) 07/19 16:05:38 Image size of job updated: 184264
	177  -  MemoryUsage of job (MB)
	180648  -  ResidentSetSize of job (KB)
...
006 (1877862.015.000) 07/19 16:05:39 Image size of job updated: 186008
	178  -  MemoryUsage of job (MB)
	181488  -  ResidentSetSize of job (KB)
...
005 (1877862.008.000) 07/19 16:05:40 Job terminated.
	(1) Normal termination (return value 0)
		Usr 0 00:29:09, Sys 0 00:00:54  -  Run Remote Usage
		Usr 0 00:00:00, Sys 0 00:00:00  -  Run Local Usage
		Usr 0 00:29:09, Sys 0 00:00:54  -  Total Remote Usage
		Usr 0 00:00:00, Sys 0 00:00:00  -  Total Local Usage
	0  -  Run Bytes Sent By Job
	0  -  Run Bytes Received By Job
	0  -  Total Bytes Sent By Job
	0  -  Total Bytes Received By Job
	Partitionable Resources :    Usage  Request Allocated 
	   Cpus                 :        0        1         1 
	   Disk (KB)            :        1 10752000  10953486 
	   Memory (MB)          :      178    10240     10240 
...
005 (1877862.006.000) 07/19 16:05:42 Job terminated.
	(1) Normal termination (return value 0)
		Usr 0 00:28:21, Sys 0 00:00:58  -  Run Remote Usage
		Usr 0 00:00:00, Sys 0 00:00:00  -  Run Local Usage
		Usr 0 00:28:21, Sys 0 00:00:58  -  Total Remote Usage
		Usr 0 00:00:00, Sys 0 00:00:00  -  Total Local Usage
	0  -  Run Bytes Sent By Job
	0  -  Run Bytes Received By Job
	0  -  Total Bytes Sent By Job
	0  -  Total Bytes Received By Job
	Partitionable Resources :    Usage  Request Allocated 
	   Cpus                 :        0        1         1 
	   Disk (KB)            :        1 10752000  11320565 
	   Memory (MB)          :      178    10240     10240 
...
005 (1877862.005.000) 07/19 16:05:44 Job terminated.
	(1) Normal termination (return value 0)
		Usr 0 00:30:12, Sys 0 00:00:59  -  Run Remote Usage
		Usr 0 00:00:00, Sys 0 00:00:00  -  Run Local Usage
		Usr 0 00:30:12, Sys 0 00:00:59  -  Total Remote Usage
		Usr 0 00:00:00, Sys 0 00:00:00  -  Total Local Usage
	0  -  Run Bytes Sent By Job
	0  -  Run Bytes Received By Job
	0  -  Total Bytes Sent By Job
	0  -  Total Bytes Received By Job
	Partitionable Resources :    Usage  Request Allocated 
	   Cpus                 :        0        1         1 
	   Disk (KB)            :        1 10752000  11033333 
	   Memory (MB)          :      177    10240     10240 
...
006 (1877862.014.000) 07/19 16:05:44 Image size of job updated: 436012
	178  -  MemoryUsage of job (MB)
	181792  -  ResidentSetSize of job (KB)
...
005 (1877862.011.000) 07/19 16:05:45 Job terminated.
	(1) Normal termination (return value 0)
		Usr 0 00:29:45, Sys 0 00:00:54  -  Run Remote Usage
		Usr 0 00:00:00, Sys 0 00:00:00  -  Run Local Usage
		Usr 0 00:29:45, Sys 0 00:00:54  -  Total Remote Usage
		Usr 0 00:00:00, Sys 0 00:00:00  -  Total Local Usage
	0  -  Run Bytes Sent By Job
	0  -  Run Bytes Received By Job
	0  -  Total Bytes Sent By Job
	0  -  Total Bytes Received By Job
	Partitionable Resources :    Usage  Request Allocated 
	   Cpus                 :     0.67        1         1 
	   Disk (KB)            :     1    10752000  10923534 
	   Memory (MB)          :   177       10240     10240 
...
005 (1877862.015.000) 07/19 16:05:45 Job terminated.
	(1) Normal termination (return value 0)
		Usr 0 00:29:25, Sys 0 00:00:57  -  Run Remote Usage
		Usr 0 00:00:00, Sys 0 00:00:00  -  Run Local Usage
		Usr 0 00:29:25, Sys 0 00:00:57  -  Total Remote Usage
		Usr 0 00:00:00, Sys 0 00:00:00  -  Total Local Usage
	0  -  Run Bytes Sent By Job
	0  -  Run Bytes Received By Job
	0  -  Total Bytes Sent By Job
	0  -  Total Bytes Received By Job
	Partitionable Resources :    Usage  Request Allocated 
	   Cpus                 :     0.00        1         1 
	   Disk (KB)            :     1    10752000  10990429 
	   Memory (MB)          :   178       10240     10240 
...
005 (1877862.012.000) 07/19 16:05:48 Job terminated.
	(1) Normal termination (return value 0)
		Usr 0 00:27:10, Sys 0 00:00:57  -  Run Remote Usage
		Usr 0 00:00:00, Sys 0 00:00:00  -  Run Local Usage
		Usr 0 00:27:10, Sys 0 00:00:57  -  Total Remote Usage
		Usr 0 00:00:00, Sys 0 00:00:00  -  Total Local Usage
	0  -  Run Bytes Sent By Job
	0  -  Run Bytes Received By Job
	0  -  Total Bytes Sent By Job
	0  -  Total Bytes Received By Job
	Partitionable Resources :    Usage  Request Allocated 
	   Cpus                 :        0        1         1 
	   Disk (KB)            :        1 10752000  11367344 
	   Memory (MB)          :      178    10240     10240 
...
006 (1877862.009.000) 07/19 16:05:48 Image size of job updated: 267988
	178  -  MemoryUsage of job (MB)
	182004  -  ResidentSetSize of job (KB)
...
006 (1877862.004.000) 07/19 16:05:48 Image size of job updated: 268028
	178  -  MemoryUsage of job (MB)
	181860  -  ResidentSetSize of job (KB)
...
006 (1877862.010.000) 07/19 16:05:49 Image size of job updated: 263432
	177  -  MemoryUsage of job (MB)
	180776  -  ResidentSetSize of job (KB)
...
005 (1877862.013.000) 07/19 16:05:50 Job terminated.
	(1) Normal termination (return value 0)
		Usr 0 00:29:17, Sys 0 00:00:56  -  Run Remote Usage
		Usr 0 00:00:00, Sys 0 00:00:00  -  Run Local Usage
		Usr 0 00:29:17, Sys 0 00:00:56  -  Total Remote Usage
		Usr 0 00:00:00, Sys 0 00:00:00  -  Total Local Usage
	0  -  Run Bytes Sent By Job
	0  -  Run Bytes Received By Job
	0  -  Total Bytes Sent By Job
	0  -  Total Bytes Received By Job
	Partitionable Resources :    Usage  Request Allocated 
	   Cpus                 :        0        1         1 
	   Disk (KB)            :        1 10752000  10968935 
	   Memory (MB)          :      178    10240     10240 
...
005 (1877862.014.000) 07/19 16:05:50 Job terminated.
	(1) Normal termination (return value 0)
		Usr 0 00:29:34, Sys 0 00:00:54  -  Run Remote Usage
		Usr 0 00:00:00, Sys 0 00:00:00  -  Run Local Usage
		Usr 0 00:29:34, Sys 0 00:00:54  -  Total Remote Usage
		Usr 0 00:00:00, Sys 0 00:00:00  -  Total Local Usage
	0  -  Run Bytes Sent By Job
	0  -  Run Bytes Received By Job
	0  -  Total Bytes Sent By Job
	0  -  Total Bytes Received By Job
	Partitionable Resources :    Usage  Request Allocated 
	   Cpus                 :     0.94        1         1 
	   Disk (KB)            :     1    10752000  10936316 
	   Memory (MB)          :   178       10240     10240 
...
005 (1877862.007.000) 07/19 16:05:51 Job terminated.
	(1) Normal termination (return value 0)
		Usr 0 00:25:48, Sys 0 00:00:42  -  Run Remote Usage
		Usr 0 00:00:00, Sys 0 00:00:00  -  Run Local Usage
		Usr 0 00:25:48, Sys 0 00:00:42  -  Total Remote Usage
		Usr 0 00:00:00, Sys 0 00:00:00  -  Total Local Usage
	0  -  Run Bytes Sent By Job
	0  -  Run Bytes Received By Job
	0  -  Total Bytes Sent By Job
	0  -  Total Bytes Received By Job
	Partitionable Resources :    Usage  Request Allocated 
	   Cpus                 :     0.99        1         1 
	   Disk (KB)            :     1    10752000  11376530 
	   Memory (MB)          :   177       10240     10240 
...
005 (1877862.009.000) 07/19 16:05:52 Job terminated.
	(1) Normal termination (return value 0)
		Usr 0 00:29:43, Sys 0 00:00:56  -  Run Remote Usage
		Usr 0 00:00:00, Sys 0 00:00:00  -  Run Local Usage
		Usr 0 00:29:43, Sys 0 00:00:56  -  Total Remote Usage
		Usr 0 00:00:00, Sys 0 00:00:00  -  Total Local Usage
	0  -  Run Bytes Sent By Job
	0  -  Run Bytes Received By Job
	0  -  Total Bytes Sent By Job
	0  -  Total Bytes Received By Job
	Partitionable Resources :    Usage  Request Allocated 
	   Cpus                 :        0        1         1 
	   Disk (KB)            :        1 10752000  11039275 
	   Memory (MB)          :      178    10240     10240 
...
005 (1877862.010.000) 07/19 16:05:52 Job terminated.
	(1) Normal termination (return value 0)
		Usr 0 00:29:08, Sys 0 00:00:55  -  Run Remote Usage
		Usr 0 00:00:00, Sys 0 00:00:00  -  Run Local Usage
		Usr 0 00:29:08, Sys 0 00:00:55  -  Total Remote Usage
		Usr 0 00:00:00, Sys 0 00:00:00  -  Total Local Usage
	0  -  Run Bytes Sent By Job
	0  -  Run Bytes Received By Job
	0  -  Total Bytes Sent By Job
	0  -  Total Bytes Received By Job
	Partitionable Resources :    Usage  Request Allocated 
	   Cpus                 :     0.94        1         1 
	   Disk (KB)            :     1    10752000  10952092 
	   Memory (MB)          :   177       10240     10240 
...
005 (1877862.004.000) 07/19 16:05:52 Job terminated.
	(1) Normal termination (return value 0)
		Usr 0 00:29:19, Sys 0 00:00:57  -  Run Remote Usage
		Usr 0 00:00:00, Sys 0 00:00:00  -  Run Local Usage
		Usr 0 00:29:19, Sys 0 00:00:57  -  Total Remote Usage
		Usr 0 00:00:00, Sys 0 00:00:00  -  Total Local Usage
	0  -  Run Bytes Sent By Job
	0  -  Run Bytes Received By Job
	0  -  Total Bytes Sent By Job
	0  -  Total Bytes Received By Job
	Partitionable Resources :    Usage  Request Allocated 
	   Cpus                 :        0        1         1 
	   Disk (KB)            :        1 10752000  10941171 
	   Memory (MB)          :      178    10240     10240 
...
005 (1877862.000.000) 07/19 16:05:54 Job terminated.
	(1) Normal termination (return value 0)
		Usr 0 00:25:55, Sys 0 00:00:39  -  Run Remote Usage
		Usr 0 00:00:00, Sys 0 00:00:00  -  Run Local Usage
		Usr 0 00:25:55, Sys 0 00:00:39  -  Total Remote Usage
		Usr 0 00:00:00, Sys 0 00:00:00  -  Total Local Usage
	0  -  Run Bytes Sent By Job
	0  -  Run Bytes Received By Job
	0  -  Total Bytes Sent By Job
	0  -  Total Bytes Received By Job
	Partitionable Resources :    Usage  Request Allocated 
	   Cpus                 :     0.85        1         1 
	   Disk (KB)            :     1    10752000  11696046 
	   Memory (MB)          :   177       10240     10240 
...
005 (1877862.001.000) 07/19 16:05:59 Job terminated.
	(1) Normal termination (return value 0)
		Usr 0 00:26:06, Sys 0 00:00:41  -  Run Remote Usage
		Usr 0 00:00:00, Sys 0 00:00:00  -  Run Local Usage
		Usr 0 00:26:06, Sys 0 00:00:41  -  Total Remote Usage
		Usr 0 00:00:00, Sys 0 00:00:00  -  Total Local Usage
	0  -  Run Bytes Sent By Job
	0  -  Run Bytes Received By Job
	0  -  Total Bytes Sent By Job
	0  -  Total Bytes Received By Job
	Partitionable Resources :    Usage  Request Allocated 
	   Cpus                 :     0.71        1         1 
	   Disk (KB)            :     1    10752000  11716634 
	   Memory (MB)          :   178       10240     10240 
...
005 (1877862.002.000) 07/19 16:06:10 Job terminated.
	(1) Normal termination (return value 0)
		Usr 0 00:25:41, Sys 0 00:00:44  -  Run Remote Usage
		Usr 0 00:00:00, Sys 0 00:00:00  -  Run Local Usage
		Usr 0 00:25:41, Sys 0 00:00:44  -  Total Remote Usage
		Usr 0 00:00:00, Sys 0 00:00:00  -  Total Local Usage
	0  -  Run Bytes Sent By Job
	0  -  Run Bytes Received By Job
	0  -  Total Bytes Sent By Job
	0  -  Total Bytes Received By Job
	Partitionable Resources :    Usage  Request Allocated 
	   Cpus                 :     0.90        1         1 
	   Disk (KB)            :     1    10752000  11369822 
	   Memory (MB)          :   177       10240     10240 
...
