000 (1877853.000.000) 07/19 14:51:52 Job submitted from host: <131.169.223.41:9618?addrs=131.169.223.41-9618+[2001-638-700-10df--1-29]-9618&noUDP&sock=schedd_499365_6ede_3>
...
000 (1877853.001.000) 07/19 14:51:52 Job submitted from host: <131.169.223.41:9618?addrs=131.169.223.41-9618+[2001-638-700-10df--1-29]-9618&noUDP&sock=schedd_499365_6ede_3>
...
000 (1877853.002.000) 07/19 14:51:52 Job submitted from host: <131.169.223.41:9618?addrs=131.169.223.41-9618+[2001-638-700-10df--1-29]-9618&noUDP&sock=schedd_499365_6ede_3>
...
000 (1877853.003.000) 07/19 14:51:52 Job submitted from host: <131.169.223.41:9618?addrs=131.169.223.41-9618+[2001-638-700-10df--1-29]-9618&noUDP&sock=schedd_499365_6ede_3>
...
000 (1877853.004.000) 07/19 14:51:52 Job submitted from host: <131.169.223.41:9618?addrs=131.169.223.41-9618+[2001-638-700-10df--1-29]-9618&noUDP&sock=schedd_499365_6ede_3>
...
000 (1877853.005.000) 07/19 14:51:52 Job submitted from host: <131.169.223.41:9618?addrs=131.169.223.41-9618+[2001-638-700-10df--1-29]-9618&noUDP&sock=schedd_499365_6ede_3>
...
000 (1877853.006.000) 07/19 14:51:52 Job submitted from host: <131.169.223.41:9618?addrs=131.169.223.41-9618+[2001-638-700-10df--1-29]-9618&noUDP&sock=schedd_499365_6ede_3>
...
000 (1877853.007.000) 07/19 14:51:52 Job submitted from host: <131.169.223.41:9618?addrs=131.169.223.41-9618+[2001-638-700-10df--1-29]-9618&noUDP&sock=schedd_499365_6ede_3>
...
000 (1877853.008.000) 07/19 14:51:52 Job submitted from host: <131.169.223.41:9618?addrs=131.169.223.41-9618+[2001-638-700-10df--1-29]-9618&noUDP&sock=schedd_499365_6ede_3>
...
000 (1877853.009.000) 07/19 14:51:52 Job submitted from host: <131.169.223.41:9618?addrs=131.169.223.41-9618+[2001-638-700-10df--1-29]-9618&noUDP&sock=schedd_499365_6ede_3>
...
000 (1877853.010.000) 07/19 14:51:52 Job submitted from host: <131.169.223.41:9618?addrs=131.169.223.41-9618+[2001-638-700-10df--1-29]-9618&noUDP&sock=schedd_499365_6ede_3>
...
000 (1877853.011.000) 07/19 14:51:52 Job submitted from host: <131.169.223.41:9618?addrs=131.169.223.41-9618+[2001-638-700-10df--1-29]-9618&noUDP&sock=schedd_499365_6ede_3>
...
000 (1877853.012.000) 07/19 14:51:52 Job submitted from host: <131.169.223.41:9618?addrs=131.169.223.41-9618+[2001-638-700-10df--1-29]-9618&noUDP&sock=schedd_499365_6ede_3>
...
000 (1877853.013.000) 07/19 14:51:52 Job submitted from host: <131.169.223.41:9618?addrs=131.169.223.41-9618+[2001-638-700-10df--1-29]-9618&noUDP&sock=schedd_499365_6ede_3>
...
000 (1877853.014.000) 07/19 14:51:52 Job submitted from host: <131.169.223.41:9618?addrs=131.169.223.41-9618+[2001-638-700-10df--1-29]-9618&noUDP&sock=schedd_499365_6ede_3>
...
000 (1877853.015.000) 07/19 14:51:52 Job submitted from host: <131.169.223.41:9618?addrs=131.169.223.41-9618+[2001-638-700-10df--1-29]-9618&noUDP&sock=schedd_499365_6ede_3>
...
000 (1877853.016.000) 07/19 14:51:52 Job submitted from host: <131.169.223.41:9618?addrs=131.169.223.41-9618+[2001-638-700-10df--1-29]-9618&noUDP&sock=schedd_499365_6ede_3>
...
000 (1877853.017.000) 07/19 14:51:52 Job submitted from host: <131.169.223.41:9618?addrs=131.169.223.41-9618+[2001-638-700-10df--1-29]-9618&noUDP&sock=schedd_499365_6ede_3>
...
000 (1877853.018.000) 07/19 14:51:52 Job submitted from host: <131.169.223.41:9618?addrs=131.169.223.41-9618+[2001-638-700-10df--1-29]-9618&noUDP&sock=schedd_499365_6ede_3>
...
000 (1877853.019.000) 07/19 14:51:52 Job submitted from host: <131.169.223.41:9618?addrs=131.169.223.41-9618+[2001-638-700-10df--1-29]-9618&noUDP&sock=schedd_499365_6ede_3>
...
001 (1877853.007.000) 07/19 15:25:48 Job executing on host: <131.169.84.159:39928?addrs=131.169.84.159-39928>
...
001 (1877853.005.000) 07/19 15:25:48 Job executing on host: <131.169.84.180:42588?addrs=131.169.84.180-42588>
...
001 (1877853.008.000) 07/19 15:25:49 Job executing on host: <131.169.77.25:38268?addrs=131.169.77.25-38268>
...
001 (1877853.003.000) 07/19 15:25:53 Job executing on host: <131.169.84.149:34485?addrs=131.169.84.149-34485>
...
001 (1877853.004.000) 07/19 15:25:53 Job executing on host: <131.169.84.181:36441?addrs=131.169.84.181-36441>
...
001 (1877853.000.000) 07/19 15:25:53 Job executing on host: <131.169.77.152:38820?addrs=131.169.77.152-38820>
...
001 (1877853.006.000) 07/19 15:25:53 Job executing on host: <131.169.164.27:37816?addrs=131.169.164.27-37816>
...
006 (1877853.007.000) 07/19 15:25:56 Image size of job updated: 183740
	110  -  MemoryUsage of job (MB)
	111952  -  ResidentSetSize of job (KB)
...
001 (1877853.002.000) 07/19 15:25:56 Job executing on host: <131.169.77.60:39138?addrs=131.169.77.60-39138>
...
006 (1877853.005.000) 07/19 15:25:57 Image size of job updated: 182172
	110  -  MemoryUsage of job (MB)
	111948  -  ResidentSetSize of job (KB)
...
001 (1877853.001.000) 07/19 15:25:57 Job executing on host: <131.169.77.23:38418?addrs=131.169.77.23-38418>
...
006 (1877853.008.000) 07/19 15:25:58 Image size of job updated: 179896
	110  -  MemoryUsage of job (MB)
	111844  -  ResidentSetSize of job (KB)
...
006 (1877853.003.000) 07/19 15:26:01 Image size of job updated: 189776
	114  -  MemoryUsage of job (MB)
	116188  -  ResidentSetSize of job (KB)
...
006 (1877853.004.000) 07/19 15:26:02 Image size of job updated: 183120
	109  -  MemoryUsage of job (MB)
	111332  -  ResidentSetSize of job (KB)
...
006 (1877853.000.000) 07/19 15:26:02 Image size of job updated: 193344
	117  -  MemoryUsage of job (MB)
	119516  -  ResidentSetSize of job (KB)
...
006 (1877853.006.000) 07/19 15:26:04 Image size of job updated: 98864
	55  -  MemoryUsage of job (MB)
	55776  -  ResidentSetSize of job (KB)
...
006 (1877853.002.000) 07/19 15:26:05 Image size of job updated: 138536
	115  -  MemoryUsage of job (MB)
	117428  -  ResidentSetSize of job (KB)
...
006 (1877853.001.000) 07/19 15:26:07 Image size of job updated: 139752
	110  -  MemoryUsage of job (MB)
	112044  -  ResidentSetSize of job (KB)
...
022 (1877853.009.000) 07/19 15:26:10 Job disconnected, attempting to reconnect
    Socket between submit and execute hosts closed unexpectedly
    Trying to reconnect to slot1@bird574.desy.de <131.169.77.56:42265?addrs=131.169.77.56-42265>
...
024 (1877853.009.000) 07/19 15:26:10 Job reconnection failed
    Job not found at execution machine
    Can not reconnect to slot1@bird574.desy.de, rescheduling job
...
001 (1877853.010.000) 07/19 15:27:47 Job executing on host: <131.169.84.161:34657?addrs=131.169.84.161-34657>
...
001 (1877853.017.000) 07/19 15:27:47 Job executing on host: <131.169.84.158:37623?addrs=131.169.84.158-37623>
...
001 (1877853.012.000) 07/19 15:27:47 Job executing on host: <131.169.77.6:40049?addrs=131.169.77.6-40049>
...
001 (1877853.014.000) 07/19 15:27:47 Job executing on host: <131.169.77.156:42078?addrs=131.169.77.156-42078>
...
001 (1877853.015.000) 07/19 15:27:48 Job executing on host: <131.169.77.214:33329?addrs=131.169.77.214-33329>
...
001 (1877853.018.000) 07/19 15:27:48 Job executing on host: <131.169.77.217:46163?addrs=131.169.77.217-46163>
...
001 (1877853.016.000) 07/19 15:27:51 Job executing on host: <131.169.164.47:36650?addrs=131.169.164.47-36650>
...
001 (1877853.019.000) 07/19 15:27:52 Job executing on host: <131.169.164.22:33927?addrs=131.169.164.22-33927>
...
001 (1877853.011.000) 07/19 15:27:52 Job executing on host: <131.169.77.13:41559?addrs=131.169.77.13-41559>
...
001 (1877853.013.000) 07/19 15:27:52 Job executing on host: <131.169.77.61:44842?addrs=131.169.77.61-44842>
...
006 (1877853.012.000) 07/19 15:27:56 Image size of job updated: 183856
	110  -  MemoryUsage of job (MB)
	112020  -  ResidentSetSize of job (KB)
...
006 (1877853.014.000) 07/19 15:27:56 Image size of job updated: 185624
	110  -  MemoryUsage of job (MB)
	112032  -  ResidentSetSize of job (KB)
...
006 (1877853.015.000) 07/19 15:27:56 Image size of job updated: 185616
	110  -  MemoryUsage of job (MB)
	112024  -  ResidentSetSize of job (KB)
...
006 (1877853.010.000) 07/19 15:27:56 Image size of job updated: 183940
	110  -  MemoryUsage of job (MB)
	111800  -  ResidentSetSize of job (KB)
...
006 (1877853.017.000) 07/19 15:27:57 Image size of job updated: 183904
	110  -  MemoryUsage of job (MB)
	112020  -  ResidentSetSize of job (KB)
...
006 (1877853.018.000) 07/19 15:27:57 Image size of job updated: 185508
	110  -  MemoryUsage of job (MB)
	111944  -  ResidentSetSize of job (KB)
...
006 (1877853.016.000) 07/19 15:28:00 Image size of job updated: 187012
	111  -  MemoryUsage of job (MB)
	113420  -  ResidentSetSize of job (KB)
...
006 (1877853.019.000) 07/19 15:28:01 Image size of job updated: 172272
	110  -  MemoryUsage of job (MB)
	112028  -  ResidentSetSize of job (KB)
...
006 (1877853.013.000) 07/19 15:28:01 Image size of job updated: 183716
	110  -  MemoryUsage of job (MB)
	111932  -  ResidentSetSize of job (KB)
...
006 (1877853.011.000) 07/19 15:28:01 Image size of job updated: 185616
	110  -  MemoryUsage of job (MB)
	112028  -  ResidentSetSize of job (KB)
...
006 (1877853.007.000) 07/19 15:30:56 Image size of job updated: 267244
	178  -  MemoryUsage of job (MB)
	181928  -  ResidentSetSize of job (KB)
...
006 (1877853.008.000) 07/19 15:30:58 Image size of job updated: 184920
	177  -  MemoryUsage of job (MB)
	180752  -  ResidentSetSize of job (KB)
...
006 (1877853.005.000) 07/19 15:30:58 Image size of job updated: 266044
	179  -  MemoryUsage of job (MB)
	183040  -  ResidentSetSize of job (KB)
...
006 (1877853.003.000) 07/19 15:31:01 Image size of job updated: 269668
	178  -  MemoryUsage of job (MB)
	182096  -  ResidentSetSize of job (KB)
...
006 (1877853.004.000) 07/19 15:31:03 Image size of job updated: 266612
	178  -  MemoryUsage of job (MB)
	181284  -  ResidentSetSize of job (KB)
...
006 (1877853.000.000) 07/19 15:31:03 Image size of job updated: 193344
	177  -  MemoryUsage of job (MB)
	180724  -  ResidentSetSize of job (KB)
...
006 (1877853.006.000) 07/19 15:31:04 Image size of job updated: 268004
	179  -  MemoryUsage of job (MB)
	182676  -  ResidentSetSize of job (KB)
...
006 (1877853.002.000) 07/19 15:31:05 Image size of job updated: 186764
	178  -  MemoryUsage of job (MB)
	181848  -  ResidentSetSize of job (KB)
...
006 (1877853.001.000) 07/19 15:31:08 Image size of job updated: 187828
	178  -  MemoryUsage of job (MB)
	182176  -  ResidentSetSize of job (KB)
...
006 (1877853.014.000) 07/19 15:32:56 Image size of job updated: 270136
	179  -  MemoryUsage of job (MB)
	182556  -  ResidentSetSize of job (KB)
...
006 (1877853.012.000) 07/19 15:32:56 Image size of job updated: 189256
	178  -  MemoryUsage of job (MB)
	181724  -  ResidentSetSize of job (KB)
...
006 (1877853.015.000) 07/19 15:32:56 Image size of job updated: 199032
	178  -  MemoryUsage of job (MB)
	181468  -  ResidentSetSize of job (KB)
...
006 (1877853.017.000) 07/19 15:32:57 Image size of job updated: 266460
	177  -  MemoryUsage of job (MB)
	181004  -  ResidentSetSize of job (KB)
...
006 (1877853.010.000) 07/19 15:32:58 Image size of job updated: 267180
	178  -  MemoryUsage of job (MB)
	181888  -  ResidentSetSize of job (KB)
...
006 (1877853.018.000) 07/19 15:32:58 Image size of job updated: 269760
	178  -  MemoryUsage of job (MB)
	182216  -  ResidentSetSize of job (KB)
...
006 (1877853.016.000) 07/19 15:33:01 Image size of job updated: 271140
	180  -  MemoryUsage of job (MB)
	183560  -  ResidentSetSize of job (KB)
...
006 (1877853.019.000) 07/19 15:33:01 Image size of job updated: 186184
	179  -  MemoryUsage of job (MB)
	182436  -  ResidentSetSize of job (KB)
...
006 (1877853.011.000) 07/19 15:33:01 Image size of job updated: 270272
	179  -  MemoryUsage of job (MB)
	182696  -  ResidentSetSize of job (KB)
...
006 (1877853.013.000) 07/19 15:33:01 Image size of job updated: 266852
	178  -  MemoryUsage of job (MB)
	181552  -  ResidentSetSize of job (KB)
...
006 (1877853.007.000) 07/19 15:35:57 Image size of job updated: 275532
	186  -  MemoryUsage of job (MB)
	190216  -  ResidentSetSize of job (KB)
...
006 (1877853.008.000) 07/19 15:35:59 Image size of job updated: 194680
	187  -  MemoryUsage of job (MB)
	190512  -  ResidentSetSize of job (KB)
...
006 (1877853.005.000) 07/19 15:35:59 Image size of job updated: 271580
	185  -  MemoryUsage of job (MB)
	188576  -  ResidentSetSize of job (KB)
...
006 (1877853.003.000) 07/19 15:36:02 Image size of job updated: 275380
	184  -  MemoryUsage of job (MB)
	187808  -  ResidentSetSize of job (KB)
...
006 (1877853.004.000) 07/19 15:36:03 Image size of job updated: 272448
	183  -  MemoryUsage of job (MB)
	187120  -  ResidentSetSize of job (KB)
...
006 (1877853.000.000) 07/19 15:36:03 Image size of job updated: 193696
	186  -  MemoryUsage of job (MB)
	190328  -  ResidentSetSize of job (KB)
...
006 (1877853.006.000) 07/19 15:36:04 Image size of job updated: 272924
	184  -  MemoryUsage of job (MB)
	187784  -  ResidentSetSize of job (KB)
...
006 (1877853.002.000) 07/19 15:36:06 Image size of job updated: 195664
	187  -  MemoryUsage of job (MB)
	190736  -  ResidentSetSize of job (KB)
...
006 (1877853.001.000) 07/19 15:36:08 Image size of job updated: 196092
	186  -  MemoryUsage of job (MB)
	190440  -  ResidentSetSize of job (KB)
...
006 (1877853.012.000) 07/19 15:37:56 Image size of job updated: 198152
	187  -  MemoryUsage of job (MB)
	190620  -  ResidentSetSize of job (KB)
...
006 (1877853.014.000) 07/19 15:37:56 Image size of job updated: 276312
	185  -  MemoryUsage of job (MB)
	188732  -  ResidentSetSize of job (KB)
...
006 (1877853.015.000) 07/19 15:37:57 Image size of job updated: 204864
	183  -  MemoryUsage of job (MB)
	187300  -  ResidentSetSize of job (KB)
...
006 (1877853.017.000) 07/19 15:37:57 Image size of job updated: 273340
	184  -  MemoryUsage of job (MB)
	187884  -  ResidentSetSize of job (KB)
...
006 (1877853.010.000) 07/19 15:37:58 Image size of job updated: 275872
	187  -  MemoryUsage of job (MB)
	190544  -  ResidentSetSize of job (KB)
...
006 (1877853.018.000) 07/19 15:37:58 Image size of job updated: 278564
	187  -  MemoryUsage of job (MB)
	191020  -  ResidentSetSize of job (KB)
...
006 (1877853.016.000) 07/19 15:38:01 Image size of job updated: 279292
	188  -  MemoryUsage of job (MB)
	191712  -  ResidentSetSize of job (KB)
...
006 (1877853.019.000) 07/19 15:38:01 Image size of job updated: 192404
	185  -  MemoryUsage of job (MB)
	188656  -  ResidentSetSize of job (KB)
...
006 (1877853.013.000) 07/19 15:38:02 Image size of job updated: 273600
	184  -  MemoryUsage of job (MB)
	188300  -  ResidentSetSize of job (KB)
...
006 (1877853.011.000) 07/19 15:38:03 Image size of job updated: 275064
	184  -  MemoryUsage of job (MB)
	187488  -  ResidentSetSize of job (KB)
...
006 (1877853.006.000) 07/19 15:42:37 Image size of job updated: 272924
	187  -  MemoryUsage of job (MB)
	190616  -  ResidentSetSize of job (KB)
...
006 (1877853.004.000) 07/19 15:42:39 Image size of job updated: 277300
	188  -  MemoryUsage of job (MB)
	191972  -  ResidentSetSize of job (KB)
...
006 (1877853.017.000) 07/19 15:44:32 Image size of job updated: 275656
	186  -  MemoryUsage of job (MB)
	190200  -  ResidentSetSize of job (KB)
...
006 (1877853.015.000) 07/19 15:44:33 Image size of job updated: 209532
	188  -  MemoryUsage of job (MB)
	192076  -  ResidentSetSize of job (KB)
...
006 (1877853.005.000) 07/19 15:45:48 Image size of job updated: 275700
	189  -  MemoryUsage of job (MB)
	192696  -  ResidentSetSize of job (KB)
...
006 (1877853.007.000) 07/19 15:45:48 Image size of job updated: 277708
	188  -  MemoryUsage of job (MB)
	192392  -  ResidentSetSize of job (KB)
...
006 (1877853.008.000) 07/19 15:45:49 Image size of job updated: 196124
	188  -  MemoryUsage of job (MB)
	191964  -  ResidentSetSize of job (KB)
...
006 (1877853.002.000) 07/19 15:45:56 Image size of job updated: 196860
	188  -  MemoryUsage of job (MB)
	191932  -  ResidentSetSize of job (KB)
...
006 (1877853.000.000) 07/19 15:46:00 Image size of job updated: 196180
	189  -  MemoryUsage of job (MB)
	192812  -  ResidentSetSize of job (KB)
...
006 (1877853.001.000) 07/19 15:46:10 Image size of job updated: 198548
	189  -  MemoryUsage of job (MB)
	192896  -  ResidentSetSize of job (KB)
...
007 (1877853.001.000) 07/19 15:46:10 Shadow exception!
	Assertion ERROR on (result)
	0  -  Run Bytes Sent By Job
	0  -  Run Bytes Received By Job
...
006 (1877853.003.000) 07/19 15:46:11 Image size of job updated: 278180
	187  -  MemoryUsage of job (MB)
	190608  -  ResidentSetSize of job (KB)
...
007 (1877853.003.000) 07/19 15:46:11 Shadow exception!
	Assertion ERROR on (result)
	0  -  Run Bytes Sent By Job
	0  -  Run Bytes Received By Job
...
006 (1877853.018.000) 07/19 15:46:11 Image size of job updated: 278564
	188  -  MemoryUsage of job (MB)
	192120  -  ResidentSetSize of job (KB)
...
006 (1877853.012.000) 07/19 15:46:11 Image size of job updated: 199432
	188  -  MemoryUsage of job (MB)
	191900  -  ResidentSetSize of job (KB)
...
006 (1877853.014.000) 07/19 15:46:11 Image size of job updated: 280360
	189  -  MemoryUsage of job (MB)
	192780  -  ResidentSetSize of job (KB)
...
006 (1877853.011.000) 07/19 15:46:12 Image size of job updated: 279508
	188  -  MemoryUsage of job (MB)
	191932  -  ResidentSetSize of job (KB)
...
006 (1877853.013.000) 07/19 15:46:12 Image size of job updated: 280188
	191  -  MemoryUsage of job (MB)
	194888  -  ResidentSetSize of job (KB)
...
006 (1877853.010.000) 07/19 15:46:13 Image size of job updated: 278332
	189  -  MemoryUsage of job (MB)
	193004  -  ResidentSetSize of job (KB)
...
006 (1877853.016.000) 07/19 15:46:13 Image size of job updated: 280484
	189  -  MemoryUsage of job (MB)
	192904  -  ResidentSetSize of job (KB)
...
006 (1877853.019.000) 07/19 15:47:08 Image size of job updated: 198608
	191  -  MemoryUsage of job (MB)
	194860  -  ResidentSetSize of job (KB)
...
006 (1877853.006.000) 07/19 15:47:18 Image size of job updated: 272924
	189  -  MemoryUsage of job (MB)
	193120  -  ResidentSetSize of job (KB)
...
006 (1877853.004.000) 07/19 15:47:26 Image size of job updated: 277300
	189  -  MemoryUsage of job (MB)
	193396  -  ResidentSetSize of job (KB)
...
001 (1877853.009.000) 07/19 15:48:53 Job executing on host: <131.169.77.20:45172?addrs=131.169.77.20-45172>
...
001 (1877853.001.000) 07/19 15:48:59 Job executing on host: <131.169.84.253:46761?addrs=131.169.84.253-46761>
...
006 (1877853.009.000) 07/19 15:49:01 Image size of job updated: 178836
	116  -  MemoryUsage of job (MB)
	118340  -  ResidentSetSize of job (KB)
...
001 (1877853.003.000) 07/19 15:49:03 Job executing on host: <131.169.77.41:34900?addrs=131.169.77.41-34900>
...
006 (1877853.017.000) 07/19 15:49:14 Image size of job updated: 278408
	189  -  MemoryUsage of job (MB)
	192952  -  ResidentSetSize of job (KB)
...
006 (1877853.015.000) 07/19 15:49:22 Image size of job updated: 209532
	189  -  MemoryUsage of job (MB)
	193528  -  ResidentSetSize of job (KB)
...
006 (1877853.006.000) 07/19 15:52:19 Image size of job updated: 272924
	190  -  MemoryUsage of job (MB)
	193672  -  ResidentSetSize of job (KB)
...
006 (1877853.004.000) 07/19 15:52:28 Image size of job updated: 277300
	190  -  MemoryUsage of job (MB)
	193608  -  ResidentSetSize of job (KB)
...
006 (1877853.009.000) 07/19 15:54:01 Image size of job updated: 250480
	177  -  MemoryUsage of job (MB)
	180432  -  ResidentSetSize of job (KB)
...
006 (1877853.001.000) 07/19 15:54:07 Image size of job updated: 269684
	196  -  MemoryUsage of job (MB)
	200000  -  ResidentSetSize of job (KB)
...
006 (1877853.017.000) 07/19 15:54:14 Image size of job updated: 278748
	189  -  MemoryUsage of job (MB)
	193292  -  ResidentSetSize of job (KB)
...
006 (1877853.015.000) 07/19 15:54:23 Image size of job updated: 209532
	190  -  MemoryUsage of job (MB)
	193736  -  ResidentSetSize of job (KB)
...
006 (1877853.011.000) 07/19 15:55:41 Image size of job updated: 279508
	190  -  MemoryUsage of job (MB)
	193556  -  ResidentSetSize of job (KB)
...
006 (1877853.013.000) 07/19 15:55:44 Image size of job updated: 280284
	191  -  MemoryUsage of job (MB)
	194984  -  ResidentSetSize of job (KB)
...
006 (1877853.016.000) 07/19 15:55:48 Image size of job updated: 280484
	191  -  MemoryUsage of job (MB)
	194960  -  ResidentSetSize of job (KB)
...
006 (1877853.018.000) 07/19 15:55:48 Image size of job updated: 278564
	190  -  MemoryUsage of job (MB)
	193788  -  ResidentSetSize of job (KB)
...
006 (1877853.014.000) 07/19 15:55:54 Image size of job updated: 281436
	190  -  MemoryUsage of job (MB)
	193856  -  ResidentSetSize of job (KB)
...
006 (1877853.012.000) 07/19 15:55:56 Image size of job updated: 199648
	190  -  MemoryUsage of job (MB)
	193848  -  ResidentSetSize of job (KB)
...
006 (1877853.010.000) 07/19 15:55:58 Image size of job updated: 278332
	190  -  MemoryUsage of job (MB)
	193664  -  ResidentSetSize of job (KB)
...
006 (1877853.006.000) 07/19 15:57:19 Image size of job updated: 272924
	190  -  MemoryUsage of job (MB)
	193832  -  ResidentSetSize of job (KB)
...
006 (1877853.004.000) 07/19 15:57:28 Image size of job updated: 277300
	191  -  MemoryUsage of job (MB)
	195000  -  ResidentSetSize of job (KB)
...
006 (1877853.009.000) 07/19 15:59:01 Image size of job updated: 260260
	186  -  MemoryUsage of job (MB)
	190152  -  ResidentSetSize of job (KB)
...
006 (1877853.001.000) 07/19 15:59:08 Image size of job updated: 275648
	196  -  MemoryUsage of job (MB)
	200000  -  ResidentSetSize of job (KB)
...
006 (1877853.017.000) 07/19 15:59:15 Image size of job updated: 280628
	191  -  MemoryUsage of job (MB)
	195172  -  ResidentSetSize of job (KB)
...
006 (1877853.015.000) 07/19 15:59:23 Image size of job updated: 209532
	190  -  MemoryUsage of job (MB)
	193972  -  ResidentSetSize of job (KB)
...
006 (1877853.019.000) 07/19 15:59:27 Image size of job updated: 198792
	191  -  MemoryUsage of job (MB)
	195044  -  ResidentSetSize of job (KB)
...
006 (1877853.005.000) 07/19 16:00:13 Image size of job updated: 275700
	191  -  MemoryUsage of job (MB)
	195176  -  ResidentSetSize of job (KB)
...
006 (1877853.008.000) 07/19 16:00:20 Image size of job updated: 196400
	191  -  MemoryUsage of job (MB)
	195064  -  ResidentSetSize of job (KB)
...
006 (1877853.007.000) 07/19 16:00:22 Image size of job updated: 280312
	191  -  MemoryUsage of job (MB)
	194996  -  ResidentSetSize of job (KB)
...
006 (1877853.002.000) 07/19 16:00:27 Image size of job updated: 197780
	190  -  MemoryUsage of job (MB)
	194188  -  ResidentSetSize of job (KB)
...
006 (1877853.000.000) 07/19 16:00:50 Image size of job updated: 198872
	190  -  MemoryUsage of job (MB)
	193992  -  ResidentSetSize of job (KB)
...
006 (1877853.006.000) 07/19 16:02:20 Image size of job updated: 272924
	190  -  MemoryUsage of job (MB)
	193888  -  ResidentSetSize of job (KB)
...
006 (1877853.004.000) 07/19 16:02:28 Image size of job updated: 277300
	191  -  MemoryUsage of job (MB)
	195088  -  ResidentSetSize of job (KB)
...
006 (1877853.017.000) 07/19 16:04:32 Image size of job updated: 280676
	191  -  MemoryUsage of job (MB)
	195220  -  ResidentSetSize of job (KB)
...
006 (1877853.015.000) 07/19 16:04:33 Image size of job updated: 209532
	191  -  MemoryUsage of job (MB)
	195072  -  ResidentSetSize of job (KB)
...
006 (1877853.011.000) 07/19 16:05:20 Image size of job updated: 279508
	190  -  MemoryUsage of job (MB)
	193796  -  ResidentSetSize of job (KB)
...
006 (1877853.009.000) 07/19 16:05:37 Image size of job updated: 260260
	189  -  MemoryUsage of job (MB)
	192588  -  ResidentSetSize of job (KB)
...
006 (1877853.010.000) 07/19 16:05:38 Image size of job updated: 278332
	190  -  MemoryUsage of job (MB)
	193824  -  ResidentSetSize of job (KB)
...
006 (1877853.016.000) 07/19 16:05:39 Image size of job updated: 280484
	191  -  MemoryUsage of job (MB)
	195168  -  ResidentSetSize of job (KB)
...
006 (1877853.012.000) 07/19 16:05:41 Image size of job updated: 200756
	191  -  MemoryUsage of job (MB)
	194956  -  ResidentSetSize of job (KB)
...
006 (1877853.014.000) 07/19 16:05:48 Image size of job updated: 281492
	190  -  MemoryUsage of job (MB)
	193912  -  ResidentSetSize of job (KB)
...
006 (1877853.018.000) 07/19 16:05:48 Image size of job updated: 278564
	191  -  MemoryUsage of job (MB)
	195056  -  ResidentSetSize of job (KB)
...
006 (1877853.001.000) 07/19 16:06:08 Image size of job updated: 278716
	196  -  MemoryUsage of job (MB)
	200000  -  ResidentSetSize of job (KB)
...
006 (1877853.006.000) 07/19 16:07:21 Image size of job updated: 272924
	190  -  MemoryUsage of job (MB)
	193972  -  ResidentSetSize of job (KB)
...
006 (1877853.004.000) 07/19 16:07:29 Image size of job updated: 277300
	191  -  MemoryUsage of job (MB)
	195092  -  ResidentSetSize of job (KB)
...
006 (1877853.019.000) 07/19 16:09:18 Image size of job updated: 199876
	191  -  MemoryUsage of job (MB)
	195044  -  ResidentSetSize of job (KB)
...
006 (1877853.015.000) 07/19 16:09:24 Image size of job updated: 209532
	191  -  MemoryUsage of job (MB)
	195080  -  ResidentSetSize of job (KB)
...
006 (1877853.009.000) 07/19 16:10:23 Image size of job updated: 260260
	192  -  MemoryUsage of job (MB)
	196248  -  ResidentSetSize of job (KB)
...
006 (1877853.005.000) 07/19 16:11:45 Image size of job updated: 275700
	191  -  MemoryUsage of job (MB)
	195180  -  ResidentSetSize of job (KB)
...
006 (1877853.008.000) 07/19 16:11:57 Image size of job updated: 197096
	191  -  MemoryUsage of job (MB)
	195064  -  ResidentSetSize of job (KB)
...
006 (1877853.007.000) 07/19 16:12:01 Image size of job updated: 280576
	191  -  MemoryUsage of job (MB)
	195260  -  ResidentSetSize of job (KB)
...
006 (1877853.002.000) 07/19 16:12:04 Image size of job updated: 197908
	190  -  MemoryUsage of job (MB)
	194308  -  ResidentSetSize of job (KB)
...
006 (1877853.001.000) 07/19 16:12:08 Image size of job updated: 280548
	196  -  MemoryUsage of job (MB)
	200000  -  ResidentSetSize of job (KB)
...
006 (1877853.006.000) 07/19 16:12:21 Image size of job updated: 272924
	190  -  MemoryUsage of job (MB)
	193984  -  ResidentSetSize of job (KB)
...
006 (1877853.000.000) 07/19 16:12:42 Image size of job updated: 200068
	191  -  MemoryUsage of job (MB)
	195188  -  ResidentSetSize of job (KB)
...
006 (1877853.019.000) 07/19 16:15:13 Image size of job updated: 201924
	193  -  MemoryUsage of job (MB)
	197092  -  ResidentSetSize of job (KB)
...
006 (1877853.010.000) 07/19 16:15:59 Image size of job updated: 278332
	190  -  MemoryUsage of job (MB)
	193980  -  ResidentSetSize of job (KB)
...
006 (1877853.011.000) 07/19 16:16:09 Image size of job updated: 279508
	190  -  MemoryUsage of job (MB)
	194060  -  ResidentSetSize of job (KB)
...
006 (1877853.012.000) 07/19 16:16:11 Image size of job updated: 200756
	191  -  MemoryUsage of job (MB)
	195120  -  ResidentSetSize of job (KB)
...
006 (1877853.016.000) 07/19 16:16:49 Image size of job updated: 280484
	191  -  MemoryUsage of job (MB)
	195176  -  ResidentSetSize of job (KB)
...
006 (1877853.014.000) 07/19 16:16:50 Image size of job updated: 281492
	192  -  MemoryUsage of job (MB)
	195596  -  ResidentSetSize of job (KB)
...
006 (1877853.001.000) 07/19 16:17:09 Image size of job updated: 280724
	196  -  MemoryUsage of job (MB)
	200000  -  ResidentSetSize of job (KB)
...
006 (1877853.018.000) 07/19 16:17:17 Image size of job updated: 278564
	191  -  MemoryUsage of job (MB)
	195144  -  ResidentSetSize of job (KB)
...
006 (1877853.015.000) 07/19 16:19:24 Image size of job updated: 209532
	191  -  MemoryUsage of job (MB)
	195248  -  ResidentSetSize of job (KB)
...
006 (1877853.009.000) 07/19 16:20:23 Image size of job updated: 260260
	192  -  MemoryUsage of job (MB)
	196256  -  ResidentSetSize of job (KB)
...
006 (1877853.006.000) 07/19 16:20:41 Image size of job updated: 272924
	191  -  MemoryUsage of job (MB)
	195036  -  ResidentSetSize of job (KB)
...
006 (1877853.002.000) 07/19 16:22:40 Image size of job updated: 197916
	190  -  MemoryUsage of job (MB)
	194316  -  ResidentSetSize of job (KB)
...
006 (1877853.008.000) 07/19 16:24:59 Image size of job updated: 197096
	191  -  MemoryUsage of job (MB)
	195244  -  ResidentSetSize of job (KB)
...
006 (1877853.011.000) 07/19 16:25:20 Image size of job updated: 279508
	191  -  MemoryUsage of job (MB)
	195120  -  ResidentSetSize of job (KB)
...
006 (1877853.009.000) 07/19 16:25:33 Image size of job updated: 260260
	192  -  MemoryUsage of job (MB)
	196264  -  ResidentSetSize of job (KB)
...
006 (1877853.013.000) 07/19 16:25:38 Image size of job updated: 280428
	191  -  MemoryUsage of job (MB)
	195128  -  ResidentSetSize of job (KB)
...
006 (1877853.012.000) 07/19 16:25:41 Image size of job updated: 200756
	193  -  MemoryUsage of job (MB)
	197140  -  ResidentSetSize of job (KB)
...
006 (1877853.018.000) 07/19 16:25:48 Image size of job updated: 278564
	193  -  MemoryUsage of job (MB)
	196996  -  ResidentSetSize of job (KB)
...
006 (1877853.001.000) 07/19 16:26:08 Image size of job updated: 280828
	196  -  MemoryUsage of job (MB)
	200000  -  ResidentSetSize of job (KB)
...
006 (1877853.004.000) 07/19 16:27:32 Image size of job updated: 277300
	191  -  MemoryUsage of job (MB)
	195136  -  ResidentSetSize of job (KB)
...
001 (1877853.007.000) 07/19 16:28:14 Job executing on host: <131.169.77.129:42245?addrs=131.169.77.129-42245>
...
001 (1877853.005.000) 07/19 16:28:21 Job executing on host: <131.169.84.99:46659?addrs=131.169.84.99-46659>
...
006 (1877853.016.000) 07/19 16:29:50 Image size of job updated: 280484
	193  -  MemoryUsage of job (MB)
	197128  -  ResidentSetSize of job (KB)
...
006 (1877853.008.000) 07/19 16:30:00 Image size of job updated: 197832
	191  -  MemoryUsage of job (MB)
	195244  -  ResidentSetSize of job (KB)
...
006 (1877853.018.000) 07/19 16:31:31 Image size of job updated: 278564
	193  -  MemoryUsage of job (MB)
	197012  -  ResidentSetSize of job (KB)
...
006 (1877853.013.000) 07/19 16:31:55 Image size of job updated: 282672
	193  -  MemoryUsage of job (MB)
	197372  -  ResidentSetSize of job (KB)
...
006 (1877853.011.000) 07/19 16:34:07 Image size of job updated: 279508
	191  -  MemoryUsage of job (MB)
	195208  -  ResidentSetSize of job (KB)
...
006 (1877853.010.000) 07/19 16:36:58 Image size of job updated: 278332
	190  -  MemoryUsage of job (MB)
	193984  -  ResidentSetSize of job (KB)
...
006 (1877853.008.000) 07/19 16:41:38 Image size of job updated: 198600
	191  -  MemoryUsage of job (MB)
	195244  -  ResidentSetSize of job (KB)
...
006 (1877853.002.000) 07/19 16:42:40 Image size of job updated: 201628
	193  -  MemoryUsage of job (MB)
	197348  -  ResidentSetSize of job (KB)
...
006 (1877853.004.000) 07/19 16:47:33 Image size of job updated: 277300
	192  -  MemoryUsage of job (MB)
	195704  -  ResidentSetSize of job (KB)
...
006 (1877853.009.000) 07/19 16:50:26 Image size of job updated: 260260
	193  -  MemoryUsage of job (MB)
	197280  -  ResidentSetSize of job (KB)
...
005 (1877853.019.000) 07/19 16:52:38 Job terminated.
	(1) Normal termination (return value 0)
		Usr 0 01:11:03, Sys 0 00:01:06  -  Run Remote Usage
		Usr 0 00:00:00, Sys 0 00:00:00  -  Run Local Usage
		Usr 0 01:11:03, Sys 0 00:01:06  -  Total Remote Usage
		Usr 0 00:00:00, Sys 0 00:00:00  -  Total Local Usage
	0  -  Run Bytes Sent By Job
	0  -  Run Bytes Received By Job
	0  -  Total Bytes Sent By Job
	0  -  Total Bytes Received By Job
	Partitionable Resources :    Usage  Request Allocated 
	   Cpus                 :     0.93        1         1 
	   Disk (KB)            :     1    10752000  11516671 
	   Memory (MB)          :   193       10240     10240 
...
006 (1877853.000.000) 07/19 16:54:13 Image size of job updated: 200068
	192  -  MemoryUsage of job (MB)
	196032  -  ResidentSetSize of job (KB)
...
005 (1877853.000.000) 07/19 16:54:13 Job terminated.
	(1) Normal termination (return value 0)
		Usr 0 01:14:46, Sys 0 00:01:15  -  Run Remote Usage
		Usr 0 00:00:00, Sys 0 00:00:00  -  Run Local Usage
		Usr 0 01:14:46, Sys 0 00:01:15  -  Total Remote Usage
		Usr 0 00:00:00, Sys 0 00:00:00  -  Total Local Usage
	0  -  Run Bytes Sent By Job
	0  -  Run Bytes Received By Job
	0  -  Total Bytes Sent By Job
	0  -  Total Bytes Received By Job
	Partitionable Resources :    Usage  Request Allocated 
	   Cpus                 :     0.91        1         1 
	   Disk (KB)            :     1    10752000  11294581 
	   Memory (MB)          :   192       10240     10240 
...
006 (1877853.008.000) 07/19 16:58:49 Image size of job updated: 198996
	191  -  MemoryUsage of job (MB)
	195244  -  ResidentSetSize of job (KB)
...
005 (1877853.014.000) 07/19 17:05:53 Job terminated.
	(1) Normal termination (return value 0)
		Usr 0 01:22:31, Sys 0 00:01:21  -  Run Remote Usage
		Usr 0 00:00:00, Sys 0 00:00:00  -  Run Local Usage
		Usr 0 01:22:31, Sys 0 00:01:21  -  Total Remote Usage
		Usr 0 00:00:00, Sys 0 00:00:00  -  Total Local Usage
	0  -  Run Bytes Sent By Job
	0  -  Run Bytes Received By Job
	0  -  Total Bytes Sent By Job
	0  -  Total Bytes Received By Job
	Partitionable Resources :    Usage  Request Allocated 
	   Cpus                 :     0.98        1         1 
	   Disk (KB)            :     1    10752000  11386951 
	   Memory (MB)          :   192       10240     10240 
...
005 (1877853.015.000) 07/19 17:05:58 Job terminated.
	(1) Normal termination (return value 0)
		Usr 0 01:21:15, Sys 0 00:01:18  -  Run Remote Usage
		Usr 0 00:00:00, Sys 0 00:00:00  -  Run Local Usage
		Usr 0 01:21:15, Sys 0 00:01:18  -  Total Remote Usage
		Usr 0 00:00:00, Sys 0 00:00:00  -  Total Local Usage
	0  -  Run Bytes Sent By Job
	0  -  Run Bytes Received By Job
	0  -  Total Bytes Sent By Job
	0  -  Total Bytes Received By Job
	Partitionable Resources :    Usage  Request Allocated 
	   Cpus                 :     0.93        1         1 
	   Disk (KB)            :     1    10752000  11376530 
	   Memory (MB)          :   191       10240     10240 
...
005 (1877853.006.000) 07/19 17:06:37 Job terminated.
	(1) Normal termination (return value 0)
		Usr 0 01:22:30, Sys 0 00:01:30  -  Run Remote Usage
		Usr 0 00:00:00, Sys 0 00:00:00  -  Run Local Usage
		Usr 0 01:22:30, Sys 0 00:01:30  -  Total Remote Usage
		Usr 0 00:00:00, Sys 0 00:00:00  -  Total Local Usage
	0  -  Run Bytes Sent By Job
	0  -  Run Bytes Received By Job
	0  -  Total Bytes Sent By Job
	0  -  Total Bytes Received By Job
	Partitionable Resources :    Usage  Request Allocated 
	   Cpus                 :     0.81        1         1 
	   Disk (KB)            :     1    10752000  11519253 
	   Memory (MB)          :   191       10240     10240 
...
006 (1877853.004.000) 07/19 17:07:35 Image size of job updated: 277300
	194  -  MemoryUsage of job (MB)
	197720  -  ResidentSetSize of job (KB)
...
005 (1877853.010.000) 07/19 17:08:02 Job terminated.
	(1) Normal termination (return value 0)
		Usr 0 01:23:52, Sys 0 00:01:34  -  Run Remote Usage
		Usr 0 00:00:00, Sys 0 00:00:00  -  Run Local Usage
		Usr 0 01:23:52, Sys 0 00:01:34  -  Total Remote Usage
		Usr 0 00:00:00, Sys 0 00:00:00  -  Total Local Usage
	0  -  Run Bytes Sent By Job
	0  -  Run Bytes Received By Job
	0  -  Total Bytes Sent By Job
	0  -  Total Bytes Received By Job
	Partitionable Resources :    Usage  Request Allocated 
	   Cpus                 :     0.93        1         1 
	   Disk (KB)            :     1    10752000  11361528 
	   Memory (MB)          :   190       10240     10240 
...
006 (1877853.002.000) 07/19 17:08:41 Image size of job updated: 201628
	193  -  MemoryUsage of job (MB)
	197428  -  ResidentSetSize of job (KB)
...
005 (1877853.012.000) 07/19 17:09:01 Job terminated.
	(1) Normal termination (return value 0)
		Usr 0 01:24:24, Sys 0 00:01:38  -  Run Remote Usage
		Usr 0 00:00:00, Sys 0 00:00:00  -  Run Local Usage
		Usr 0 01:24:24, Sys 0 00:01:38  -  Total Remote Usage
		Usr 0 00:00:00, Sys 0 00:00:00  -  Total Local Usage
	0  -  Run Bytes Sent By Job
	0  -  Run Bytes Received By Job
	0  -  Total Bytes Sent By Job
	0  -  Total Bytes Received By Job
	Partitionable Resources :    Usage  Request Allocated 
	   Cpus                 :     0.93        1         1 
	   Disk (KB)            :     1    10752000  11330586 
	   Memory (MB)          :   193       10240     10240 
...
005 (1877853.002.000) 07/19 17:09:29 Job terminated.
	(1) Normal termination (return value 0)
		Usr 0 01:27:29, Sys 0 00:01:54  -  Run Remote Usage
		Usr 0 00:00:00, Sys 0 00:00:00  -  Run Local Usage
		Usr 0 01:27:29, Sys 0 00:01:54  -  Total Remote Usage
		Usr 0 00:00:00, Sys 0 00:00:00  -  Total Local Usage
	0  -  Run Bytes Sent By Job
	0  -  Run Bytes Received By Job
	0  -  Total Bytes Sent By Job
	0  -  Total Bytes Received By Job
	Partitionable Resources :    Usage  Request Allocated 
	   Cpus                 :     0.68        1         1 
	   Disk (KB)            :     1    10752000  11330315 
	   Memory (MB)          :   193       10240     10240 
...
006 (1877853.016.000) 07/19 17:09:33 Image size of job updated: 451400
	193  -  MemoryUsage of job (MB)
	197128  -  ResidentSetSize of job (KB)
...
005 (1877853.016.000) 07/19 17:09:33 Job terminated.
	(1) Normal termination (return value 0)
		Usr 0 01:26:53, Sys 0 00:01:26  -  Run Remote Usage
		Usr 0 00:00:00, Sys 0 00:00:00  -  Run Local Usage
		Usr 0 01:26:53, Sys 0 00:01:26  -  Total Remote Usage
		Usr 0 00:00:00, Sys 0 00:00:00  -  Total Local Usage
	0  -  Run Bytes Sent By Job
	0  -  Run Bytes Received By Job
	0  -  Total Bytes Sent By Job
	0  -  Total Bytes Received By Job
	Partitionable Resources :    Usage  Request Allocated 
	   Cpus                 :     0.95        1         1 
	   Disk (KB)            :     1    10752000  11518149 
	   Memory (MB)          :   193       10240     10240 
...
005 (1877853.004.000) 07/19 17:12:21 Job terminated.
	(1) Normal termination (return value 0)
		Usr 0 01:28:47, Sys 0 00:01:43  -  Run Remote Usage
		Usr 0 00:00:00, Sys 0 00:00:00  -  Run Local Usage
		Usr 0 01:28:47, Sys 0 00:01:43  -  Total Remote Usage
		Usr 0 00:00:00, Sys 0 00:00:00  -  Total Local Usage
	0  -  Run Bytes Sent By Job
	0  -  Run Bytes Received By Job
	0  -  Total Bytes Sent By Job
	0  -  Total Bytes Received By Job
	Partitionable Resources :    Usage  Request Allocated 
	   Cpus                 :     0.73        1         1 
	   Disk (KB)            :     1    10752000  11353118 
	   Memory (MB)          :   194       10240     10240 
...
005 (1877853.013.000) 07/19 17:13:04 Job terminated.
	(1) Normal termination (return value 0)
		Usr 0 01:27:49, Sys 0 00:01:44  -  Run Remote Usage
		Usr 0 00:00:00, Sys 0 00:00:00  -  Run Local Usage
		Usr 0 01:27:49, Sys 0 00:01:44  -  Total Remote Usage
		Usr 0 00:00:00, Sys 0 00:00:00  -  Total Local Usage
	0  -  Run Bytes Sent By Job
	0  -  Run Bytes Received By Job
	0  -  Total Bytes Sent By Job
	0  -  Total Bytes Received By Job
	Partitionable Resources :    Usage  Request Allocated 
	   Cpus                 :     0.92        1         1 
	   Disk (KB)            :     1    10752000  11331361 
	   Memory (MB)          :   193       10240     10240 
...
005 (1877853.011.000) 07/19 17:13:36 Job terminated.
	(1) Normal termination (return value 0)
		Usr 0 01:27:57, Sys 0 00:01:46  -  Run Remote Usage
		Usr 0 00:00:00, Sys 0 00:00:00  -  Run Local Usage
		Usr 0 01:27:57, Sys 0 00:01:46  -  Total Remote Usage
		Usr 0 00:00:00, Sys 0 00:00:00  -  Total Local Usage
	0  -  Run Bytes Sent By Job
	0  -  Run Bytes Received By Job
	0  -  Total Bytes Sent By Job
	0  -  Total Bytes Received By Job
	Partitionable Resources :    Usage  Request Allocated 
	   Cpus                 :     0.86        1         1 
	   Disk (KB)            :     1    10752000  11316059 
	   Memory (MB)          :   191       10240     10240 
...
006 (1877853.008.000) 07/19 17:13:51 Image size of job updated: 200220
	191  -  MemoryUsage of job (MB)
	195244  -  ResidentSetSize of job (KB)
...
005 (1877853.018.000) 07/19 17:14:41 Job terminated.
	(1) Normal termination (return value 0)
		Usr 0 01:25:19, Sys 0 00:02:28  -  Run Remote Usage
		Usr 0 00:00:00, Sys 0 00:00:00  -  Run Local Usage
		Usr 0 01:25:19, Sys 0 00:02:28  -  Total Remote Usage
		Usr 0 00:00:00, Sys 0 00:00:00  -  Total Local Usage
	0  -  Run Bytes Sent By Job
	0  -  Run Bytes Received By Job
	0  -  Total Bytes Sent By Job
	0  -  Total Bytes Received By Job
	Partitionable Resources :    Usage  Request Allocated 
	   Cpus                 :     0.65        1         1 
	   Disk (KB)            :     1    10752000  11390461 
	   Memory (MB)          :   193       10240     10240 
...
006 (1877853.017.000) 07/19 17:15:16 Image size of job updated: 457460
	191  -  MemoryUsage of job (MB)
	195220  -  ResidentSetSize of job (KB)
...
005 (1877853.017.000) 07/19 17:15:16 Job terminated.
	(1) Normal termination (return value 0)
		Usr 0 01:28:44, Sys 0 00:01:40  -  Run Remote Usage
		Usr 0 00:00:00, Sys 0 00:00:00  -  Run Local Usage
		Usr 0 01:28:44, Sys 0 00:01:40  -  Total Remote Usage
		Usr 0 00:00:00, Sys 0 00:00:00  -  Total Local Usage
	0  -  Run Bytes Sent By Job
	0  -  Run Bytes Received By Job
	0  -  Total Bytes Sent By Job
	0  -  Total Bytes Received By Job
	Partitionable Resources :    Usage  Request Allocated 
	   Cpus                 :     0.66        1         1 
	   Disk (KB)            :     1    10752000  11333863 
	   Memory (MB)          :   191       10240     10240 
...
005 (1877853.008.000) 07/19 17:16:13 Job terminated.
	(1) Normal termination (return value 0)
		Usr 0 01:28:28, Sys 0 00:01:45  -  Run Remote Usage
		Usr 0 00:00:00, Sys 0 00:00:00  -  Run Local Usage
		Usr 0 01:28:28, Sys 0 00:01:45  -  Total Remote Usage
		Usr 0 00:00:00, Sys 0 00:00:00  -  Total Local Usage
	0  -  Run Bytes Sent By Job
	0  -  Run Bytes Received By Job
	0  -  Total Bytes Sent By Job
	0  -  Total Bytes Received By Job
	Partitionable Resources :    Usage  Request Allocated 
	   Cpus                 :     0.85        1         1 
	   Disk (KB)            :     1    10752000  11341520 
	   Memory (MB)          :   191       10240     10240 
...
005 (1877853.003.000) 07/19 17:30:50 Job terminated.
	(1) Normal termination (return value 0)
		Usr 0 01:24:59, Sys 0 00:01:41  -  Run Remote Usage
		Usr 0 00:00:00, Sys 0 00:00:00  -  Run Local Usage
		Usr 0 01:24:59, Sys 0 00:01:41  -  Total Remote Usage
		Usr 0 00:00:00, Sys 0 00:00:00  -  Total Local Usage
	0  -  Run Bytes Sent By Job
	0  -  Run Bytes Received By Job
	0  -  Total Bytes Sent By Job
	0  -  Total Bytes Received By Job
	Partitionable Resources :    Usage  Request Allocated 
	   Cpus                 :     0.80        1         1 
	   Disk (KB)            :     1    10752000  11313808 
	   Memory (MB)          :   196       10240     10240 
...
005 (1877853.009.000) 07/19 17:31:27 Job terminated.
	(1) Normal termination (return value 0)
		Usr 0 01:23:31, Sys 0 00:01:33  -  Run Remote Usage
		Usr 0 00:00:00, Sys 0 00:00:00  -  Run Local Usage
		Usr 0 01:23:31, Sys 0 00:01:33  -  Total Remote Usage
		Usr 0 00:00:00, Sys 0 00:00:00  -  Total Local Usage
	0  -  Run Bytes Sent By Job
	0  -  Run Bytes Received By Job
	0  -  Total Bytes Sent By Job
	0  -  Total Bytes Received By Job
	Partitionable Resources :    Usage  Request Allocated 
	   Cpus                 :     0.94        1         1 
	   Disk (KB)            :     1    10752000  11316232 
	   Memory (MB)          :   193       10240     10240 
...
005 (1877853.001.000) 07/19 17:39:49 Job terminated.
	(1) Normal termination (return value 0)
		Usr 0 01:33:06, Sys 0 00:01:36  -  Run Remote Usage
		Usr 0 00:00:00, Sys 0 00:00:00  -  Run Local Usage
		Usr 0 01:33:06, Sys 0 00:01:36  -  Total Remote Usage
		Usr 0 00:00:00, Sys 0 00:00:00  -  Total Local Usage
	0  -  Run Bytes Sent By Job
	0  -  Run Bytes Received By Job
	0  -  Total Bytes Sent By Job
	0  -  Total Bytes Received By Job
	Partitionable Resources :    Usage  Request Allocated 
	   Cpus                 :     0.79        1         1 
	   Disk (KB)            :     1    10752000  10893782 
	   Memory (MB)          :   196       10240     10240 
...
005 (1877853.007.000) 07/19 18:14:59 Job terminated.
	(1) Normal termination (return value 0)
		Usr 0 01:32:39, Sys 0 00:01:41  -  Run Remote Usage
		Usr 0 00:00:00, Sys 0 00:00:00  -  Run Local Usage
		Usr 0 01:32:39, Sys 0 00:01:41  -  Total Remote Usage
		Usr 0 00:00:00, Sys 0 00:00:00  -  Total Local Usage
	0  -  Run Bytes Sent By Job
	0  -  Run Bytes Received By Job
	0  -  Total Bytes Sent By Job
	0  -  Total Bytes Received By Job
	Partitionable Resources :    Usage  Request Allocated 
	   Cpus                 :     0.96        1         1 
	   Disk (KB)            :     1    10752000  10954397 
	   Memory (MB)          :   196       10240     10240 
...
005 (1877853.005.000) 07/19 18:23:23 Job terminated.
	(1) Normal termination (return value 0)
		Usr 0 01:38:22, Sys 0 00:01:43  -  Run Remote Usage
		Usr 0 00:00:00, Sys 0 00:00:00  -  Run Local Usage
		Usr 0 01:38:22, Sys 0 00:01:43  -  Total Remote Usage
		Usr 0 00:00:00, Sys 0 00:00:00  -  Total Local Usage
	0  -  Run Bytes Sent By Job
	0  -  Run Bytes Received By Job
	0  -  Total Bytes Sent By Job
	0  -  Total Bytes Received By Job
	Partitionable Resources :    Usage  Request Allocated 
	   Cpus                 :     0.96        1         1 
	   Disk (KB)            :     1    10752000  10993349 
	   Memory (MB)          :   196       10240     10240 
...
