000 (1877872.000.000) 07/19 14:53:03 Job submitted from host: <131.169.223.41:9618?addrs=131.169.223.41-9618+[2001-638-700-10df--1-29]-9618&noUDP&sock=schedd_499365_6ede_3>
...
000 (1877872.001.000) 07/19 14:53:03 Job submitted from host: <131.169.223.41:9618?addrs=131.169.223.41-9618+[2001-638-700-10df--1-29]-9618&noUDP&sock=schedd_499365_6ede_3>
...
000 (1877872.002.000) 07/19 14:53:03 Job submitted from host: <131.169.223.41:9618?addrs=131.169.223.41-9618+[2001-638-700-10df--1-29]-9618&noUDP&sock=schedd_499365_6ede_3>
...
000 (1877872.003.000) 07/19 14:53:03 Job submitted from host: <131.169.223.41:9618?addrs=131.169.223.41-9618+[2001-638-700-10df--1-29]-9618&noUDP&sock=schedd_499365_6ede_3>
...
000 (1877872.004.000) 07/19 14:53:03 Job submitted from host: <131.169.223.41:9618?addrs=131.169.223.41-9618+[2001-638-700-10df--1-29]-9618&noUDP&sock=schedd_499365_6ede_3>
...
000 (1877872.005.000) 07/19 14:53:03 Job submitted from host: <131.169.223.41:9618?addrs=131.169.223.41-9618+[2001-638-700-10df--1-29]-9618&noUDP&sock=schedd_499365_6ede_3>
...
000 (1877872.006.000) 07/19 14:53:03 Job submitted from host: <131.169.223.41:9618?addrs=131.169.223.41-9618+[2001-638-700-10df--1-29]-9618&noUDP&sock=schedd_499365_6ede_3>
...
000 (1877872.007.000) 07/19 14:53:03 Job submitted from host: <131.169.223.41:9618?addrs=131.169.223.41-9618+[2001-638-700-10df--1-29]-9618&noUDP&sock=schedd_499365_6ede_3>
...
000 (1877872.008.000) 07/19 14:53:03 Job submitted from host: <131.169.223.41:9618?addrs=131.169.223.41-9618+[2001-638-700-10df--1-29]-9618&noUDP&sock=schedd_499365_6ede_3>
...
000 (1877872.009.000) 07/19 14:53:03 Job submitted from host: <131.169.223.41:9618?addrs=131.169.223.41-9618+[2001-638-700-10df--1-29]-9618&noUDP&sock=schedd_499365_6ede_3>
...
000 (1877872.010.000) 07/19 14:53:03 Job submitted from host: <131.169.223.41:9618?addrs=131.169.223.41-9618+[2001-638-700-10df--1-29]-9618&noUDP&sock=schedd_499365_6ede_3>
...
000 (1877872.011.000) 07/19 14:53:03 Job submitted from host: <131.169.223.41:9618?addrs=131.169.223.41-9618+[2001-638-700-10df--1-29]-9618&noUDP&sock=schedd_499365_6ede_3>
...
000 (1877872.012.000) 07/19 14:53:03 Job submitted from host: <131.169.223.41:9618?addrs=131.169.223.41-9618+[2001-638-700-10df--1-29]-9618&noUDP&sock=schedd_499365_6ede_3>
...
000 (1877872.013.000) 07/19 14:53:03 Job submitted from host: <131.169.223.41:9618?addrs=131.169.223.41-9618+[2001-638-700-10df--1-29]-9618&noUDP&sock=schedd_499365_6ede_3>
...
000 (1877872.014.000) 07/19 14:53:03 Job submitted from host: <131.169.223.41:9618?addrs=131.169.223.41-9618+[2001-638-700-10df--1-29]-9618&noUDP&sock=schedd_499365_6ede_3>
...
000 (1877872.015.000) 07/19 14:53:03 Job submitted from host: <131.169.223.41:9618?addrs=131.169.223.41-9618+[2001-638-700-10df--1-29]-9618&noUDP&sock=schedd_499365_6ede_3>
...
000 (1877872.016.000) 07/19 14:53:03 Job submitted from host: <131.169.223.41:9618?addrs=131.169.223.41-9618+[2001-638-700-10df--1-29]-9618&noUDP&sock=schedd_499365_6ede_3>
...
000 (1877872.017.000) 07/19 14:53:03 Job submitted from host: <131.169.223.41:9618?addrs=131.169.223.41-9618+[2001-638-700-10df--1-29]-9618&noUDP&sock=schedd_499365_6ede_3>
...
000 (1877872.018.000) 07/19 14:53:03 Job submitted from host: <131.169.223.41:9618?addrs=131.169.223.41-9618+[2001-638-700-10df--1-29]-9618&noUDP&sock=schedd_499365_6ede_3>
...
000 (1877872.019.000) 07/19 14:53:03 Job submitted from host: <131.169.223.41:9618?addrs=131.169.223.41-9618+[2001-638-700-10df--1-29]-9618&noUDP&sock=schedd_499365_6ede_3>
...
000 (1877872.020.000) 07/19 14:53:03 Job submitted from host: <131.169.223.41:9618?addrs=131.169.223.41-9618+[2001-638-700-10df--1-29]-9618&noUDP&sock=schedd_499365_6ede_3>
...
000 (1877872.021.000) 07/19 14:53:03 Job submitted from host: <131.169.223.41:9618?addrs=131.169.223.41-9618+[2001-638-700-10df--1-29]-9618&noUDP&sock=schedd_499365_6ede_3>
...
000 (1877872.022.000) 07/19 14:53:03 Job submitted from host: <131.169.223.41:9618?addrs=131.169.223.41-9618+[2001-638-700-10df--1-29]-9618&noUDP&sock=schedd_499365_6ede_3>
...
000 (1877872.023.000) 07/19 14:53:03 Job submitted from host: <131.169.223.41:9618?addrs=131.169.223.41-9618+[2001-638-700-10df--1-29]-9618&noUDP&sock=schedd_499365_6ede_3>
...
000 (1877872.024.000) 07/19 14:53:03 Job submitted from host: <131.169.223.41:9618?addrs=131.169.223.41-9618+[2001-638-700-10df--1-29]-9618&noUDP&sock=schedd_499365_6ede_3>
...
000 (1877872.025.000) 07/19 14:53:03 Job submitted from host: <131.169.223.41:9618?addrs=131.169.223.41-9618+[2001-638-700-10df--1-29]-9618&noUDP&sock=schedd_499365_6ede_3>
...
000 (1877872.026.000) 07/19 14:53:03 Job submitted from host: <131.169.223.41:9618?addrs=131.169.223.41-9618+[2001-638-700-10df--1-29]-9618&noUDP&sock=schedd_499365_6ede_3>
...
000 (1877872.027.000) 07/19 14:53:03 Job submitted from host: <131.169.223.41:9618?addrs=131.169.223.41-9618+[2001-638-700-10df--1-29]-9618&noUDP&sock=schedd_499365_6ede_3>
...
000 (1877872.028.000) 07/19 14:53:03 Job submitted from host: <131.169.223.41:9618?addrs=131.169.223.41-9618+[2001-638-700-10df--1-29]-9618&noUDP&sock=schedd_499365_6ede_3>
...
000 (1877872.029.000) 07/19 14:53:03 Job submitted from host: <131.169.223.41:9618?addrs=131.169.223.41-9618+[2001-638-700-10df--1-29]-9618&noUDP&sock=schedd_499365_6ede_3>
...
000 (1877872.030.000) 07/19 14:53:03 Job submitted from host: <131.169.223.41:9618?addrs=131.169.223.41-9618+[2001-638-700-10df--1-29]-9618&noUDP&sock=schedd_499365_6ede_3>
...
000 (1877872.031.000) 07/19 14:53:03 Job submitted from host: <131.169.223.41:9618?addrs=131.169.223.41-9618+[2001-638-700-10df--1-29]-9618&noUDP&sock=schedd_499365_6ede_3>
...
000 (1877872.032.000) 07/19 14:53:03 Job submitted from host: <131.169.223.41:9618?addrs=131.169.223.41-9618+[2001-638-700-10df--1-29]-9618&noUDP&sock=schedd_499365_6ede_3>
...
000 (1877872.033.000) 07/19 14:53:03 Job submitted from host: <131.169.223.41:9618?addrs=131.169.223.41-9618+[2001-638-700-10df--1-29]-9618&noUDP&sock=schedd_499365_6ede_3>
...
000 (1877872.034.000) 07/19 14:53:03 Job submitted from host: <131.169.223.41:9618?addrs=131.169.223.41-9618+[2001-638-700-10df--1-29]-9618&noUDP&sock=schedd_499365_6ede_3>
...
000 (1877872.035.000) 07/19 14:53:03 Job submitted from host: <131.169.223.41:9618?addrs=131.169.223.41-9618+[2001-638-700-10df--1-29]-9618&noUDP&sock=schedd_499365_6ede_3>
...
001 (1877872.009.000) 07/19 15:27:55 Job executing on host: <131.169.76.175:40298?addrs=131.169.76.175-40298>
...
001 (1877872.010.000) 07/19 15:27:55 Job executing on host: <131.169.76.202:42879?addrs=131.169.76.202-42879>
...
001 (1877872.024.000) 07/19 15:27:56 Job executing on host: <131.169.76.207:45909?addrs=131.169.76.207-45909>
...
001 (1877872.012.000) 07/19 15:27:56 Job executing on host: <131.169.84.152:41278?addrs=131.169.84.152-41278>
...
001 (1877872.027.000) 07/19 15:27:56 Job executing on host: <131.169.84.102:42047?addrs=131.169.84.102-42047>
...
001 (1877872.011.000) 07/19 15:27:56 Job executing on host: <131.169.77.152:38820?addrs=131.169.77.152-38820>
...
001 (1877872.007.000) 07/19 15:27:56 Job executing on host: <131.169.76.191:43568?addrs=131.169.76.191-43568>
...
001 (1877872.014.000) 07/19 15:27:56 Job executing on host: <131.169.84.188:34962?addrs=131.169.84.188-34962>
...
001 (1877872.006.000) 07/19 15:27:56 Job executing on host: <131.169.84.80:34075?addrs=131.169.84.80-34075>
...
001 (1877872.002.000) 07/19 15:27:56 Job executing on host: <131.169.84.173:33694?addrs=131.169.84.173-33694>
...
001 (1877872.017.000) 07/19 15:27:57 Job executing on host: <131.169.76.171:39290?addrs=131.169.76.171-39290>
...
001 (1877872.013.000) 07/19 15:27:57 Job executing on host: <131.169.84.210:46147?addrs=131.169.84.210-46147>
...
001 (1877872.035.000) 07/19 15:27:57 Job executing on host: <131.169.84.97:45890?addrs=131.169.84.97-45890>
...
001 (1877872.015.000) 07/19 15:27:57 Job executing on host: <131.169.77.170:46526?addrs=131.169.77.170-46526>
...
001 (1877872.020.000) 07/19 15:27:58 Job executing on host: <131.169.76.206:37350?addrs=131.169.76.206-37350>
...
001 (1877872.033.000) 07/19 15:27:58 Job executing on host: <131.169.77.163:37457?addrs=131.169.77.163-37457>
...
001 (1877872.005.000) 07/19 15:27:58 Job executing on host: <131.169.84.185:34728?addrs=131.169.84.185-34728>
...
001 (1877872.032.000) 07/19 15:27:58 Job executing on host: <131.169.77.39:45488?addrs=131.169.77.39-45488>
...
001 (1877872.000.000) 07/19 15:27:59 Job executing on host: <131.169.77.38:37507?addrs=131.169.77.38-37507>
...
001 (1877872.023.000) 07/19 15:28:01 Job executing on host: <131.169.77.73:33782?addrs=131.169.77.73-33782>
...
001 (1877872.018.000) 07/19 15:28:02 Job executing on host: <131.169.76.178:41305?addrs=131.169.76.178-41305>
...
001 (1877872.030.000) 07/19 15:28:02 Job executing on host: <131.169.77.116:46008?addrs=131.169.77.116-46008>
...
001 (1877872.021.000) 07/19 15:28:02 Job executing on host: <131.169.76.188:46813?addrs=131.169.76.188-46813>
...
001 (1877872.019.000) 07/19 15:28:02 Job executing on host: <131.169.84.116:35933?addrs=131.169.84.116-35933>
...
001 (1877872.028.000) 07/19 15:28:04 Job executing on host: <131.169.76.159:37756?addrs=131.169.76.159-37756>
...
001 (1877872.025.000) 07/19 15:28:04 Job executing on host: <131.169.77.43:38143?addrs=131.169.77.43-38143>
...
001 (1877872.026.000) 07/19 15:28:04 Job executing on host: <131.169.77.30:43265?addrs=131.169.77.30-43265>
...
006 (1877872.010.000) 07/19 15:28:04 Image size of job updated: 184956
	109  -  MemoryUsage of job (MB)
	111264  -  ResidentSetSize of job (KB)
...
006 (1877872.024.000) 07/19 15:28:04 Image size of job updated: 187516
	112  -  MemoryUsage of job (MB)
	114664  -  ResidentSetSize of job (KB)
...
001 (1877872.001.000) 07/19 15:28:04 Job executing on host: <131.169.77.15:34454?addrs=131.169.77.15-34454>
...
006 (1877872.009.000) 07/19 15:28:04 Image size of job updated: 226616
	141  -  MemoryUsage of job (MB)
	144000  -  ResidentSetSize of job (KB)
...
001 (1877872.022.000) 07/19 15:28:05 Job executing on host: <131.169.77.160:34285?addrs=131.169.77.160-34285>
...
006 (1877872.014.000) 07/19 15:28:05 Image size of job updated: 183044
	109  -  MemoryUsage of job (MB)
	111264  -  ResidentSetSize of job (KB)
...
006 (1877872.006.000) 07/19 15:28:05 Image size of job updated: 183916
	109  -  MemoryUsage of job (MB)
	111292  -  ResidentSetSize of job (KB)
...
006 (1877872.007.000) 07/19 15:28:05 Image size of job updated: 116104
	110  -  MemoryUsage of job (MB)
	111704  -  ResidentSetSize of job (KB)
...
006 (1877872.002.000) 07/19 15:28:05 Image size of job updated: 182932
	109  -  MemoryUsage of job (MB)
	111268  -  ResidentSetSize of job (KB)
...
006 (1877872.017.000) 07/19 15:28:05 Image size of job updated: 184800
	109  -  MemoryUsage of job (MB)
	111280  -  ResidentSetSize of job (KB)
...
006 (1877872.013.000) 07/19 15:28:05 Image size of job updated: 187208
	111  -  MemoryUsage of job (MB)
	113624  -  ResidentSetSize of job (KB)
...
001 (1877872.008.000) 07/19 15:28:05 Job executing on host: <131.169.77.219:33312?addrs=131.169.77.219-33312>
...
006 (1877872.027.000) 07/19 15:28:05 Image size of job updated: 185600
	110  -  MemoryUsage of job (MB)
	112016  -  ResidentSetSize of job (KB)
...
006 (1877872.012.000) 07/19 15:28:05 Image size of job updated: 196564
	116  -  MemoryUsage of job (MB)
	118668  -  ResidentSetSize of job (KB)
...
006 (1877872.011.000) 07/19 15:28:05 Image size of job updated: 239716
	152  -  MemoryUsage of job (MB)
	155516  -  ResidentSetSize of job (KB)
...
006 (1877872.015.000) 07/19 15:28:06 Image size of job updated: 149560
	114  -  MemoryUsage of job (MB)
	116540  -  ResidentSetSize of job (KB)
...
006 (1877872.020.000) 07/19 15:28:06 Image size of job updated: 182760
	109  -  MemoryUsage of job (MB)
	111260  -  ResidentSetSize of job (KB)
...
006 (1877872.035.000) 07/19 15:28:06 Image size of job updated: 194764
	120  -  MemoryUsage of job (MB)
	122528  -  ResidentSetSize of job (KB)
...
006 (1877872.005.000) 07/19 15:28:07 Image size of job updated: 184808
	111  -  MemoryUsage of job (MB)
	112784  -  ResidentSetSize of job (KB)
...
006 (1877872.032.000) 07/19 15:28:07 Image size of job updated: 185508
	110  -  MemoryUsage of job (MB)
	112008  -  ResidentSetSize of job (KB)
...
001 (1877872.016.000) 07/19 15:28:08 Job executing on host: <131.169.84.201:44357?addrs=131.169.84.201-44357>
...
006 (1877872.000.000) 07/19 15:28:08 Image size of job updated: 181072
	114  -  MemoryUsage of job (MB)
	116536  -  ResidentSetSize of job (KB)
...
006 (1877872.033.000) 07/19 15:28:08 Image size of job updated: 183948
	110  -  MemoryUsage of job (MB)
	112028  -  ResidentSetSize of job (KB)
...
006 (1877872.023.000) 07/19 15:28:10 Image size of job updated: 184456
	109  -  MemoryUsage of job (MB)
	111264  -  ResidentSetSize of job (KB)
...
006 (1877872.018.000) 07/19 15:28:11 Image size of job updated: 184448
	109  -  MemoryUsage of job (MB)
	111260  -  ResidentSetSize of job (KB)
...
006 (1877872.030.000) 07/19 15:28:11 Image size of job updated: 183832
	110  -  MemoryUsage of job (MB)
	111740  -  ResidentSetSize of job (KB)
...
006 (1877872.021.000) 07/19 15:28:11 Image size of job updated: 184848
	109  -  MemoryUsage of job (MB)
	111264  -  ResidentSetSize of job (KB)
...
006 (1877872.019.000) 07/19 15:28:12 Image size of job updated: 184844
	109  -  MemoryUsage of job (MB)
	111260  -  ResidentSetSize of job (KB)
...
006 (1877872.028.000) 07/19 15:28:12 Image size of job updated: 185580
	110  -  MemoryUsage of job (MB)
	112028  -  ResidentSetSize of job (KB)
...
006 (1877872.026.000) 07/19 15:28:12 Image size of job updated: 191728
	117  -  MemoryUsage of job (MB)
	119728  -  ResidentSetSize of job (KB)
...
006 (1877872.025.000) 07/19 15:28:12 Image size of job updated: 169564
	109  -  MemoryUsage of job (MB)
	111260  -  ResidentSetSize of job (KB)
...
006 (1877872.022.000) 07/19 15:28:13 Image size of job updated: 184860
	109  -  MemoryUsage of job (MB)
	111268  -  ResidentSetSize of job (KB)
...
006 (1877872.001.000) 07/19 15:28:13 Image size of job updated: 184852
	109  -  MemoryUsage of job (MB)
	111268  -  ResidentSetSize of job (KB)
...
006 (1877872.008.000) 07/19 15:28:14 Image size of job updated: 241060
	152  -  MemoryUsage of job (MB)
	155520  -  ResidentSetSize of job (KB)
...
006 (1877872.016.000) 07/19 15:28:17 Image size of job updated: 228820
	141  -  MemoryUsage of job (MB)
	144036  -  ResidentSetSize of job (KB)
...
001 (1877872.004.000) 07/19 15:30:03 Job executing on host: <131.169.77.153:33650?addrs=131.169.77.153-33650>
...
001 (1877872.034.000) 07/19 15:30:03 Job executing on host: <131.169.77.48:40842?addrs=131.169.77.48-40842>
...
001 (1877872.031.000) 07/19 15:30:03 Job executing on host: <131.169.77.21:39122?addrs=131.169.77.21-39122>
...
001 (1877872.029.000) 07/19 15:30:08 Job executing on host: <131.169.77.146:37873?addrs=131.169.77.146-37873>
...
001 (1877872.003.000) 07/19 15:30:09 Job executing on host: <131.169.77.49:45075?addrs=131.169.77.49-45075>
...
006 (1877872.031.000) 07/19 15:30:12 Image size of job updated: 185292
	110  -  MemoryUsage of job (MB)
	111708  -  ResidentSetSize of job (KB)
...
006 (1877872.034.000) 07/19 15:30:12 Image size of job updated: 186656
	111  -  MemoryUsage of job (MB)
	113072  -  ResidentSetSize of job (KB)
...
006 (1877872.004.000) 07/19 15:30:12 Image size of job updated: 189388
	113  -  MemoryUsage of job (MB)
	115564  -  ResidentSetSize of job (KB)
...
006 (1877872.029.000) 07/19 15:30:17 Image size of job updated: 183692
	110  -  MemoryUsage of job (MB)
	111884  -  ResidentSetSize of job (KB)
...
006 (1877872.003.000) 07/19 15:30:18 Image size of job updated: 185760
	110  -  MemoryUsage of job (MB)
	112172  -  ResidentSetSize of job (KB)
...
006 (1877872.010.000) 07/19 15:33:04 Image size of job updated: 278560
	187  -  MemoryUsage of job (MB)
	191080  -  ResidentSetSize of job (KB)
...
006 (1877872.024.000) 07/19 15:33:04 Image size of job updated: 194020
	187  -  MemoryUsage of job (MB)
	190816  -  ResidentSetSize of job (KB)
...
006 (1877872.013.000) 07/19 15:33:05 Image size of job updated: 278736
	187  -  MemoryUsage of job (MB)
	191216  -  ResidentSetSize of job (KB)
...
006 (1877872.009.000) 07/19 15:33:05 Image size of job updated: 273724
	187  -  MemoryUsage of job (MB)
	191056  -  ResidentSetSize of job (KB)
...
006 (1877872.014.000) 07/19 15:33:05 Image size of job updated: 276064
	187  -  MemoryUsage of job (MB)
	191228  -  ResidentSetSize of job (KB)
...
006 (1877872.006.000) 07/19 15:33:05 Image size of job updated: 276476
	187  -  MemoryUsage of job (MB)
	190988  -  ResidentSetSize of job (KB)
...
006 (1877872.007.000) 07/19 15:33:05 Image size of job updated: 194540
	187  -  MemoryUsage of job (MB)
	190504  -  ResidentSetSize of job (KB)
...
006 (1877872.002.000) 07/19 15:33:05 Image size of job updated: 276216
	187  -  MemoryUsage of job (MB)
	191340  -  ResidentSetSize of job (KB)
...
006 (1877872.017.000) 07/19 15:33:05 Image size of job updated: 195680
	187  -  MemoryUsage of job (MB)
	190916  -  ResidentSetSize of job (KB)
...
006 (1877872.027.000) 07/19 15:33:06 Image size of job updated: 257720
	167  -  MemoryUsage of job (MB)
	170152  -  ResidentSetSize of job (KB)
...
006 (1877872.012.000) 07/19 15:33:06 Image size of job updated: 279220
	188  -  MemoryUsage of job (MB)
	191644  -  ResidentSetSize of job (KB)
...
006 (1877872.015.000) 07/19 15:33:06 Image size of job updated: 212292
	188  -  MemoryUsage of job (MB)
	191900  -  ResidentSetSize of job (KB)
...
006 (1877872.011.000) 07/19 15:33:06 Image size of job updated: 275912
	188  -  MemoryUsage of job (MB)
	191704  -  ResidentSetSize of job (KB)
...
006 (1877872.020.000) 07/19 15:33:06 Image size of job updated: 195752
	187  -  MemoryUsage of job (MB)
	191248  -  ResidentSetSize of job (KB)
...
006 (1877872.035.000) 07/19 15:33:07 Image size of job updated: 267408
	180  -  MemoryUsage of job (MB)
	184092  -  ResidentSetSize of job (KB)
...
006 (1877872.005.000) 07/19 15:33:07 Image size of job updated: 276720
	187  -  MemoryUsage of job (MB)
	191340  -  ResidentSetSize of job (KB)
...
006 (1877872.032.000) 07/19 15:33:07 Image size of job updated: 256772
	166  -  MemoryUsage of job (MB)
	169312  -  ResidentSetSize of job (KB)
...
006 (1877872.033.000) 07/19 15:33:08 Image size of job updated: 267860
	179  -  MemoryUsage of job (MB)
	182876  -  ResidentSetSize of job (KB)
...
006 (1877872.000.000) 07/19 15:33:09 Image size of job updated: 257772
	187  -  MemoryUsage of job (MB)
	191316  -  ResidentSetSize of job (KB)
...
006 (1877872.023.000) 07/19 15:33:10 Image size of job updated: 278068
	187  -  MemoryUsage of job (MB)
	190932  -  ResidentSetSize of job (KB)
...
006 (1877872.030.000) 07/19 15:33:12 Image size of job updated: 267724
	179  -  MemoryUsage of job (MB)
	182416  -  ResidentSetSize of job (KB)
...
006 (1877872.021.000) 07/19 15:33:12 Image size of job updated: 195652
	187  -  MemoryUsage of job (MB)
	191312  -  ResidentSetSize of job (KB)
...
006 (1877872.019.000) 07/19 15:33:12 Image size of job updated: 277984
	186  -  MemoryUsage of job (MB)
	190412  -  ResidentSetSize of job (KB)
...
006 (1877872.028.000) 07/19 15:33:12 Image size of job updated: 256860
	166  -  MemoryUsage of job (MB)
	169324  -  ResidentSetSize of job (KB)
...
006 (1877872.026.000) 07/19 15:33:12 Image size of job updated: 277148
	188  -  MemoryUsage of job (MB)
	191616  -  ResidentSetSize of job (KB)
...
006 (1877872.025.000) 07/19 15:33:12 Image size of job updated: 195588
	187  -  MemoryUsage of job (MB)
	191352  -  ResidentSetSize of job (KB)
...
006 (1877872.018.000) 07/19 15:33:12 Image size of job updated: 278408
	187  -  MemoryUsage of job (MB)
	191244  -  ResidentSetSize of job (KB)
...
006 (1877872.022.000) 07/19 15:33:13 Image size of job updated: 279312
	188  -  MemoryUsage of job (MB)
	191732  -  ResidentSetSize of job (KB)
...
006 (1877872.001.000) 07/19 15:33:14 Image size of job updated: 277232
	186  -  MemoryUsage of job (MB)
	189660  -  ResidentSetSize of job (KB)
...
006 (1877872.008.000) 07/19 15:33:14 Image size of job updated: 277496
	188  -  MemoryUsage of job (MB)
	191948  -  ResidentSetSize of job (KB)
...
006 (1877872.016.000) 07/19 15:33:18 Image size of job updated: 228820
	186  -  MemoryUsage of job (MB)
	190440  -  ResidentSetSize of job (KB)
...
006 (1877872.031.000) 07/19 15:35:12 Image size of job updated: 269292
	178  -  MemoryUsage of job (MB)
	181720  -  ResidentSetSize of job (KB)
...
006 (1877872.034.000) 07/19 15:35:13 Image size of job updated: 263752
	179  -  MemoryUsage of job (MB)
	182388  -  ResidentSetSize of job (KB)
...
006 (1877872.004.000) 07/19 15:35:13 Image size of job updated: 278880
	187  -  MemoryUsage of job (MB)
	191304  -  ResidentSetSize of job (KB)
...
006 (1877872.029.000) 07/19 15:35:17 Image size of job updated: 268388
	180  -  MemoryUsage of job (MB)
	183640  -  ResidentSetSize of job (KB)
...
006 (1877872.003.000) 07/19 15:35:18 Image size of job updated: 278980
	187  -  MemoryUsage of job (MB)
	191404  -  ResidentSetSize of job (KB)
...
006 (1877872.010.000) 07/19 15:38:05 Image size of job updated: 279348
	188  -  MemoryUsage of job (MB)
	192036  -  ResidentSetSize of job (KB)
...
006 (1877872.024.000) 07/19 15:38:05 Image size of job updated: 195272
	188  -  MemoryUsage of job (MB)
	192068  -  ResidentSetSize of job (KB)
...
006 (1877872.013.000) 07/19 15:38:05 Image size of job updated: 278736
	188  -  MemoryUsage of job (MB)
	192368  -  ResidentSetSize of job (KB)
...
006 (1877872.009.000) 07/19 15:38:05 Image size of job updated: 274884
	188  -  MemoryUsage of job (MB)
	192216  -  ResidentSetSize of job (KB)
...
006 (1877872.014.000) 07/19 15:38:05 Image size of job updated: 276976
	188  -  MemoryUsage of job (MB)
	192140  -  ResidentSetSize of job (KB)
...
006 (1877872.006.000) 07/19 15:38:05 Image size of job updated: 277416
	188  -  MemoryUsage of job (MB)
	191928  -  ResidentSetSize of job (KB)
...
006 (1877872.002.000) 07/19 15:38:06 Image size of job updated: 277076
	188  -  MemoryUsage of job (MB)
	192200  -  ResidentSetSize of job (KB)
...
006 (1877872.017.000) 07/19 15:38:06 Image size of job updated: 196208
	188  -  MemoryUsage of job (MB)
	192160  -  ResidentSetSize of job (KB)
...
006 (1877872.027.000) 07/19 15:38:06 Image size of job updated: 276980
	185  -  MemoryUsage of job (MB)
	189412  -  ResidentSetSize of job (KB)
...
006 (1877872.012.000) 07/19 15:38:06 Image size of job updated: 279792
	188  -  MemoryUsage of job (MB)
	192216  -  ResidentSetSize of job (KB)
...
006 (1877872.007.000) 07/19 15:38:06 Image size of job updated: 196176
	188  -  MemoryUsage of job (MB)
	192224  -  ResidentSetSize of job (KB)
...
006 (1877872.020.000) 07/19 15:38:07 Image size of job updated: 196508
	188  -  MemoryUsage of job (MB)
	192000  -  ResidentSetSize of job (KB)
...
006 (1877872.015.000) 07/19 15:38:07 Image size of job updated: 212644
	188  -  MemoryUsage of job (MB)
	192252  -  ResidentSetSize of job (KB)
...
006 (1877872.035.000) 07/19 15:38:07 Image size of job updated: 273164
	186  -  MemoryUsage of job (MB)
	189812  -  ResidentSetSize of job (KB)
...
006 (1877872.011.000) 07/19 15:38:07 Image size of job updated: 276188
	188  -  MemoryUsage of job (MB)
	192428  -  ResidentSetSize of job (KB)
...
006 (1877872.033.000) 07/19 15:38:08 Image size of job updated: 274144
	185  -  MemoryUsage of job (MB)
	189280  -  ResidentSetSize of job (KB)
...
006 (1877872.005.000) 07/19 15:38:08 Image size of job updated: 277516
	188  -  MemoryUsage of job (MB)
	192136  -  ResidentSetSize of job (KB)
...
006 (1877872.032.000) 07/19 15:38:08 Image size of job updated: 277524
	186  -  MemoryUsage of job (MB)
	190064  -  ResidentSetSize of job (KB)
...
006 (1877872.000.000) 07/19 15:38:09 Image size of job updated: 258416
	188  -  MemoryUsage of job (MB)
	191960  -  ResidentSetSize of job (KB)
...
006 (1877872.023.000) 07/19 15:38:12 Image size of job updated: 279096
	188  -  MemoryUsage of job (MB)
	191960  -  ResidentSetSize of job (KB)
...
006 (1877872.030.000) 07/19 15:38:12 Image size of job updated: 273504
	184  -  MemoryUsage of job (MB)
	188204  -  ResidentSetSize of job (KB)
...
006 (1877872.021.000) 07/19 15:38:12 Image size of job updated: 196372
	188  -  MemoryUsage of job (MB)
	192220  -  ResidentSetSize of job (KB)
...
006 (1877872.019.000) 07/19 15:38:12 Image size of job updated: 279344
	188  -  MemoryUsage of job (MB)
	191772  -  ResidentSetSize of job (KB)
...
006 (1877872.028.000) 07/19 15:38:13 Image size of job updated: 277032
	186  -  MemoryUsage of job (MB)
	189496  -  ResidentSetSize of job (KB)
...
006 (1877872.026.000) 07/19 15:38:13 Image size of job updated: 278280
	189  -  MemoryUsage of job (MB)
	192748  -  ResidentSetSize of job (KB)
...
006 (1877872.025.000) 07/19 15:38:13 Image size of job updated: 196416
	188  -  MemoryUsage of job (MB)
	192180  -  ResidentSetSize of job (KB)
...
006 (1877872.018.000) 07/19 15:38:13 Image size of job updated: 279356
	188  -  MemoryUsage of job (MB)
	192192  -  ResidentSetSize of job (KB)
...
006 (1877872.022.000) 07/19 15:38:14 Image size of job updated: 279740
	188  -  MemoryUsage of job (MB)
	192160  -  ResidentSetSize of job (KB)
...
006 (1877872.001.000) 07/19 15:38:14 Image size of job updated: 279500
	188  -  MemoryUsage of job (MB)
	191928  -  ResidentSetSize of job (KB)
...
006 (1877872.008.000) 07/19 15:38:14 Image size of job updated: 277760
	188  -  MemoryUsage of job (MB)
	192212  -  ResidentSetSize of job (KB)
...
006 (1877872.016.000) 07/19 15:38:19 Image size of job updated: 228820
	188  -  MemoryUsage of job (MB)
	191876  -  ResidentSetSize of job (KB)
...
006 (1877872.031.000) 07/19 15:40:12 Image size of job updated: 275660
	184  -  MemoryUsage of job (MB)
	188088  -  ResidentSetSize of job (KB)
...
006 (1877872.004.000) 07/19 15:40:13 Image size of job updated: 279656
	188  -  MemoryUsage of job (MB)
	192080  -  ResidentSetSize of job (KB)
...
006 (1877872.034.000) 07/19 15:40:13 Image size of job updated: 263752
	185  -  MemoryUsage of job (MB)
	189052  -  ResidentSetSize of job (KB)
...
006 (1877872.029.000) 07/19 15:40:18 Image size of job updated: 276104
	187  -  MemoryUsage of job (MB)
	191488  -  ResidentSetSize of job (KB)
...
006 (1877872.003.000) 07/19 15:40:19 Image size of job updated: 279916
	188  -  MemoryUsage of job (MB)
	192340  -  ResidentSetSize of job (KB)
...
006 (1877872.032.000) 07/19 15:44:41 Image size of job updated: 283236
	192  -  MemoryUsage of job (MB)
	195776  -  ResidentSetSize of job (KB)
...
006 (1877872.007.000) 07/19 15:44:42 Image size of job updated: 196176
	188  -  MemoryUsage of job (MB)
	192304  -  ResidentSetSize of job (KB)
...
006 (1877872.035.000) 07/19 15:44:44 Image size of job updated: 279192
	192  -  MemoryUsage of job (MB)
	195840  -  ResidentSetSize of job (KB)
...
006 (1877872.026.000) 07/19 15:44:46 Image size of job updated: 279312
	190  -  MemoryUsage of job (MB)
	193780  -  ResidentSetSize of job (KB)
...
006 (1877872.001.000) 07/19 15:44:48 Image size of job updated: 279684
	188  -  MemoryUsage of job (MB)
	192112  -  ResidentSetSize of job (KB)
...
006 (1877872.016.000) 07/19 15:44:51 Image size of job updated: 228820
	188  -  MemoryUsage of job (MB)
	192328  -  ResidentSetSize of job (KB)
...
006 (1877872.028.000) 07/19 15:44:53 Image size of job updated: 279568
	188  -  MemoryUsage of job (MB)
	192032  -  ResidentSetSize of job (KB)
...
006 (1877872.011.000) 07/19 15:44:53 Image size of job updated: 276188
	188  -  MemoryUsage of job (MB)
	192436  -  ResidentSetSize of job (KB)
...
006 (1877872.002.000) 07/19 15:45:10 Image size of job updated: 277104
	188  -  MemoryUsage of job (MB)
	192228  -  ResidentSetSize of job (KB)
...
006 (1877872.015.000) 07/19 15:46:11 Image size of job updated: 212712
	188  -  MemoryUsage of job (MB)
	192320  -  ResidentSetSize of job (KB)
...
006 (1877872.017.000) 07/19 15:46:11 Image size of job updated: 196208
	188  -  MemoryUsage of job (MB)
	192324  -  ResidentSetSize of job (KB)
...
006 (1877872.013.000) 07/19 15:46:11 Image size of job updated: 278736
	188  -  MemoryUsage of job (MB)
	192384  -  ResidentSetSize of job (KB)
...
006 (1877872.000.000) 07/19 15:46:11 Image size of job updated: 258696
	188  -  MemoryUsage of job (MB)
	192240  -  ResidentSetSize of job (KB)
...
006 (1877872.020.000) 07/19 15:46:11 Image size of job updated: 196720
	188  -  MemoryUsage of job (MB)
	192212  -  ResidentSetSize of job (KB)
...
006 (1877872.005.000) 07/19 15:46:11 Image size of job updated: 277580
	188  -  MemoryUsage of job (MB)
	192200  -  ResidentSetSize of job (KB)
...
006 (1877872.009.000) 07/19 15:46:11 Image size of job updated: 275000
	188  -  MemoryUsage of job (MB)
	192332  -  ResidentSetSize of job (KB)
...
006 (1877872.010.000) 07/19 15:46:12 Image size of job updated: 279348
	188  -  MemoryUsage of job (MB)
	192100  -  ResidentSetSize of job (KB)
...
006 (1877872.019.000) 07/19 15:46:12 Image size of job updated: 279696
	188  -  MemoryUsage of job (MB)
	192124  -  ResidentSetSize of job (KB)
...
006 (1877872.018.000) 07/19 15:46:12 Image size of job updated: 279472
	188  -  MemoryUsage of job (MB)
	192308  -  ResidentSetSize of job (KB)
...
006 (1877872.024.000) 07/19 15:46:12 Image size of job updated: 196504
	189  -  MemoryUsage of job (MB)
	193300  -  ResidentSetSize of job (KB)
...
006 (1877872.008.000) 07/19 15:46:12 Image size of job updated: 277820
	188  -  MemoryUsage of job (MB)
	192272  -  ResidentSetSize of job (KB)
...
006 (1877872.034.000) 07/19 15:46:13 Image size of job updated: 263752
	188  -  MemoryUsage of job (MB)
	192044  -  ResidentSetSize of job (KB)
...
006 (1877872.004.000) 07/19 15:46:13 Image size of job updated: 279656
	188  -  MemoryUsage of job (MB)
	192264  -  ResidentSetSize of job (KB)
...
006 (1877872.031.000) 07/19 15:46:13 Image size of job updated: 275660
	187  -  MemoryUsage of job (MB)
	191328  -  ResidentSetSize of job (KB)
...
006 (1877872.014.000) 07/19 15:46:13 Image size of job updated: 277324
	188  -  MemoryUsage of job (MB)
	192428  -  ResidentSetSize of job (KB)
...
006 (1877872.012.000) 07/19 15:46:13 Image size of job updated: 279896
	188  -  MemoryUsage of job (MB)
	192320  -  ResidentSetSize of job (KB)
...
006 (1877872.006.000) 07/19 15:46:13 Image size of job updated: 277540
	188  -  MemoryUsage of job (MB)
	192044  -  ResidentSetSize of job (KB)
...
006 (1877872.027.000) 07/19 15:46:14 Image size of job updated: 280428
	189  -  MemoryUsage of job (MB)
	192860  -  ResidentSetSize of job (KB)
...
006 (1877872.033.000) 07/19 15:46:14 Image size of job updated: 276584
	188  -  MemoryUsage of job (MB)
	191760  -  ResidentSetSize of job (KB)
...
006 (1877872.023.000) 07/19 15:46:15 Image size of job updated: 279296
	188  -  MemoryUsage of job (MB)
	192160  -  ResidentSetSize of job (KB)
...
006 (1877872.021.000) 07/19 15:46:15 Image size of job updated: 196372
	188  -  MemoryUsage of job (MB)
	192236  -  ResidentSetSize of job (KB)
...
006 (1877872.030.000) 07/19 15:46:15 Image size of job updated: 276656
	187  -  MemoryUsage of job (MB)
	191356  -  ResidentSetSize of job (KB)
...
006 (1877872.025.000) 07/19 15:46:16 Image size of job updated: 196436
	188  -  MemoryUsage of job (MB)
	192200  -  ResidentSetSize of job (KB)
...
006 (1877872.022.000) 07/19 15:46:17 Image size of job updated: 279868
	188  -  MemoryUsage of job (MB)
	192288  -  ResidentSetSize of job (KB)
...
006 (1877872.029.000) 07/19 15:46:53 Image size of job updated: 276104
	189  -  MemoryUsage of job (MB)
	193216  -  ResidentSetSize of job (KB)
...
006 (1877872.003.000) 07/19 15:46:54 Image size of job updated: 279944
	188  -  MemoryUsage of job (MB)
	192368  -  ResidentSetSize of job (KB)
...
006 (1877872.015.000) 07/19 15:48:54 Image size of job updated: 212712
	189  -  MemoryUsage of job (MB)
	193388  -  ResidentSetSize of job (KB)
...
005 (1877872.015.000) 07/19 15:48:55 Job terminated.
	(1) Normal termination (return value 0)
		Usr 0 00:17:57, Sys 0 00:00:21  -  Run Remote Usage
		Usr 0 00:00:00, Sys 0 00:00:00  -  Run Local Usage
		Usr 0 00:17:57, Sys 0 00:00:21  -  Total Remote Usage
		Usr 0 00:00:00, Sys 0 00:00:00  -  Total Local Usage
	0  -  Run Bytes Sent By Job
	0  -  Run Bytes Received By Job
	0  -  Total Bytes Sent By Job
	0  -  Total Bytes Received By Job
	Partitionable Resources :    Usage  Request Allocated 
	   Cpus                 :     0.98        1         1 
	   Disk (KB)            :     1    10752000  11363285 
	   Memory (MB)          :   189       10240     10240 
...
006 (1877872.032.000) 07/19 15:49:17 Image size of job updated: 283236
	192  -  MemoryUsage of job (MB)
	195796  -  ResidentSetSize of job (KB)
...
006 (1877872.022.000) 07/19 15:49:25 Image size of job updated: 279868
	188  -  MemoryUsage of job (MB)
	192300  -  ResidentSetSize of job (KB)
...
005 (1877872.022.000) 07/19 15:49:25 Job terminated.
	(1) Normal termination (return value 0)
		Usr 0 00:18:15, Sys 0 00:00:22  -  Run Remote Usage
		Usr 0 00:00:00, Sys 0 00:00:00  -  Run Local Usage
		Usr 0 00:18:15, Sys 0 00:00:22  -  Total Remote Usage
		Usr 0 00:00:00, Sys 0 00:00:00  -  Total Local Usage
	0  -  Run Bytes Sent By Job
	0  -  Run Bytes Received By Job
	0  -  Total Bytes Sent By Job
	0  -  Total Bytes Received By Job
	Partitionable Resources :    Usage  Request Allocated 
	   Cpus                 :     0.95        1         1 
	   Disk (KB)            :     1    10752000  11379186 
	   Memory (MB)          :   188       10240     10240 
...
006 (1877872.016.000) 07/19 15:49:26 Image size of job updated: 228820
	188  -  MemoryUsage of job (MB)
	192376  -  ResidentSetSize of job (KB)
...
006 (1877872.026.000) 07/19 15:49:27 Image size of job updated: 279312
	190  -  MemoryUsage of job (MB)
	194444  -  ResidentSetSize of job (KB)
...
006 (1877872.007.000) 07/19 15:49:28 Image size of job updated: 196176
	188  -  MemoryUsage of job (MB)
	192316  -  ResidentSetSize of job (KB)
...
006 (1877872.001.000) 07/19 15:49:29 Image size of job updated: 279684
	189  -  MemoryUsage of job (MB)
	193296  -  ResidentSetSize of job (KB)
...
005 (1877872.011.000) 07/19 15:49:53 Job terminated.
	(1) Normal termination (return value 0)
		Usr 0 00:18:22, Sys 0 00:00:22  -  Run Remote Usage
		Usr 0 00:00:00, Sys 0 00:00:00  -  Run Local Usage
		Usr 0 00:18:22, Sys 0 00:00:22  -  Total Remote Usage
		Usr 0 00:00:00, Sys 0 00:00:00  -  Total Local Usage
	0  -  Run Bytes Sent By Job
	0  -  Run Bytes Received By Job
	0  -  Total Bytes Sent By Job
	0  -  Total Bytes Received By Job
	Partitionable Resources :    Usage  Request Allocated 
	   Cpus                 :     0.94        1         1 
	   Disk (KB)            :     1    10752000  11294581 
	   Memory (MB)          :   188       10240     10240 
...
006 (1877872.028.000) 07/19 15:49:55 Image size of job updated: 281480
	190  -  MemoryUsage of job (MB)
	193944  -  ResidentSetSize of job (KB)
...
006 (1877872.031.000) 07/19 15:50:13 Image size of job updated: 275660
	189  -  MemoryUsage of job (MB)
	193480  -  ResidentSetSize of job (KB)
...
006 (1877872.034.000) 07/19 15:50:14 Image size of job updated: 263752
	189  -  MemoryUsage of job (MB)
	193176  -  ResidentSetSize of job (KB)
...
006 (1877872.004.000) 07/19 15:50:14 Image size of job updated: 279656
	188  -  MemoryUsage of job (MB)
	192276  -  ResidentSetSize of job (KB)
...
006 (1877872.008.000) 07/19 15:50:27 Image size of job updated: 277928
	188  -  MemoryUsage of job (MB)
	192376  -  ResidentSetSize of job (KB)
...
005 (1877872.008.000) 07/19 15:50:28 Job terminated.
	(1) Normal termination (return value 0)
		Usr 0 00:18:47, Sys 0 00:00:21  -  Run Remote Usage
		Usr 0 00:00:00, Sys 0 00:00:00  -  Run Local Usage
		Usr 0 00:18:47, Sys 0 00:00:21  -  Total Remote Usage
		Usr 0 00:00:00, Sys 0 00:00:00  -  Total Local Usage
	0  -  Run Bytes Sent By Job
	0  -  Run Bytes Received By Job
	0  -  Total Bytes Sent By Job
	0  -  Total Bytes Received By Job
	Partitionable Resources :    Usage  Request Allocated 
	   Cpus                 :     0.90        1         1 
	   Disk (KB)            :     1    10752000  11388837 
	   Memory (MB)          :   188       10240     10240 
...
006 (1877872.005.000) 07/19 15:51:01 Image size of job updated: 277580
	188  -  MemoryUsage of job (MB)
	192260  -  ResidentSetSize of job (KB)
...
005 (1877872.005.000) 07/19 15:51:01 Job terminated.
	(1) Normal termination (return value 0)
		Usr 0 00:19:33, Sys 0 00:00:26  -  Run Remote Usage
		Usr 0 00:00:00, Sys 0 00:00:00  -  Run Local Usage
		Usr 0 00:19:33, Sys 0 00:00:26  -  Total Remote Usage
		Usr 0 00:00:00, Sys 0 00:00:00  -  Total Local Usage
	0  -  Run Bytes Sent By Job
	0  -  Run Bytes Received By Job
	0  -  Total Bytes Sent By Job
	0  -  Total Bytes Received By Job
	Partitionable Resources :    Usage  Request Allocated 
	   Cpus                 :     0.82        1         1 
	   Disk (KB)            :     1    10752000  11348028 
	   Memory (MB)          :   188       10240     10240 
...
006 (1877872.002.000) 07/19 15:51:21 Image size of job updated: 277104
	188  -  MemoryUsage of job (MB)
	192340  -  ResidentSetSize of job (KB)
...
006 (1877872.000.000) 07/19 15:51:22 Image size of job updated: 258696
	188  -  MemoryUsage of job (MB)
	192296  -  ResidentSetSize of job (KB)
...
005 (1877872.000.000) 07/19 15:51:22 Job terminated.
	(1) Normal termination (return value 0)
		Usr 0 00:19:54, Sys 0 00:00:30  -  Run Remote Usage
		Usr 0 00:00:00, Sys 0 00:00:00  -  Run Local Usage
		Usr 0 00:19:54, Sys 0 00:00:30  -  Total Remote Usage
		Usr 0 00:00:00, Sys 0 00:00:00  -  Total Local Usage
	0  -  Run Bytes Sent By Job
	0  -  Run Bytes Received By Job
	0  -  Total Bytes Sent By Job
	0  -  Total Bytes Received By Job
	Partitionable Resources :    Usage  Request Allocated 
	   Cpus                 :     0.81        1         1 
	   Disk (KB)            :     1    10752000  11312376 
	   Memory (MB)          :   188       10240     10240 
...
005 (1877872.025.000) 07/19 15:51:30 Job terminated.
	(1) Normal termination (return value 0)
		Usr 0 00:19:05, Sys 0 00:00:28  -  Run Remote Usage
		Usr 0 00:00:00, Sys 0 00:00:00  -  Run Local Usage
		Usr 0 00:19:05, Sys 0 00:00:28  -  Total Remote Usage
		Usr 0 00:00:00, Sys 0 00:00:00  -  Total Local Usage
	0  -  Run Bytes Sent By Job
	0  -  Run Bytes Received By Job
	0  -  Total Bytes Sent By Job
	0  -  Total Bytes Received By Job
	Partitionable Resources :    Usage  Request Allocated 
	   Cpus                 :     0.93        1         1 
	   Disk (KB)            :     1    10752000  11332100 
	   Memory (MB)          :   188       10240     10240 
...
006 (1877872.029.000) 07/19 15:51:39 Image size of job updated: 276104
	192  -  MemoryUsage of job (MB)
	195772  -  ResidentSetSize of job (KB)
...
005 (1877872.002.000) 07/19 15:52:10 Job terminated.
	(1) Normal termination (return value 0)
		Usr 0 00:19:39, Sys 0 00:00:29  -  Run Remote Usage
		Usr 0 00:00:00, Sys 0 00:00:00  -  Run Local Usage
		Usr 0 00:19:39, Sys 0 00:00:29  -  Total Remote Usage
		Usr 0 00:00:00, Sys 0 00:00:00  -  Total Local Usage
	0  -  Run Bytes Sent By Job
	0  -  Run Bytes Received By Job
	0  -  Total Bytes Sent By Job
	0  -  Total Bytes Received By Job
	Partitionable Resources :    Usage  Request Allocated 
	   Cpus                 :     0.99        1         1 
	   Disk (KB)            :     1    10752000  11344140 
	   Memory (MB)          :   188       10240     10240 
...
005 (1877872.004.000) 07/19 15:53:06 Job terminated.
	(1) Normal termination (return value 0)
		Usr 0 00:18:49, Sys 0 00:00:23  -  Run Remote Usage
		Usr 0 00:00:00, Sys 0 00:00:00  -  Run Local Usage
		Usr 0 00:18:49, Sys 0 00:00:23  -  Total Remote Usage
		Usr 0 00:00:00, Sys 0 00:00:00  -  Total Local Usage
	0  -  Run Bytes Sent By Job
	0  -  Run Bytes Received By Job
	0  -  Total Bytes Sent By Job
	0  -  Total Bytes Received By Job
	Partitionable Resources :    Usage  Request Allocated 
	   Cpus                 :     0.95        1         1 
	   Disk (KB)            :     1    10752000  11298603 
	   Memory (MB)          :   188       10240     10240 
...
006 (1877872.024.000) 07/19 15:53:18 Image size of job updated: 196504
	189  -  MemoryUsage of job (MB)
	193328  -  ResidentSetSize of job (KB)
...
005 (1877872.024.000) 07/19 15:53:18 Job terminated.
	(1) Normal termination (return value 0)
		Usr 0 00:21:22, Sys 0 00:00:29  -  Run Remote Usage
		Usr 0 00:00:00, Sys 0 00:00:00  -  Run Local Usage
		Usr 0 00:21:22, Sys 0 00:00:29  -  Total Remote Usage
		Usr 0 00:00:00, Sys 0 00:00:00  -  Total Local Usage
	0  -  Run Bytes Sent By Job
	0  -  Run Bytes Received By Job
	0  -  Total Bytes Sent By Job
	0  -  Total Bytes Received By Job
	Partitionable Resources :    Usage  Request Allocated 
	   Cpus                 :     0.95        1         1 
	   Disk (KB)            :     1    10752000  10909399 
	   Memory (MB)          :   189       10240     10240 
...
005 (1877872.014.000) 07/19 15:53:28 Job terminated.
	(1) Normal termination (return value 0)
		Usr 0 00:21:34, Sys 0 00:00:28  -  Run Remote Usage
		Usr 0 00:00:00, Sys 0 00:00:00  -  Run Local Usage
		Usr 0 00:21:34, Sys 0 00:00:28  -  Total Remote Usage
		Usr 0 00:00:00, Sys 0 00:00:00  -  Total Local Usage
	0  -  Run Bytes Sent By Job
	0  -  Run Bytes Received By Job
	0  -  Total Bytes Sent By Job
	0  -  Total Bytes Received By Job
	Partitionable Resources :    Usage  Request Allocated 
	   Cpus                 :     0.83        1         1 
	   Disk (KB)            :     1    10752000  10946608 
	   Memory (MB)          :   188       10240     10240 
...
006 (1877872.021.000) 07/19 15:53:28 Image size of job updated: 196372
	188  -  MemoryUsage of job (MB)
	192404  -  ResidentSetSize of job (KB)
...
005 (1877872.021.000) 07/19 15:53:28 Job terminated.
	(1) Normal termination (return value 0)
		Usr 0 00:21:35, Sys 0 00:00:27  -  Run Remote Usage
		Usr 0 00:00:00, Sys 0 00:00:00  -  Run Local Usage
		Usr 0 00:21:35, Sys 0 00:00:27  -  Total Remote Usage
		Usr 0 00:00:00, Sys 0 00:00:00  -  Total Local Usage
	0  -  Run Bytes Sent By Job
	0  -  Run Bytes Received By Job
	0  -  Total Bytes Sent By Job
	0  -  Total Bytes Received By Job
	Partitionable Resources :    Usage  Request Allocated 
	   Cpus                 :     0.76        1         1 
	   Disk (KB)            :     1    10752000  10934873 
	   Memory (MB)          :   188       10240     10240 
...
005 (1877872.009.000) 07/19 15:53:30 Job terminated.
	(1) Normal termination (return value 0)
		Usr 0 00:21:47, Sys 0 00:00:29  -  Run Remote Usage
		Usr 0 00:00:00, Sys 0 00:00:00  -  Run Local Usage
		Usr 0 00:21:47, Sys 0 00:00:29  -  Total Remote Usage
		Usr 0 00:00:00, Sys 0 00:00:00  -  Total Local Usage
	0  -  Run Bytes Sent By Job
	0  -  Run Bytes Received By Job
	0  -  Total Bytes Sent By Job
	0  -  Total Bytes Received By Job
	Partitionable Resources :    Usage  Request Allocated 
	   Cpus                 :     0.90        1         1 
	   Disk (KB)            :     1    10752000  11018629 
	   Memory (MB)          :   188       10240     10240 
...
006 (1877872.012.000) 07/19 15:53:31 Image size of job updated: 281084
	188  -  MemoryUsage of job (MB)
	192356  -  ResidentSetSize of job (KB)
...
005 (1877872.012.000) 07/19 15:53:31 Job terminated.
	(1) Normal termination (return value 0)
		Usr 0 00:21:23, Sys 0 00:00:27  -  Run Remote Usage
		Usr 0 00:00:00, Sys 0 00:00:00  -  Run Local Usage
		Usr 0 00:21:23, Sys 0 00:00:27  -  Total Remote Usage
		Usr 0 00:00:00, Sys 0 00:00:00  -  Total Local Usage
	0  -  Run Bytes Sent By Job
	0  -  Run Bytes Received By Job
	0  -  Total Bytes Sent By Job
	0  -  Total Bytes Received By Job
	Partitionable Resources :    Usage  Request Allocated 
	   Cpus                 :     0.70        1         1 
	   Disk (KB)            :     1    10752000  10945824 
	   Memory (MB)          :   188       10240     10240 
...
005 (1877872.016.000) 07/19 15:53:33 Job terminated.
	(1) Normal termination (return value 0)
		Usr 0 00:21:24, Sys 0 00:00:32  -  Run Remote Usage
		Usr 0 00:00:00, Sys 0 00:00:00  -  Run Local Usage
		Usr 0 00:21:24, Sys 0 00:00:32  -  Total Remote Usage
		Usr 0 00:00:00, Sys 0 00:00:00  -  Total Local Usage
	0  -  Run Bytes Sent By Job
	0  -  Run Bytes Received By Job
	0  -  Total Bytes Sent By Job
	0  -  Total Bytes Received By Job
	Partitionable Resources :    Usage  Request Allocated 
	   Cpus                 :     0.78        1         1 
	   Disk (KB)            :     1    10752000  10966979 
	   Memory (MB)          :   188       10240     10240 
...
005 (1877872.020.000) 07/19 15:53:33 Job terminated.
	(1) Normal termination (return value 0)
		Usr 0 00:21:37, Sys 0 00:00:28  -  Run Remote Usage
		Usr 0 00:00:00, Sys 0 00:00:00  -  Run Local Usage
		Usr 0 00:21:37, Sys 0 00:00:28  -  Total Remote Usage
		Usr 0 00:00:00, Sys 0 00:00:00  -  Total Local Usage
	0  -  Run Bytes Sent By Job
	0  -  Run Bytes Received By Job
	0  -  Total Bytes Sent By Job
	0  -  Total Bytes Received By Job
	Partitionable Resources :    Usage  Request Allocated 
	   Cpus                 :     0.97        1         1 
	   Disk (KB)            :     1    10752000  10908168 
	   Memory (MB)          :   188       10240     10240 
...
006 (1877872.006.000) 07/19 15:53:44 Image size of job updated: 277540
	189  -  MemoryUsage of job (MB)
	193268  -  ResidentSetSize of job (KB)
...
005 (1877872.006.000) 07/19 15:53:44 Job terminated.
	(1) Normal termination (return value 0)
		Usr 0 00:22:14, Sys 0 00:00:28  -  Run Remote Usage
		Usr 0 00:00:00, Sys 0 00:00:00  -  Run Local Usage
		Usr 0 00:22:14, Sys 0 00:00:28  -  Total Remote Usage
		Usr 0 00:00:00, Sys 0 00:00:00  -  Total Local Usage
	0  -  Run Bytes Sent By Job
	0  -  Run Bytes Received By Job
	0  -  Total Bytes Sent By Job
	0  -  Total Bytes Received By Job
	Partitionable Resources :    Usage  Request Allocated 
	   Cpus                 :     0.61        1         1 
	   Disk (KB)            :     1    10752000  10958653 
	   Memory (MB)          :   189       10240     10240 
...
005 (1877872.007.000) 07/19 15:53:55 Job terminated.
	(1) Normal termination (return value 0)
		Usr 0 00:21:42, Sys 0 00:00:33  -  Run Remote Usage
		Usr 0 00:00:00, Sys 0 00:00:00  -  Run Local Usage
		Usr 0 00:21:42, Sys 0 00:00:33  -  Total Remote Usage
		Usr 0 00:00:00, Sys 0 00:00:00  -  Total Local Usage
	0  -  Run Bytes Sent By Job
	0  -  Run Bytes Received By Job
	0  -  Total Bytes Sent By Job
	0  -  Total Bytes Received By Job
	Partitionable Resources :    Usage  Request Allocated 
	   Cpus                 :     0.70        1         1 
	   Disk (KB)            :     1    10752000  10937738 
	   Memory (MB)          :   188       10240     10240 
...
006 (1877872.023.000) 07/19 15:53:59 Image size of job updated: 279296
	188  -  MemoryUsage of job (MB)
	192248  -  ResidentSetSize of job (KB)
...
005 (1877872.023.000) 07/19 15:53:59 Job terminated.
	(1) Normal termination (return value 0)
		Usr 0 00:21:31, Sys 0 00:00:29  -  Run Remote Usage
		Usr 0 00:00:00, Sys 0 00:00:00  -  Run Local Usage
		Usr 0 00:21:31, Sys 0 00:00:29  -  Total Remote Usage
		Usr 0 00:00:00, Sys 0 00:00:00  -  Total Local Usage
	0  -  Run Bytes Sent By Job
	0  -  Run Bytes Received By Job
	0  -  Total Bytes Sent By Job
	0  -  Total Bytes Received By Job
	Partitionable Resources :    Usage  Request Allocated 
	   Cpus                 :     0.77        1         1 
	   Disk (KB)            :     1    10752000  10972757 
	   Memory (MB)          :   188       10240     10240 
...
006 (1877872.018.000) 07/19 15:53:59 Image size of job updated: 279480
	188  -  MemoryUsage of job (MB)
	192316  -  ResidentSetSize of job (KB)
...
005 (1877872.018.000) 07/19 15:53:59 Job terminated.
	(1) Normal termination (return value 0)
		Usr 0 00:21:39, Sys 0 00:00:28  -  Run Remote Usage
		Usr 0 00:00:00, Sys 0 00:00:00  -  Run Local Usage
		Usr 0 00:21:39, Sys 0 00:00:28  -  Total Remote Usage
		Usr 0 00:00:00, Sys 0 00:00:00  -  Total Local Usage
	0  -  Run Bytes Sent By Job
	0  -  Run Bytes Received By Job
	0  -  Total Bytes Sent By Job
	0  -  Total Bytes Received By Job
	Partitionable Resources :    Usage  Request Allocated 
	   Cpus                 :     0.92        1         1 
	   Disk (KB)            :     1    10752000  10957985 
	   Memory (MB)          :   188       10240     10240 
...
006 (1877872.019.000) 07/19 15:54:02 Image size of job updated: 279696
	189  -  MemoryUsage of job (MB)
	193320  -  ResidentSetSize of job (KB)
...
005 (1877872.019.000) 07/19 15:54:03 Job terminated.
	(1) Normal termination (return value 0)
		Usr 0 00:21:31, Sys 0 00:00:28  -  Run Remote Usage
		Usr 0 00:00:00, Sys 0 00:00:00  -  Run Local Usage
		Usr 0 00:21:31, Sys 0 00:00:28  -  Total Remote Usage
		Usr 0 00:00:00, Sys 0 00:00:00  -  Total Local Usage
	0  -  Run Bytes Sent By Job
	0  -  Run Bytes Received By Job
	0  -  Total Bytes Sent By Job
	0  -  Total Bytes Received By Job
	Partitionable Resources :    Usage  Request Allocated 
	   Cpus                 :     0.84        1         1 
	   Disk (KB)            :     1    10752000  10926725 
	   Memory (MB)          :   189       10240     10240 
...
005 (1877872.017.000) 07/19 15:54:18 Job terminated.
	(1) Normal termination (return value 0)
		Usr 0 00:21:55, Sys 0 00:00:30  -  Run Remote Usage
		Usr 0 00:00:00, Sys 0 00:00:00  -  Run Local Usage
		Usr 0 00:21:55, Sys 0 00:00:30  -  Total Remote Usage
		Usr 0 00:00:00, Sys 0 00:00:00  -  Total Local Usage
	0  -  Run Bytes Sent By Job
	0  -  Run Bytes Received By Job
	0  -  Total Bytes Sent By Job
	0  -  Total Bytes Received By Job
	Partitionable Resources :    Usage  Request Allocated 
	   Cpus                 :     0.96        1         1 
	   Disk (KB)            :     1    10752000  10850959 
	   Memory (MB)          :   188       10240     10240 
...
005 (1877872.003.000) 07/19 15:54:24 Job terminated.
	(1) Normal termination (return value 0)
		Usr 0 00:19:42, Sys 0 00:00:28  -  Run Remote Usage
		Usr 0 00:00:00, Sys 0 00:00:00  -  Run Local Usage
		Usr 0 00:19:42, Sys 0 00:00:28  -  Total Remote Usage
		Usr 0 00:00:00, Sys 0 00:00:00  -  Total Local Usage
	0  -  Run Bytes Sent By Job
	0  -  Run Bytes Received By Job
	0  -  Total Bytes Sent By Job
	0  -  Total Bytes Received By Job
	Partitionable Resources :    Usage  Request Allocated 
	   Cpus                 :     0.93        1         1 
	   Disk (KB)            :     1    10752000  11320741 
	   Memory (MB)          :   188       10240     10240 
...
006 (1877872.026.000) 07/19 15:54:27 Image size of job updated: 279312
	192  -  MemoryUsage of job (MB)
	195688  -  ResidentSetSize of job (KB)
...
006 (1877872.001.000) 07/19 15:54:30 Image size of job updated: 279684
	189  -  MemoryUsage of job (MB)
	193304  -  ResidentSetSize of job (KB)
...
006 (1877872.010.000) 07/19 15:54:36 Image size of job updated: 279348
	188  -  MemoryUsage of job (MB)
	192372  -  ResidentSetSize of job (KB)
...
005 (1877872.010.000) 07/19 15:54:41 Job terminated.
	(1) Normal termination (return value 0)
		Usr 0 00:22:22, Sys 0 00:00:30  -  Run Remote Usage
		Usr 0 00:00:00, Sys 0 00:00:00  -  Run Local Usage
		Usr 0 00:22:22, Sys 0 00:00:30  -  Total Remote Usage
		Usr 0 00:00:00, Sys 0 00:00:00  -  Total Local Usage
	0  -  Run Bytes Sent By Job
	0  -  Run Bytes Received By Job
	0  -  Total Bytes Sent By Job
	0  -  Total Bytes Received By Job
	Partitionable Resources :    Usage  Request Allocated 
	   Cpus                 :     0.95        1         1 
	   Disk (KB)            :     1    10752000  10968718 
	   Memory (MB)          :   188       10240     10240 
...
006 (1877872.028.000) 07/19 15:54:55 Image size of job updated: 281764
	190  -  MemoryUsage of job (MB)
	194228  -  ResidentSetSize of job (KB)
...
006 (1877872.013.000) 07/19 15:55:02 Image size of job updated: 278736
	188  -  MemoryUsage of job (MB)
	192408  -  ResidentSetSize of job (KB)
...
006 (1877872.031.000) 07/19 15:55:14 Image size of job updated: 275660
	190  -  MemoryUsage of job (MB)
	193956  -  ResidentSetSize of job (KB)
...
006 (1877872.034.000) 07/19 15:55:15 Image size of job updated: 263752
	192  -  MemoryUsage of job (MB)
	195632  -  ResidentSetSize of job (KB)
...
006 (1877872.030.000) 07/19 15:55:25 Image size of job updated: 276656
	192  -  MemoryUsage of job (MB)
	195800  -  ResidentSetSize of job (KB)
...
006 (1877872.033.000) 07/19 15:55:35 Image size of job updated: 276584
	191  -  MemoryUsage of job (MB)
	194572  -  ResidentSetSize of job (KB)
...
006 (1877872.027.000) 07/19 15:55:35 Image size of job updated: 280428
	191  -  MemoryUsage of job (MB)
	194952  -  ResidentSetSize of job (KB)
...
005 (1877872.013.000) 07/19 15:55:39 Job terminated.
	(1) Normal termination (return value 0)
		Usr 0 00:23:15, Sys 0 00:00:35  -  Run Remote Usage
		Usr 0 00:00:00, Sys 0 00:00:00  -  Run Local Usage
		Usr 0 00:23:15, Sys 0 00:00:35  -  Total Remote Usage
		Usr 0 00:00:00, Sys 0 00:00:00  -  Total Local Usage
	0  -  Run Bytes Sent By Job
	0  -  Run Bytes Received By Job
	0  -  Total Bytes Sent By Job
	0  -  Total Bytes Received By Job
	Partitionable Resources :    Usage  Request Allocated 
	   Cpus                 :     0.96        1         1 
	   Disk (KB)            :     1    10752000  10908196 
	   Memory (MB)          :   188       10240     10240 
...
006 (1877872.029.000) 07/19 15:56:40 Image size of job updated: 276104
	193  -  MemoryUsage of job (MB)
	197272  -  ResidentSetSize of job (KB)
...
006 (1877872.026.000) 07/19 15:59:28 Image size of job updated: 279312
	192  -  MemoryUsage of job (MB)
	195720  -  ResidentSetSize of job (KB)
...
006 (1877872.031.000) 07/19 16:00:14 Image size of job updated: 275660
	192  -  MemoryUsage of job (MB)
	195684  -  ResidentSetSize of job (KB)
...
006 (1877872.034.000) 07/19 16:00:15 Image size of job updated: 263752
	192  -  MemoryUsage of job (MB)
	195644  -  ResidentSetSize of job (KB)
...
006 (1877872.028.000) 07/19 16:04:54 Image size of job updated: 281764
	190  -  MemoryUsage of job (MB)
	194344  -  ResidentSetSize of job (KB)
...
006 (1877872.034.000) 07/19 16:05:35 Image size of job updated: 263752
	192  -  MemoryUsage of job (MB)
	195900  -  ResidentSetSize of job (KB)
...
006 (1877872.033.000) 07/19 16:05:38 Image size of job updated: 276584
	191  -  MemoryUsage of job (MB)
	194716  -  ResidentSetSize of job (KB)
...
006 (1877872.027.000) 07/19 16:05:44 Image size of job updated: 280428
	191  -  MemoryUsage of job (MB)
	195408  -  ResidentSetSize of job (KB)
...
005 (1877872.001.000) 07/19 16:05:52 Job terminated.
	(1) Normal termination (return value 0)
		Usr 0 00:26:00, Sys 0 00:00:31  -  Run Remote Usage
		Usr 0 00:00:00, Sys 0 00:00:00  -  Run Local Usage
		Usr 0 00:26:00, Sys 0 00:00:31  -  Total Remote Usage
		Usr 0 00:00:00, Sys 0 00:00:00  -  Total Local Usage
	0  -  Run Bytes Sent By Job
	0  -  Run Bytes Received By Job
	0  -  Total Bytes Sent By Job
	0  -  Total Bytes Received By Job
	Partitionable Resources :    Usage  Request Allocated 
	   Cpus                 :     0.80        1         1 
	   Disk (KB)            :     1    10752000  11315323 
	   Memory (MB)          :   189       10240     10240 
...
006 (1877872.031.000) 07/19 16:15:15 Image size of job updated: 275660
	192  -  MemoryUsage of job (MB)
	195732  -  ResidentSetSize of job (KB)
...
006 (1877872.033.000) 07/19 16:17:47 Image size of job updated: 276584
	192  -  MemoryUsage of job (MB)
	195824  -  ResidentSetSize of job (KB)
...
006 (1877872.027.000) 07/19 16:18:12 Image size of job updated: 280428
	192  -  MemoryUsage of job (MB)
	195648  -  ResidentSetSize of job (KB)
...
006 (1877872.031.000) 07/19 16:20:16 Image size of job updated: 275660
	192  -  MemoryUsage of job (MB)
	195752  -  ResidentSetSize of job (KB)
...
006 (1877872.034.000) 07/19 16:20:17 Image size of job updated: 263752
	192  -  MemoryUsage of job (MB)
	195948  -  ResidentSetSize of job (KB)
...
006 (1877872.028.000) 07/19 16:21:39 Image size of job updated: 281764
	191  -  MemoryUsage of job (MB)
	194640  -  ResidentSetSize of job (KB)
...
006 (1877872.026.000) 07/19 16:24:31 Image size of job updated: 279312
	192  -  MemoryUsage of job (MB)
	195920  -  ResidentSetSize of job (KB)
...
006 (1877872.034.000) 07/19 16:25:35 Image size of job updated: 263752
	192  -  MemoryUsage of job (MB)
	195964  -  ResidentSetSize of job (KB)
...
006 (1877872.027.000) 07/19 16:27:17 Image size of job updated: 280428
	192  -  MemoryUsage of job (MB)
	196012  -  ResidentSetSize of job (KB)
...
006 (1877872.030.000) 07/19 16:28:15 Image size of job updated: 276656
	193  -  MemoryUsage of job (MB)
	197324  -  ResidentSetSize of job (KB)
...
006 (1877872.032.000) 07/19 16:29:23 Image size of job updated: 283236
	192  -  MemoryUsage of job (MB)
	195820  -  ResidentSetSize of job (KB)
...
006 (1877872.033.000) 07/19 16:31:55 Image size of job updated: 276584
	192  -  MemoryUsage of job (MB)
	195852  -  ResidentSetSize of job (KB)
...
006 (1877872.031.000) 07/19 16:35:17 Image size of job updated: 275660
	192  -  MemoryUsage of job (MB)
	195804  -  ResidentSetSize of job (KB)
...
006 (1877872.034.000) 07/19 16:35:19 Image size of job updated: 263752
	194  -  MemoryUsage of job (MB)
	198212  -  ResidentSetSize of job (KB)
...
006 (1877872.028.000) 07/19 16:35:40 Image size of job updated: 281764
	191  -  MemoryUsage of job (MB)
	194712  -  ResidentSetSize of job (KB)
...
006 (1877872.035.000) 07/19 16:39:39 Image size of job updated: 279192
	194  -  MemoryUsage of job (MB)
	198224  -  ResidentSetSize of job (KB)
...
006 (1877872.028.000) 07/19 16:44:19 Image size of job updated: 281764
	191  -  MemoryUsage of job (MB)
	194736  -  ResidentSetSize of job (KB)
...
006 (1877872.032.000) 07/19 16:44:41 Image size of job updated: 283236
	192  -  MemoryUsage of job (MB)
	195868  -  ResidentSetSize of job (KB)
...
006 (1877872.035.000) 07/19 16:54:28 Image size of job updated: 452496
	194  -  MemoryUsage of job (MB)
	198224  -  ResidentSetSize of job (KB)
...
005 (1877872.035.000) 07/19 16:54:28 Job terminated.
	(1) Normal termination (return value 0)
		Usr 0 01:15:23, Sys 0 00:01:47  -  Run Remote Usage
		Usr 0 00:00:00, Sys 0 00:00:00  -  Run Local Usage
		Usr 0 01:15:23, Sys 0 00:01:47  -  Total Remote Usage
		Usr 0 00:00:00, Sys 0 00:00:00  -  Total Local Usage
	0  -  Run Bytes Sent By Job
	0  -  Run Bytes Received By Job
	0  -  Total Bytes Sent By Job
	0  -  Total Bytes Received By Job
	Partitionable Resources :    Usage  Request Allocated 
	   Cpus                 :     0.94        1         1 
	   Disk (KB)            :     1    10752000  10981881 
	   Memory (MB)          :   194       10240     10240 
...
006 (1877872.028.000) 07/19 16:54:32 Image size of job updated: 281764
	191  -  MemoryUsage of job (MB)
	194764  -  ResidentSetSize of job (KB)
...
006 (1877872.033.000) 07/19 16:57:52 Image size of job updated: 276584
	194  -  MemoryUsage of job (MB)
	198068  -  ResidentSetSize of job (KB)
...
006 (1877872.028.000) 07/19 16:59:33 Image size of job updated: 281764
	192  -  MemoryUsage of job (MB)
	195832  -  ResidentSetSize of job (KB)
...
006 (1877872.028.000) 07/19 17:09:34 Image size of job updated: 281764
	192  -  MemoryUsage of job (MB)
	195844  -  ResidentSetSize of job (KB)
...
006 (1877872.031.000) 07/19 17:11:00 Image size of job updated: 275660
	193  -  MemoryUsage of job (MB)
	196888  -  ResidentSetSize of job (KB)
...
006 (1877872.027.000) 07/19 17:14:33 Image size of job updated: 280428
	194  -  MemoryUsage of job (MB)
	198288  -  ResidentSetSize of job (KB)
...
006 (1877872.031.000) 07/19 17:16:00 Image size of job updated: 275660
	193  -  MemoryUsage of job (MB)
	196976  -  ResidentSetSize of job (KB)
...
006 (1877872.028.000) 07/19 17:19:34 Image size of job updated: 281764
	192  -  MemoryUsage of job (MB)
	195860  -  ResidentSetSize of job (KB)
...
006 (1877872.028.000) 07/19 17:24:35 Image size of job updated: 281764
	194  -  MemoryUsage of job (MB)
	198040  -  ResidentSetSize of job (KB)
...
005 (1877872.029.000) 07/19 17:26:41 Job terminated.
	(1) Normal termination (return value 0)
		Usr 0 01:37:22, Sys 0 00:01:56  -  Run Remote Usage
		Usr 0 00:00:00, Sys 0 00:00:00  -  Run Local Usage
		Usr 0 01:37:22, Sys 0 00:01:56  -  Total Remote Usage
		Usr 0 00:00:00, Sys 0 00:00:00  -  Total Local Usage
	0  -  Run Bytes Sent By Job
	0  -  Run Bytes Received By Job
	0  -  Total Bytes Sent By Job
	0  -  Total Bytes Received By Job
	Partitionable Resources :    Usage  Request Allocated 
	   Cpus                 :     0.92        1         1 
	   Disk (KB)            :     1    10752000  11286704 
	   Memory (MB)          :   193       10240     10240 
...
005 (1877872.026.000) 07/19 17:27:44 Job terminated.
	(1) Normal termination (return value 0)
		Usr 0 01:39:09, Sys 0 00:02:24  -  Run Remote Usage
		Usr 0 00:00:00, Sys 0 00:00:00  -  Run Local Usage
		Usr 0 01:39:09, Sys 0 00:02:24  -  Total Remote Usage
		Usr 0 00:00:00, Sys 0 00:00:00  -  Total Local Usage
	0  -  Run Bytes Sent By Job
	0  -  Run Bytes Received By Job
	0  -  Total Bytes Sent By Job
	0  -  Total Bytes Received By Job
	Partitionable Resources :    Usage  Request Allocated 
	   Cpus                 :     0.93        1         1 
	   Disk (KB)            :     1    10752000  11346976 
	   Memory (MB)          :   192       10240     10240 
...
005 (1877872.033.000) 07/19 17:29:05 Job terminated.
	(1) Normal termination (return value 0)
		Usr 0 01:42:13, Sys 0 00:02:04  -  Run Remote Usage
		Usr 0 00:00:00, Sys 0 00:00:00  -  Run Local Usage
		Usr 0 01:42:13, Sys 0 00:02:04  -  Total Remote Usage
		Usr 0 00:00:00, Sys 0 00:00:00  -  Total Local Usage
	0  -  Run Bytes Sent By Job
	0  -  Run Bytes Received By Job
	0  -  Total Bytes Sent By Job
	0  -  Total Bytes Received By Job
	Partitionable Resources :    Usage  Request Allocated 
	   Cpus                 :     0.76        1         1 
	   Disk (KB)            :     1    10752000  11378865 
	   Memory (MB)          :   194       10240     10240 
...
006 (1877872.031.000) 07/19 17:31:01 Image size of job updated: 275660
	195  -  MemoryUsage of job (MB)
	198668  -  ResidentSetSize of job (KB)
...
005 (1877872.032.000) 07/19 17:36:15 Job terminated.
	(1) Normal termination (return value 0)
		Usr 0 01:44:31, Sys 0 00:02:36  -  Run Remote Usage
		Usr 0 00:00:00, Sys 0 00:00:00  -  Run Local Usage
		Usr 0 01:44:31, Sys 0 00:02:36  -  Total Remote Usage
		Usr 0 00:00:00, Sys 0 00:00:00  -  Total Local Usage
	0  -  Run Bytes Sent By Job
	0  -  Run Bytes Received By Job
	0  -  Total Bytes Sent By Job
	0  -  Total Bytes Received By Job
	Partitionable Resources :    Usage  Request Allocated 
	   Cpus                 :     0.80        1         1 
	   Disk (KB)            :     1    10752000  11334616 
	   Memory (MB)          :   192       10240     10240 
...
006 (1877872.031.000) 07/19 17:43:09 Image size of job updated: 452936
	195  -  MemoryUsage of job (MB)
	198668  -  ResidentSetSize of job (KB)
...
005 (1877872.031.000) 07/19 17:43:09 Job terminated.
	(1) Normal termination (return value 0)
		Usr 0 01:48:17, Sys 0 00:02:39  -  Run Remote Usage
		Usr 0 00:00:00, Sys 0 00:00:00  -  Run Local Usage
		Usr 0 01:48:17, Sys 0 00:02:39  -  Total Remote Usage
		Usr 0 00:00:00, Sys 0 00:00:00  -  Total Local Usage
	0  -  Run Bytes Sent By Job
	0  -  Run Bytes Received By Job
	0  -  Total Bytes Sent By Job
	0  -  Total Bytes Received By Job
	Partitionable Resources :    Usage  Request Allocated 
	   Cpus                 :     0.89        1         1 
	   Disk (KB)            :     1    10752000  11327920 
	   Memory (MB)          :   195       10240     10240 
...
005 (1877872.030.000) 07/19 17:46:39 Job terminated.
	(1) Normal termination (return value 0)
		Usr 0 01:54:28, Sys 0 00:02:28  -  Run Remote Usage
		Usr 0 00:00:00, Sys 0 00:00:00  -  Run Local Usage
		Usr 0 01:54:28, Sys 0 00:02:28  -  Total Remote Usage
		Usr 0 00:00:00, Sys 0 00:00:00  -  Total Local Usage
	0  -  Run Bytes Sent By Job
	0  -  Run Bytes Received By Job
	0  -  Total Bytes Sent By Job
	0  -  Total Bytes Received By Job
	Partitionable Resources :    Usage  Request Allocated 
	   Cpus                 :     0.96        1         1 
	   Disk (KB)            :     1    10752000  10981591 
	   Memory (MB)          :   193       10240     10240 
...
005 (1877872.028.000) 07/19 17:46:40 Job terminated.
	(1) Normal termination (return value 0)
		Usr 0 01:56:04, Sys 0 00:02:36  -  Run Remote Usage
		Usr 0 00:00:00, Sys 0 00:00:00  -  Run Local Usage
		Usr 0 01:56:04, Sys 0 00:02:36  -  Total Remote Usage
		Usr 0 00:00:00, Sys 0 00:00:00  -  Total Local Usage
	0  -  Run Bytes Sent By Job
	0  -  Run Bytes Received By Job
	0  -  Total Bytes Sent By Job
	0  -  Total Bytes Received By Job
	Partitionable Resources :    Usage  Request Allocated 
	   Cpus                 :     0.92        1         1 
	   Disk (KB)            :     1    10752000  10948043 
	   Memory (MB)          :   194       10240     10240 
...
005 (1877872.034.000) 07/19 17:48:20 Job terminated.
	(1) Normal termination (return value 0)
		Usr 0 01:56:27, Sys 0 00:02:49  -  Run Remote Usage
		Usr 0 00:00:00, Sys 0 00:00:00  -  Run Local Usage
		Usr 0 01:56:27, Sys 0 00:02:49  -  Total Remote Usage
		Usr 0 00:00:00, Sys 0 00:00:00  -  Total Local Usage
	0  -  Run Bytes Sent By Job
	0  -  Run Bytes Received By Job
	0  -  Total Bytes Sent By Job
	0  -  Total Bytes Received By Job
	Partitionable Resources :    Usage  Request Allocated 
	   Cpus                 :     0.89        1         1 
	   Disk (KB)            :     1    10752000  11317392 
	   Memory (MB)          :   194       10240     10240 
...
005 (1877872.027.000) 07/19 17:52:23 Job terminated.
	(1) Normal termination (return value 0)
		Usr 0 02:04:01, Sys 0 00:02:48  -  Run Remote Usage
		Usr 0 00:00:00, Sys 0 00:00:00  -  Run Local Usage
		Usr 0 02:04:01, Sys 0 00:02:48  -  Total Remote Usage
		Usr 0 00:00:00, Sys 0 00:00:00  -  Total Local Usage
	0  -  Run Bytes Sent By Job
	0  -  Run Bytes Received By Job
	0  -  Total Bytes Sent By Job
	0  -  Total Bytes Received By Job
	Partitionable Resources :    Usage  Request Allocated 
	   Cpus                 :     0.94        1         1 
	   Disk (KB)            :     1    10752000  10936959 
	   Memory (MB)          :   194       10240     10240 
...
